#
# There is insufficient memory for the Java Runtime Environment to continue.
# Native memory allocation (malloc) failed to allocate 608816 bytes for Chunk::new
# Possible reasons:
#   The system is out of physical RAM or swap space
#   In 32 bit mode, the process size limit was hit
# Possible solutions:
#   Reduce memory load on the system
#   Increase physical memory or swap space
#   Check if swap backing store is full
#   Use 64 bit Java on a 64 bit OS
#   Decrease Java heap size (-Xmx/-Xms)
#   Decrease number of Java threads
#   Decrease Java thread stack sizes (-Xss)
#   Set larger code cache with -XX:ReservedCodeCacheSize=
# This output file may be truncated or incomplete.
#
#  Out of Memory Error (allocation.cpp:390), pid=18540, tid=0x000000000000371c
#
# JRE version: Java(TM) SE Runtime Environment (8.0_144-b01) (build 1.8.0_144-b01)
# Java VM: Java HotSpot(TM) 64-Bit Server VM (25.144-b01 mixed mode windows-amd64 compressed oops)
# Failed to write core dump. Minidumps are not enabled by default on client versions of Windows
#

---------------  T H R E A D  ---------------

Current thread (0x00000000198fe800):  JavaThread "C2 CompilerThread2" daemon [_thread_in_native, id=14108, stack(0x000000001a240000,0x000000001a340000)]

Stack: [0x000000001a240000,0x000000001a340000]
[error occurred during error reporting (printing stack bounds), id 0xc0000005]

Native frames: (J=compiled Java code, j=interpreted, Vv=VM code, C=native code)


Current CompileTask:
C2:  58625 4341   !   4       com.sun.org.apache.xerces.internal.impl.XMLDocumentFragmentScannerImpl$FragmentContentDriver::next (2346 bytes)


---------------  P R O C E S S  ---------------

Java Threads: ( => current thread )
  0x000000001dda3000 JavaThread "localhost-startStop-1" daemon [_thread_in_Java, id=17160, stack(0x000000001fcd0000,0x000000001fdd0000)]
  0x000000001f155800 JavaThread "Tomcat-startStop-1" daemon [_thread_blocked, id=18900, stack(0x000000001fbd0000,0x000000001fcd0000)]
  0x0000000019986000 JavaThread "Service Thread" daemon [_thread_blocked, id=5808, stack(0x000000001a440000,0x000000001a540000)]
  0x0000000019903800 JavaThread "C1 CompilerThread3" daemon [_thread_in_native, id=17324, stack(0x000000001a340000,0x000000001a440000)]
=>0x00000000198fe800 JavaThread "C2 CompilerThread2" daemon [_thread_in_native, id=14108, stack(0x000000001a240000,0x000000001a340000)]
  0x00000000198f8800 JavaThread "C2 CompilerThread1" daemon [_thread_in_native, id=13308, stack(0x000000001a140000,0x000000001a240000)]
  0x00000000198f6800 JavaThread "C2 CompilerThread0" daemon [_thread_in_native, id=7480, stack(0x000000001a040000,0x000000001a140000)]
  0x00000000198d0000 JavaThread "Monitor Ctrl-Break" daemon [_thread_in_native, id=1992, stack(0x0000000019f40000,0x000000001a040000)]
  0x00000000198bf800 JavaThread "Attach Listener" daemon [_thread_blocked, id=14648, stack(0x0000000019e30000,0x0000000019f30000)]
  0x000000001986d800 JavaThread "Signal Dispatcher" daemon [_thread_blocked, id=15100, stack(0x0000000019d30000,0x0000000019e30000)]
  0x0000000019850800 JavaThread "Finalizer" daemon [_thread_blocked, id=11620, stack(0x0000000019c30000,0x0000000019d30000)]
  0x000000001792d800 JavaThread "Reference Handler" daemon [_thread_blocked, id=19036, stack(0x0000000019730000,0x0000000019830000)]
  0x00000000021fd800 JavaThread "main" [_thread_blocked, id=21052, stack(0x0000000002680000,0x0000000002780000)]

Other Threads:
  0x0000000017929800 VMThread [stack: 0x0000000019630000,0x0000000019730000] [id=12452]
  0x0000000019995000 WatcherThread [stack: 0x000000001a540000,0x000000001a640000] [id=15844]

VM state:not at safepoint (normal execution)

VM Mutex/Monitor currently owned by a thread:  ([mutex/lock_event])
[0x00000000021fbe30] CodeCache_lock - owner thread: 0x0000000000000000

Heap:
 PSYoungGen      total 232960K, used 158697K [0x00000000d6200000, 0x00000000edf80000, 0x0000000100000000)
  eden space 209920K, 75% used [0x00000000d6200000,0x00000000dfcfa5c8,0x00000000e2f00000)
  from space 23040K, 0% used [0x00000000e2f00000,0x00000000e2f00000,0x00000000e4580000)
  to   space 33280K, 0% used [0x00000000ebf00000,0x00000000ebf00000,0x00000000edf80000)
 ParOldGen       total 64000K, used 49631K [0x0000000082600000, 0x0000000086480000, 0x00000000d6200000)
  object space 64000K, 77% used [0x0000000082600000,0x0000000085677d48,0x0000000086480000)
 Metaspace       used 24439K, capacity 25056K, committed 25344K, reserved 1071104K
  class space    used 2855K, capacity 3004K, committed 3072K, reserved 1048576K

Card table byte_map: [0x0000000011df0000,0x00000000121e0000] byte_map_base: 0x00000000119dd000

Marking Bits: (ParMarkBitMap*) 0x000000005ce8d850
 Begin Bits: [0x0000000012c80000, 0x0000000014be8000)
 End Bits:   [0x0000000014be8000, 0x0000000016b50000)

Polling page: 0x00000000021b0000

CodeCache: size=245760Kb used=13807Kb max_used=13981Kb free=231952Kb
 bounds [0x0000000002a30000, 0x00000000037f0000, 0x0000000011a30000]
 total_blobs=4145 nmethods=3753 adapters=303
 compilation: enabled

Compilation events (10 events):
Event: 58.617 Thread 0x0000000019903800 nmethod 4351 0x0000000002eb1410 code [0x0000000002eb15c0, 0x0000000002eb1e88]
Event: 58.617 Thread 0x0000000019903800 4352       3       com.sun.org.apache.xerces.internal.impl.dtd.DTDGrammar::ensureElementDeclCapacity (228 bytes)
Event: 58.617 Thread 0x00000000198f6800 nmethod 4342 0x00000000037e98d0 code [0x00000000037e9b60, 0x00000000037eb538]
Event: 58.619 Thread 0x00000000198f8800 4353       4       com.sun.org.apache.xerces.internal.impl.XMLEntityScanner::scanName (305 bytes)
Event: 58.619 Thread 0x0000000019903800 nmethod 4352 0x00000000037e43d0 code [0x00000000037e46a0, 0x00000000037e6128]
Event: 58.619 Thread 0x00000000198f6800 4354       4       com.sun.org.apache.xerces.internal.impl.XMLDocumentFragmentScannerImpl::scanEndElement (170 bytes)
Event: 58.619 Thread 0x0000000019903800 4355       1       com.sun.org.apache.xerces.internal.impl.dtd.XMLDTDValidator::startNamespaceScope (1 bytes)
Event: 58.619 Thread 0x0000000019903800 nmethod 4355 0x0000000002ca2c50 code [0x0000000002ca2da0, 0x0000000002ca2eb0]
Event: 58.620 Thread 0x0000000019903800 4356       1       com.sun.xml.internal.stream.Entity$ScannedEntity::isExternal (5 bytes)
Event: 58.620 Thread 0x0000000019903800 nmethod 4356 0x00000000037e1c10 code [0x00000000037e1d60, 0x00000000037e1e70]

GC Heap History (10 events):
Event: 34.564 GC heap before
{Heap before GC invocations=7 (full 1):
 PSYoungGen      total 141824K, used 8667K [0x00000000d6200000, 0x00000000df700000, 0x0000000100000000)
  eden space 131072K, 0% used [0x00000000d6200000,0x00000000d6200000,0x00000000de200000)
  from space 10752K, 80% used [0x00000000dec80000,0x00000000df4f6e50,0x00000000df700000)
  to   space 10752K, 0% used [0x00000000de200000,0x00000000de200000,0x00000000dec80000)
 ParOldGen       total 86016K, used 11444K [0x0000000082600000, 0x0000000087a00000, 0x00000000d6200000)
  object space 86016K, 13% used [0x0000000082600000,0x000000008312d3c8,0x0000000087a00000)
 Metaspace       used 20675K, capacity 21162K, committed 21248K, reserved 1069056K
  class space    used 2434K, capacity 2559K, committed 2560K, reserved 1048576K
Event: 34.844 GC heap after
Heap after GC invocations=7 (full 1):
 PSYoungGen      total 141824K, used 0K [0x00000000d6200000, 0x00000000df700000, 0x0000000100000000)
  eden space 131072K, 0% used [0x00000000d6200000,0x00000000d6200000,0x00000000de200000)
  from space 10752K, 0% used [0x00000000dec80000,0x00000000dec80000,0x00000000df700000)
  to   space 10752K, 0% used [0x00000000de200000,0x00000000de200000,0x00000000dec80000)
 ParOldGen       total 64000K, used 15100K [0x0000000082600000, 0x0000000086480000, 0x00000000d6200000)
  object space 64000K, 23% used [0x0000000082600000,0x00000000834bf2d0,0x0000000086480000)
 Metaspace       used 20675K, capacity 21162K, committed 21248K, reserved 1069056K
  class space    used 2434K, capacity 2559K, committed 2560K, reserved 1048576K
}
Event: 41.527 GC heap before
{Heap before GC invocations=8 (full 1):
 PSYoungGen      total 141824K, used 131072K [0x00000000d6200000, 0x00000000df700000, 0x0000000100000000)
  eden space 131072K, 100% used [0x00000000d6200000,0x00000000de200000,0x00000000de200000)
  from space 10752K, 0% used [0x00000000dec80000,0x00000000dec80000,0x00000000df700000)
  to   space 10752K, 0% used [0x00000000de200000,0x00000000de200000,0x00000000dec80000)
 ParOldGen       total 64000K, used 15100K [0x0000000082600000, 0x0000000086480000, 0x00000000d6200000)
  object space 64000K, 23% used [0x0000000082600000,0x00000000834bf2d0,0x0000000086480000)
 Metaspace       used 23822K, capacity 24398K, committed 24448K, reserved 1071104K
  class space    used 2782K, capacity 2934K, committed 2944K, reserved 1048576K
Event: 41.587 GC heap after
Heap after GC invocations=8 (full 1):
 PSYoungGen      total 141824K, used 10724K [0x00000000d6200000, 0x00000000e5580000, 0x0000000100000000)
  eden space 131072K, 0% used [0x00000000d6200000,0x00000000d6200000,0x00000000de200000)
  from space 10752K, 99% used [0x00000000de200000,0x00000000dec79180,0x00000000dec80000)
  to   space 16384K, 0% used [0x00000000e4580000,0x00000000e4580000,0x00000000e5580000)
 ParOldGen       total 64000K, used 23981K [0x0000000082600000, 0x0000000086480000, 0x00000000d6200000)
  object space 64000K, 37% used [0x0000000082600000,0x0000000083d6b578,0x0000000086480000)
 Metaspace       used 23822K, capacity 24398K, committed 24448K, reserved 1071104K
  class space    used 2782K, capacity 2934K, committed 2944K, reserved 1048576K
}
Event: 44.409 GC heap before
{Heap before GC invocations=9 (full 1):
 PSYoungGen      total 141824K, used 141796K [0x00000000d6200000, 0x00000000e5580000, 0x0000000100000000)
  eden space 131072K, 100% used [0x00000000d6200000,0x00000000de200000,0x00000000de200000)
  from space 10752K, 99% used [0x00000000de200000,0x00000000dec79180,0x00000000dec80000)
  to   space 16384K, 0% used [0x00000000e4580000,0x00000000e4580000,0x00000000e5580000)
 ParOldGen       total 64000K, used 23981K [0x0000000082600000, 0x0000000086480000, 0x00000000d6200000)
  object space 64000K, 37% used [0x0000000082600000,0x0000000083d6b578,0x0000000086480000)
 Metaspace       used 23855K, capacity 24408K, committed 24448K, reserved 1071104K
  class space    used 2786K, capacity 2936K, committed 2944K, reserved 1048576K
Event: 44.592 GC heap after
Heap after GC invocations=9 (full 1):
 PSYoungGen      total 226304K, used 16360K [0x00000000d6200000, 0x00000000e7180000, 0x0000000100000000)
  eden space 209920K, 0% used [0x00000000d6200000,0x00000000d6200000,0x00000000e2f00000)
  from space 16384K, 99% used [0x00000000e4580000,0x00000000e557a280,0x00000000e5580000)
  to   space 23040K, 0% used [0x00000000e2f00000,0x00000000e2f00000,0x00000000e4580000)
 ParOldGen       total 64000K, used 33330K [0x0000000082600000, 0x0000000086480000, 0x00000000d6200000)
  object space 64000K, 52% used [0x0000000082600000,0x000000008468ca98,0x0000000086480000)
 Metaspace       used 23855K, capacity 24408K, committed 24448K, reserved 1071104K
  class space    used 2786K, capacity 2936K, committed 2944K, reserved 1048576K
}
Event: 51.422 GC heap before
{Heap before GC invocations=10 (full 1):
 PSYoungGen      total 226304K, used 226280K [0x00000000d6200000, 0x00000000e7180000, 0x0000000100000000)
  eden space 209920K, 100% used [0x00000000d6200000,0x00000000e2f00000,0x00000000e2f00000)
  from space 16384K, 99% used [0x00000000e4580000,0x00000000e557a280,0x00000000e5580000)
  to   space 23040K, 0% used [0x00000000e2f00000,0x00000000e2f00000,0x00000000e4580000)
 ParOldGen       total 64000K, used 33330K [0x0000000082600000, 0x0000000086480000, 0x00000000d6200000)
  object space 64000K, 52% used [0x0000000082600000,0x000000008468ca98,0x0000000086480000)
 Metaspace       used 23859K, capacity 24408K, committed 24448K, reserved 1071104K
  class space    used 2786K, capacity 2936K, committed 2944K, reserved 1048576K
Event: 53.445 GC heap after
Heap after GC invocations=10 (full 1):
 PSYoungGen      total 232960K, used 23037K [0x00000000d6200000, 0x00000000edf80000, 0x0000000100000000)
  eden space 209920K, 0% used [0x00000000d6200000,0x00000000d6200000,0x00000000e2f00000)
  from space 23040K, 99% used [0x00000000e2f00000,0x00000000e457f548,0x00000000e4580000)
  to   space 33280K, 0% used [0x00000000ebf00000,0x00000000ebf00000,0x00000000edf80000)
 ParOldGen       total 64000K, used 50362K [0x0000000082600000, 0x0000000086480000, 0x00000000d6200000)
  object space 64000K, 78% used [0x0000000082600000,0x000000008572e840,0x0000000086480000)
 Metaspace       used 23859K, capacity 24408K, committed 24448K, reserved 1071104K
  class space    used 2786K, capacity 2936K, committed 2944K, reserved 1048576K
}
Event: 53.445 GC heap before
{Heap before GC invocations=11 (full 2):
 PSYoungGen      total 232960K, used 23037K [0x00000000d6200000, 0x00000000edf80000, 0x0000000100000000)
  eden space 209920K, 0% used [0x00000000d6200000,0x00000000d6200000,0x00000000e2f00000)
  from space 23040K, 99% used [0x00000000e2f00000,0x00000000e457f548,0x00000000e4580000)
  to   space 33280K, 0% used [0x00000000ebf00000,0x00000000ebf00000,0x00000000edf80000)
 ParOldGen       total 64000K, used 50362K [0x0000000082600000, 0x0000000086480000, 0x00000000d6200000)
  object space 64000K, 78% used [0x0000000082600000,0x000000008572e840,0x0000000086480000)
 Metaspace       used 23859K, capacity 24408K, committed 24448K, reserved 1071104K
  class space    used 2786K, capacity 2936K, committed 2944K, reserved 1048576K
Event: 54.528 GC heap after
Heap after GC invocations=11 (full 2):
 PSYoungGen      total 232960K, used 0K [0x00000000d6200000, 0x00000000edf80000, 0x0000000100000000)
  eden space 209920K, 0% used [0x00000000d6200000,0x00000000d6200000,0x00000000e2f00000)
  from space 23040K, 0% used [0x00000000e2f00000,0x00000000e2f00000,0x00000000e4580000)
  to   space 33280K, 0% used [0x00000000ebf00000,0x00000000ebf00000,0x00000000edf80000)
 ParOldGen       total 64000K, used 49631K [0x0000000082600000, 0x0000000086480000, 0x00000000d6200000)
  object space 64000K, 77% used [0x0000000082600000,0x0000000085677d48,0x0000000086480000)
 Metaspace       used 23859K, capacity 24408K, committed 24448K, reserved 1071104K
  class space    used 2786K, capacity 2936K, committed 2944K, reserved 1048576K
}

Deoptimization events (10 events):
Event: 58.159 Thread 0x000000001dda3000 Uncommon trap: reason=unstable_if action=reinterpret pc=0x000000000338585c method=java.util.StringTokenizer.setMaxDelimCodePoint()V @ 71
Event: 58.236 Thread 0x000000001dda3000 Uncommon trap: reason=predicate action=maybe_recompile pc=0x0000000002fd3e6c method=org.apache.tomcat.util.file.Matcher.matchPath([Ljava/lang/String;[Ljava/lang/String;Z)Z @ 23
Event: 58.278 Thread 0x000000001dda3000 Uncommon trap: reason=unstable_if action=reinterpret pc=0x0000000002efeb08 method=com.sun.org.apache.xerces.internal.utils.XMLSecurityManager.isOverLimit(ILcom/sun/org/apache/xerces/internal/utils/XMLLimitAnalyzer;)Z @ 28
Event: 58.284 Thread 0x000000001dda3000 Uncommon trap: reason=unstable_if action=reinterpret pc=0x0000000002b69398 method=com.sun.org.apache.xerces.internal.util.SymbolTable.addSymbol([CII)Ljava/lang/String; @ 64
Event: 58.284 Thread 0x000000001dda3000 Uncommon trap: reason=unstable_if action=reinterpret pc=0x00000000031c11b4 method=com.sun.org.apache.xerces.internal.util.SymbolTable.addSymbol([CII)Ljava/lang/String; @ 64
Event: 58.285 Thread 0x000000001dda3000 Uncommon trap: reason=class_check action=maybe_recompile pc=0x000000000323bd38 method=com.sun.org.apache.xerces.internal.impl.XMLDocumentFragmentScannerImpl.scanEndElement()I @ 145
Event: 58.285 Thread 0x000000001dda3000 Uncommon trap: reason=class_check action=maybe_recompile pc=0x000000000323bd38 method=com.sun.org.apache.xerces.internal.impl.XMLDocumentFragmentScannerImpl.scanEndElement()I @ 145
Event: 58.285 Thread 0x000000001dda3000 Uncommon trap: reason=class_check action=maybe_recompile pc=0x000000000323bd38 method=com.sun.org.apache.xerces.internal.impl.XMLDocumentFragmentScannerImpl.scanEndElement()I @ 145
Event: 58.285 Thread 0x000000001dda3000 Uncommon trap: reason=class_check action=maybe_recompile pc=0x000000000323bd38 method=com.sun.org.apache.xerces.internal.impl.XMLDocumentFragmentScannerImpl.scanEndElement()I @ 145
Event: 58.334 Thread 0x000000001dda3000 Uncommon trap: reason=speculate_class_check action=maybe_recompile pc=0x0000000003353574 method=java.nio.charset.CharsetDecoder.reset()Ljava/nio/charset/CharsetDecoder; @ 1

Internal exceptions (10 events):
Event: 4.650 Thread 0x00000000021fd800 Implicit null exception at 0x000000000303e04a to 0x000000000303e2f1
Event: 4.890 Thread 0x00000000021fd800 Implicit null exception at 0x0000000002de3015 to 0x0000000002de31ed
Event: 4.890 Thread 0x00000000021fd800 Implicit null exception at 0x0000000002e91eaf to 0x0000000002e91f19
Event: 4.895 Thread 0x00000000021fd800 Implicit null exception at 0x0000000002eb123b to 0x0000000002eb1985
Event: 9.381 Thread 0x00000000021fd800 Implicit null exception at 0x00000000032aa668 to 0x00000000032ab771
Event: 14.047 Thread 0x00000000021fd800 Implicit null exception at 0x0000000003413f20 to 0x000000000341521e
Event: 27.428 Thread 0x00000000021fd800 Exception <a 'java/io/FileNotFoundException'> (0x00000000d703e8b0) thrown at [C:\re\workspace\8-2-build-windows-amd64-cygwin\jdk8u144\9417\hotspot\src\share\vm\prims\jni.cpp, line 709]
Event: 37.745 Thread 0x000000001dda3000 Implicit null exception at 0x0000000002d57cd6 to 0x0000000002d58071
Event: 37.745 Thread 0x000000001dda3000 Implicit null exception at 0x0000000002c4ad94 to 0x0000000002c4b149
Event: 43.290 Thread 0x000000001dda3000 Implicit null exception at 0x00000000036e1269 to 0x00000000036e2259

Events (10 events):
Event: 58.501 Thread 0x00000000198fe800 flushing nmethod 0x00000000036b0b90
Event: 58.501 Thread 0x00000000198fe800 flushing nmethod 0x00000000036b9f90
Event: 58.502 Thread 0x000000001dda3000 DEOPT PACKING pc=0x00000000037bac3d sp=0x000000001fdce640
Event: 58.502 Thread 0x000000001dda3000 DEOPT UNPACKING pc=0x0000000002a7787f sp=0x000000001fdce408 mode 0
Event: 58.505 Thread 0x000000001dda3000 DEOPT PACKING pc=0x00000000037bac3d sp=0x000000001fdce650
Event: 58.506 Thread 0x000000001dda3000 DEOPT UNPACKING pc=0x0000000002a7787f sp=0x000000001fdce418 mode 0
Event: 58.511 Thread 0x000000001dda3000 DEOPT PACKING pc=0x00000000037bac3d sp=0x000000001fdce2a0
Event: 58.511 Thread 0x000000001dda3000 DEOPT UNPACKING pc=0x0000000002a7787f sp=0x000000001fdce068 mode 0
Event: 58.613 Thread 0x000000001dda3000 DEOPT PACKING pc=0x00000000037bac3d sp=0x000000001fdce2f0
Event: 58.613 Thread 0x000000001dda3000 DEOPT UNPACKING pc=0x0000000002a7787f sp=0x000000001fdce0b8 mode 0


Dynamic libraries:
0x00007ff6d99b0000 - 0x00007ff6d99e7000 	E:\JAVA\jdk1.8.0_144\bin\java.exe
0x00007ffb4eac0000 - 0x00007ffb4ecb0000 	C:\WINDOWS\SYSTEM32\ntdll.dll
0x00007ffb4de20000 - 0x00007ffb4ded2000 	C:\WINDOWS\System32\KERNEL32.DLL
0x00007ffb4c530000 - 0x00007ffb4c7d4000 	C:\WINDOWS\System32\KERNELBASE.dll
0x00007ffb4e630000 - 0x00007ffb4e6d3000 	C:\WINDOWS\System32\ADVAPI32.dll
0x00007ffb4e470000 - 0x00007ffb4e50e000 	C:\WINDOWS\System32\msvcrt.dll
0x00007ffb4cd90000 - 0x00007ffb4ce27000 	C:\WINDOWS\System32\sechost.dll
0x00007ffb4e510000 - 0x00007ffb4e630000 	C:\WINDOWS\System32\RPCRT4.dll
0x00007ffb4e8e0000 - 0x00007ffb4ea74000 	C:\WINDOWS\System32\USER32.dll
0x00007ffb4c2e0000 - 0x00007ffb4c301000 	C:\WINDOWS\System32\win32u.dll
0x00007ffb4d1f0000 - 0x00007ffb4d216000 	C:\WINDOWS\System32\GDI32.dll
0x00007ffb4c310000 - 0x00007ffb4c4a4000 	C:\WINDOWS\System32\gdi32full.dll
0x00007ffb4c1d0000 - 0x00007ffb4c26e000 	C:\WINDOWS\System32\msvcp_win.dll
0x00007ffb4c990000 - 0x00007ffb4ca8a000 	C:\WINDOWS\System32\ucrtbase.dll
0x00007ffb30960000 - 0x00007ffb30be4000 	C:\WINDOWS\WinSxS\amd64_microsoft.windows.common-controls_6595b64144ccf1df_6.0.18362.836_none_e6c4b943130f18ed\COMCTL32.dll
0x00007ffb4ce30000 - 0x00007ffb4d166000 	C:\WINDOWS\System32\combase.dll
0x00007ffb4c4b0000 - 0x00007ffb4c530000 	C:\WINDOWS\System32\bcryptPrimitives.dll
0x00007ffb4e210000 - 0x00007ffb4e23e000 	C:\WINDOWS\System32\IMM32.DLL
0x000000005cf10000 - 0x000000005cfe2000 	E:\JAVA\jdk1.8.0_144\jre\bin\msvcr100.dll
0x000000005c670000 - 0x000000005cf0d000 	E:\JAVA\jdk1.8.0_144\jre\bin\server\jvm.dll
0x00007ffb4cd80000 - 0x00007ffb4cd88000 	C:\WINDOWS\System32\PSAPI.DLL
0x00007ffb3f3e0000 - 0x00007ffb3f3e9000 	C:\WINDOWS\SYSTEM32\WSOCK32.dll
0x00007ffb4dd90000 - 0x00007ffb4ddff000 	C:\WINDOWS\System32\WS2_32.dll
0x00007ffb3f7c0000 - 0x00007ffb3f7ca000 	C:\WINDOWS\SYSTEM32\VERSION.dll
0x00007ffb3d710000 - 0x00007ffb3d734000 	C:\WINDOWS\SYSTEM32\WINMM.dll
0x00007ffb3d6e0000 - 0x00007ffb3d70d000 	C:\WINDOWS\SYSTEM32\WINMMBASE.dll
0x00007ffb4c270000 - 0x00007ffb4c2ba000 	C:\WINDOWS\System32\cfgmgr32.dll
0x000000005ddd0000 - 0x000000005dddf000 	E:\JAVA\jdk1.8.0_144\jre\bin\verify.dll
0x000000005dcb0000 - 0x000000005dcd9000 	E:\JAVA\jdk1.8.0_144\jre\bin\java.dll
0x000000005c640000 - 0x000000005c663000 	E:\JAVA\jdk1.8.0_144\jre\bin\instrument.dll
0x000000005ddb0000 - 0x000000005ddc6000 	E:\JAVA\jdk1.8.0_144\jre\bin\zip.dll
0x00007ffb4d6a0000 - 0x00007ffb4dd84000 	C:\WINDOWS\System32\SHELL32.dll
0x00007ffb4df50000 - 0x00007ffb4dff9000 	C:\WINDOWS\System32\shcore.dll
0x00007ffb4ba50000 - 0x00007ffb4c1ce000 	C:\WINDOWS\System32\windows.storage.dll
0x00007ffb4b9b0000 - 0x00007ffb4b9d3000 	C:\WINDOWS\System32\profapi.dll
0x00007ffb4b9e0000 - 0x00007ffb4ba2a000 	C:\WINDOWS\System32\powrprof.dll
0x00007ffb4b980000 - 0x00007ffb4b990000 	C:\WINDOWS\System32\UMPDC.dll
0x00007ffb4cb70000 - 0x00007ffb4cbc2000 	C:\WINDOWS\System32\shlwapi.dll
0x00007ffb4ba30000 - 0x00007ffb4ba41000 	C:\WINDOWS\System32\kernel.appcore.dll
0x00007ffb4c2c0000 - 0x00007ffb4c2d7000 	C:\WINDOWS\System32\cryptsp.dll
0x00007ffb3e2f0000 - 0x00007ffb3e30a000 	C:\Program Files\JetBrains\IntelliJ IDEA 2017.2.4\bin\breakgen64.dll
0x000000005dc90000 - 0x000000005dcaa000 	E:\JAVA\jdk1.8.0_144\jre\bin\net.dll
0x00007ffb4b1f0000 - 0x00007ffb4b257000 	C:\WINDOWS\system32\mswsock.dll
0x000000005c620000 - 0x000000005c631000 	E:\JAVA\jdk1.8.0_144\jre\bin\nio.dll
0x00007ffb4ad60000 - 0x00007ffb4ad93000 	C:\WINDOWS\system32\rsaenh.dll
0x00007ffb4ca90000 - 0x00007ffb4cab6000 	C:\WINDOWS\System32\bcrypt.dll
0x00007ffb4b8a0000 - 0x00007ffb4b8c5000 	C:\WINDOWS\SYSTEM32\USERENV.dll
0x00007ffb4b3c0000 - 0x00007ffb4b3cc000 	C:\WINDOWS\SYSTEM32\CRYPTBASE.dll
0x00007ffb4af00000 - 0x00007ffb4af3a000 	C:\WINDOWS\SYSTEM32\IPHLPAPI.DLL
0x00007ffb4df40000 - 0x00007ffb4df48000 	C:\WINDOWS\System32\NSI.dll
0x00007ffb40c40000 - 0x00007ffb40c56000 	C:\WINDOWS\SYSTEM32\dhcpcsvc6.DLL
0x00007ffb40c20000 - 0x00007ffb40c3c000 	C:\WINDOWS\SYSTEM32\dhcpcsvc.DLL
0x00007ffb4af40000 - 0x00007ffb4b00b000 	C:\WINDOWS\SYSTEM32\DNSAPI.dll
0x000000005c610000 - 0x000000005c61d000 	E:\JAVA\jdk1.8.0_144\jre\bin\management.dll

VM Arguments:
jvm_args: -Dmaven.multiModuleProjectDirectory=E:\taotao\taotao-cart-web -Dmaven.home=E:\tool\apache-maven-3.3.9 -Dclassworlds.conf=E:\tool\apache-maven-3.3.9\bin\m2.conf -javaagent:C:\Program Files\JetBrains\IntelliJ IDEA 2017.2.4\lib\idea_rt.jar=58180:C:\Program Files\JetBrains\IntelliJ IDEA 2017.2.4\bin -Dfile.encoding=UTF-8 
java_command: org.codehaus.classworlds.Launcher -Didea.version=2017.2.4 tomcat7:run
java_class_path (initial): E:\tool\apache-maven-3.3.9\boot\plexus-classworlds-2.5.2.jar;C:\Program Files\JetBrains\IntelliJ IDEA 2017.2.4\lib\idea_rt.jar
Launcher Type: SUN_STANDARD

Environment Variables:
JAVA_HOME=E:\JAVA\jdk1.8.0_144
PATH=C:\ProgramData\Oracle\Java\javapath;C:\WINDOWS\system32;C:\WINDOWS;C:\WINDOWS\System32\Wbem;C:\WINDOWS\System32\WindowsPowerShell\v1.0\;C:\WINDOWS\System32\OpenSSH\;E:\JAVA\jdk1.8.0_144\bin;E:\JAVA\jdk1.8.0_144\jre\bin;C:\Program Files\MySQL\MySQL Server 5.6\bin;E:\apache-tomcat-7.0.99\bin;E:\tool\apache-maven-3.3.9\bin\bin;C:\Program Files\Git\cmd;C:\Users\ThinkPad\AppData\Local\Microsoft\WindowsApps;
USERNAME=ThinkPad
OS=Windows_NT
PROCESSOR_IDENTIFIER=Intel64 Family 6 Model 142 Stepping 11, GenuineIntel



---------------  S Y S T E M  ---------------

OS: Windows 10.0 , 64 bit Build 18362 (10.0.18362.778)

CPU:total 8 (initial active 8) (4 cores per cpu, 2 threads per core) family 6 model 142 stepping 11, cmov, cx8, fxsr, mmx, sse, sse2, sse3, ssse3, sse4.1, sse4.2, popcnt, avx, avx2, aes, clmul, erms, 3dnowpref, lzcnt, ht, tsc, tscinvbit, bmi1, bmi2, adx

Memory: 4k page, physical 8227000k(895260k free), swap 18302408k(76k free)

vm_info: Java HotSpot(TM) 64-Bit Server VM (25.144-b01) for windows-amd64 JRE (1.8.0_144-b01), built on Jul 21 2017 21:57:33 by "java_re" with MS VC++ 10.0 (VS2010)

time: Tue May 19 14:27:32 2020
elapsed time: 58 seconds (0d 0h 0m 58s)

