#
# There is insufficient memory for the Java Runtime Environment to continue.
# Native memory allocation (malloc) failed to allocate 285296 bytes for Chunk::new
# Possible reasons:
#   The system is out of physical RAM or swap space
#   In 32 bit mode, the process size limit was hit
# Possible solutions:
#   Reduce memory load on the system
#   Increase physical memory or swap space
#   Check if swap backing store is full
#   Use 64 bit Java on a 64 bit OS
#   Decrease Java heap size (-Xmx/-Xms)
#   Decrease number of Java threads
#   Decrease Java thread stack sizes (-Xss)
#   Set larger code cache with -XX:ReservedCodeCacheSize=
# This output file may be truncated or incomplete.
#
#  Out of Memory Error (allocation.cpp:390), pid=24700, tid=0x00000000000038d0
#
# JRE version: Java(TM) SE Runtime Environment (8.0_144-b01) (build 1.8.0_144-b01)
# Java VM: Java HotSpot(TM) 64-Bit Server VM (25.144-b01 mixed mode windows-amd64 compressed oops)
# Failed to write core dump. Minidumps are not enabled by default on client versions of Windows
#

---------------  T H R E A D  ---------------

Current thread (0x000000001a361800):  JavaThread "C2 CompilerThread1" daemon [_thread_in_native, id=14544, stack(0x000000001aba0000,0x000000001aca0000)]

Stack: [0x000000001aba0000,0x000000001aca0000]
[error occurred during error reporting (printing stack bounds), id 0xc0000005]

Native frames: (J=compiled Java code, j=interpreted, Vv=VM code, C=native code)


Current CompileTask:
C2:  11364 4038       4       org.apache.catalina.startup.ContextConfig::populateJavaClassCache (79 bytes)


---------------  P R O C E S S  ---------------

Java Threads: ( => current thread )
  0x000000001d476800 JavaThread "DubboClientReconnectTimer-thread-1" daemon [_thread_blocked, id=20500, stack(0x0000000029670000,0x0000000029770000)]
  0x000000001d475000 JavaThread "New I/O boss #10" daemon [_thread_in_native, id=4632, stack(0x0000000029570000,0x0000000029670000)]
  0x000000001d479800 JavaThread "New I/O worker #9" daemon [_thread_in_native, id=23952, stack(0x0000000029470000,0x0000000029570000)]
  0x000000001d472000 JavaThread "New I/O worker #8" daemon [_thread_in_native, id=8196, stack(0x0000000029370000,0x0000000029470000)]
  0x000000001d476000 JavaThread "New I/O worker #7" daemon [_thread_in_native, id=8300, stack(0x0000000029270000,0x0000000029370000)]
  0x000000001d474800 JavaThread "New I/O worker #6" daemon [_thread_in_native, id=24912, stack(0x0000000029170000,0x0000000029270000)]
  0x000000001d477800 JavaThread "New I/O worker #5" daemon [_thread_in_native, id=25156, stack(0x0000000029070000,0x0000000029170000)]
  0x000000001d471800 JavaThread "New I/O worker #4" daemon [_thread_in_native, id=5676, stack(0x0000000028f70000,0x0000000029070000)]
  0x000000001c947000 JavaThread "New I/O worker #3" daemon [_thread_in_native, id=21812, stack(0x0000000028e70000,0x0000000028f70000)]
  0x000000001c946000 JavaThread "New I/O worker #2" daemon [_thread_in_native, id=17076, stack(0x0000000028d70000,0x0000000028e70000)]
  0x000000001c948800 JavaThread "New I/O worker #1" daemon [_thread_in_native, id=16552, stack(0x0000000028c70000,0x0000000028d70000)]
  0x000000001c94d000 JavaThread "DubboSaveRegistryCache-thread-1" daemon [_thread_blocked, id=4752, stack(0x0000000028b70000,0x0000000028c70000)]
  0x000000001c947800 JavaThread "localhost-startStop-1-EventThread" daemon [_thread_blocked, id=2524, stack(0x0000000028870000,0x0000000028970000)]
  0x000000001c94b800 JavaThread "localhost-startStop-1-SendThread(192.168.67.131:2181)" daemon [_thread_in_native, id=10368, stack(0x0000000028770000,0x0000000028870000)]
  0x000000001c94a000 JavaThread "ZkClient-EventThread-19-192.168.67.131:2181" daemon [_thread_blocked, id=2772, stack(0x0000000028670000,0x0000000028770000)]
  0x000000001c94a800 JavaThread "DubboRegistryFailedRetryTimer-thread-1" daemon [_thread_blocked, id=17060, stack(0x0000000023340000,0x0000000023440000)]
  0x000000001ed95800 JavaThread "Thread-2" daemon [_thread_in_native, id=7548, stack(0x0000000022c40000,0x0000000022d40000)]
  0x000000001d8fc800 JavaThread "localhost-startStop-1" daemon [_thread_blocked, id=22200, stack(0x0000000021770000,0x0000000021870000)]
  0x000000001d3b8000 JavaThread "Tomcat-startStop-1" daemon [_thread_blocked, id=13472, stack(0x000000001ff90000,0x0000000020090000)]
  0x000000001a402000 JavaThread "Service Thread" daemon [_thread_blocked, id=16000, stack(0x000000001aea0000,0x000000001afa0000)]
  0x000000001a36e800 JavaThread "C1 CompilerThread3" daemon [_thread_blocked, id=25572, stack(0x000000001ada0000,0x000000001aea0000)]
  0x000000001a367800 JavaThread "C2 CompilerThread2" daemon [_thread_in_native, id=12044, stack(0x000000001aca0000,0x000000001ada0000)]
=>0x000000001a361800 JavaThread "C2 CompilerThread1" daemon [_thread_in_native, id=14544, stack(0x000000001aba0000,0x000000001aca0000)]
  0x000000001a35f800 JavaThread "C2 CompilerThread0" daemon [_thread_in_native, id=12912, stack(0x000000001aaa0000,0x000000001aba0000)]
  0x000000001a346000 JavaThread "Monitor Ctrl-Break" daemon [_thread_in_native, id=20048, stack(0x000000001a9a0000,0x000000001aaa0000)]
  0x000000001a32a800 JavaThread "Attach Listener" daemon [_thread_blocked, id=16860, stack(0x000000001a8a0000,0x000000001a9a0000)]
  0x000000001a2d8000 JavaThread "Signal Dispatcher" daemon [_thread_blocked, id=3164, stack(0x000000001a7a0000,0x000000001a8a0000)]
  0x00000000034ce000 JavaThread "Finalizer" daemon [_thread_blocked, id=11524, stack(0x000000001a6a0000,0x000000001a7a0000)]
  0x00000000183cd800 JavaThread "Reference Handler" daemon [_thread_blocked, id=10848, stack(0x000000001a1a0000,0x000000001a2a0000)]
  0x0000000002e6d800 JavaThread "main" [_thread_blocked, id=22884, stack(0x0000000002d00000,0x0000000002e00000)]

Other Threads:
  0x00000000183c9800 VMThread [stack: 0x000000001a0a0000,0x000000001a1a0000] [id=23700]
  0x000000001a449800 WatcherThread [stack: 0x000000001afa0000,0x000000001b0a0000] [id=19092]

VM state:at safepoint (normal execution)

VM Mutex/Monitor currently owned by a thread:  ([mutex/lock_event])
[0x0000000002e6c500] Threads_lock - owner thread: 0x00000000183c9800
[0x0000000002e6c580] Heap_lock - owner thread: 0x000000001d8fc800

Heap:
 PSYoungGen      total 161792K, used 1013K [0x00000000d6200000, 0x00000000e2a80000, 0x0000000100000000)
  eden space 130560K, 0% used [0x00000000d6200000,0x00000000d6200000,0x00000000de180000)
  from space 31232K, 3% used [0x00000000e0c00000,0x00000000e0cfd430,0x00000000e2a80000)
  to   space 10752K, 0% used [0x00000000de180000,0x00000000de180000,0x00000000dec00000)
 ParOldGen       total 68096K, used 35695K [0x0000000082600000, 0x0000000086880000, 0x00000000d6200000)
  object space 68096K, 52% used [0x0000000082600000,0x00000000848dbce0,0x0000000086880000)
 Metaspace       used 35951K, capacity 36616K, committed 36784K, reserved 1085440K
  class space    used 4298K, capacity 4526K, committed 4528K, reserved 1048576K

Card table byte_map: [0x0000000012890000,0x0000000012c80000] byte_map_base: 0x000000001247d000

Marking Bits: (ParMarkBitMap*) 0x000000005ce8d850
 Begin Bits: [0x0000000013720000, 0x0000000015688000)
 End Bits:   [0x0000000015688000, 0x00000000175f0000)

Polling page: 0x0000000000bf0000

CodeCache: size=245760Kb used=12800Kb max_used=12837Kb free=232960Kb
 bounds [0x00000000034d0000, 0x00000000041e0000, 0x00000000124d0000]
 total_blobs=4640 nmethods=4193 adapters=359
 compilation: enabled

Compilation events (10 events):
Event: 11.295 Thread 0x000000001a36e800 4956       2       javassist.compiler.Parser::parseExpression (44 bytes)
Event: 11.295 Thread 0x000000001a36e800 nmethod 4956 0x0000000003bb9b10 code [0x0000000003bb9ca0, 0x0000000003bba008]
Event: 11.295 Thread 0x000000001a36e800 4957       2       javassist.compiler.Parser::parseConditionalExpr (79 bytes)
Event: 11.296 Thread 0x000000001a36e800 nmethod 4957 0x0000000003d48e90 code [0x0000000003d49060, 0x0000000003d49528]
Event: 11.296 Thread 0x000000001a36e800 4958       2       java.lang.ClassLoader::getSystemResource (19 bytes)
Event: 11.297 Thread 0x000000001a36e800 nmethod 4958 0x0000000003d48590 code [0x0000000003d48760, 0x0000000003d48b38]
Event: 11.300 Thread 0x000000001a36e800 4959       1       javassist.bytecode.MethodrefInfo::getTag (3 bytes)
Event: 11.300 Thread 0x000000001a36e800 nmethod 4959 0x0000000003d482d0 code [0x0000000003d48420, 0x0000000003d48530]
Event: 11.303 Thread 0x000000001a36e800 4960       2       java.util.Collections::list (33 bytes)
Event: 11.304 Thread 0x000000001a36e800 nmethod 4960 0x0000000003d47ad0 code [0x0000000003d47c60, 0x0000000003d48028]

GC Heap History (10 events):
Event: 8.684 GC heap after
Heap after GC invocations=15 (full 4):
 PSYoungGen      total 141312K, used 0K [0x00000000d6200000, 0x00000000df700000, 0x0000000100000000)
  eden space 130560K, 0% used [0x00000000d6200000,0x00000000d6200000,0x00000000de180000)
  from space 10752K, 0% used [0x00000000de180000,0x00000000de180000,0x00000000dec00000)
  to   space 10240K, 0% used [0x00000000dec00000,0x00000000dec00000,0x00000000df600000)
 ParOldGen       total 68096K, used 42244K [0x0000000082600000, 0x0000000086880000, 0x00000000d6200000)
  object space 68096K, 62% used [0x0000000082600000,0x0000000084f411b0,0x0000000086880000)
 Metaspace       used 23723K, capacity 24248K, committed 24496K, reserved 1071104K
  class space    used 2779K, capacity 2904K, committed 2992K, reserved 1048576K
}
Event: 9.279 GC heap before
{Heap before GC invocations=16 (full 4):
 PSYoungGen      total 141312K, used 130560K [0x00000000d6200000, 0x00000000df700000, 0x0000000100000000)
  eden space 130560K, 100% used [0x00000000d6200000,0x00000000de180000,0x00000000de180000)
  from space 10752K, 0% used [0x00000000de180000,0x00000000de180000,0x00000000dec00000)
  to   space 10240K, 0% used [0x00000000dec00000,0x00000000dec00000,0x00000000df600000)
 ParOldGen       total 68096K, used 42244K [0x0000000082600000, 0x0000000086880000, 0x00000000d6200000)
  object space 68096K, 62% used [0x0000000082600000,0x0000000084f411b0,0x0000000086880000)
 Metaspace       used 24314K, capacity 24928K, committed 25136K, reserved 1071104K
  class space    used 2850K, capacity 3004K, committed 3120K, reserved 1048576K
Event: 9.294 GC heap after
Heap after GC invocations=16 (full 4):
 PSYoungGen      total 140800K, used 10220K [0x00000000d6200000, 0x00000000df700000, 0x0000000100000000)
  eden space 130560K, 0% used [0x00000000d6200000,0x00000000d6200000,0x00000000de180000)
  from space 10240K, 99% used [0x00000000dec00000,0x00000000df5fb118,0x00000000df600000)
  to   space 10752K, 0% used [0x00000000de180000,0x00000000de180000,0x00000000dec00000)
 ParOldGen       total 68096K, used 51245K [0x0000000082600000, 0x0000000086880000, 0x00000000d6200000)
  object space 68096K, 75% used [0x0000000082600000,0x000000008580b648,0x0000000086880000)
 Metaspace       used 24314K, capacity 24928K, committed 25136K, reserved 1071104K
  class space    used 2850K, capacity 3004K, committed 3120K, reserved 1048576K
}
Event: 9.294 GC heap before
{Heap before GC invocations=17 (full 5):
 PSYoungGen      total 140800K, used 10220K [0x00000000d6200000, 0x00000000df700000, 0x0000000100000000)
  eden space 130560K, 0% used [0x00000000d6200000,0x00000000d6200000,0x00000000de180000)
  from space 10240K, 99% used [0x00000000dec00000,0x00000000df5fb118,0x00000000df600000)
  to   space 10752K, 0% used [0x00000000de180000,0x00000000de180000,0x00000000dec00000)
 ParOldGen       total 68096K, used 51245K [0x0000000082600000, 0x0000000086880000, 0x00000000d6200000)
  object space 68096K, 75% used [0x0000000082600000,0x000000008580b648,0x0000000086880000)
 Metaspace       used 24314K, capacity 24928K, committed 25136K, reserved 1071104K
  class space    used 2850K, capacity 3004K, committed 3120K, reserved 1048576K
Event: 9.380 GC heap after
Heap after GC invocations=17 (full 5):
 PSYoungGen      total 140800K, used 0K [0x00000000d6200000, 0x00000000df700000, 0x0000000100000000)
  eden space 130560K, 0% used [0x00000000d6200000,0x00000000d6200000,0x00000000de180000)
  from space 10240K, 0% used [0x00000000dec00000,0x00000000dec00000,0x00000000df600000)
  to   space 10752K, 0% used [0x00000000de180000,0x00000000de180000,0x00000000dec00000)
 ParOldGen       total 68096K, used 31958K [0x0000000082600000, 0x0000000086880000, 0x00000000d6200000)
  object space 68096K, 46% used [0x0000000082600000,0x0000000084535948,0x0000000086880000)
 Metaspace       used 24314K, capacity 24928K, committed 25136K, reserved 1071104K
  class space    used 2850K, capacity 3004K, committed 3120K, reserved 1048576K
}
Event: 11.245 GC heap before
{Heap before GC invocations=18 (full 5):
 PSYoungGen      total 140800K, used 130560K [0x00000000d6200000, 0x00000000df700000, 0x0000000100000000)
  eden space 130560K, 100% used [0x00000000d6200000,0x00000000de180000,0x00000000de180000)
  from space 10240K, 0% used [0x00000000dec00000,0x00000000dec00000,0x00000000df600000)
  to   space 10752K, 0% used [0x00000000de180000,0x00000000de180000,0x00000000dec00000)
 ParOldGen       total 68096K, used 31958K [0x0000000082600000, 0x0000000086880000, 0x00000000d6200000)
  object space 68096K, 46% used [0x0000000082600000,0x0000000084535948,0x0000000086880000)
 Metaspace       used 35525K, capacity 36226K, committed 36528K, reserved 1081344K
  class space    used 4244K, capacity 4461K, committed 4528K, reserved 1048576K
Event: 11.256 GC heap after
Heap after GC invocations=18 (full 5):
 PSYoungGen      total 141312K, used 10734K [0x00000000d6200000, 0x00000000e2a80000, 0x0000000100000000)
  eden space 130560K, 0% used [0x00000000d6200000,0x00000000d6200000,0x00000000de180000)
  from space 10752K, 99% used [0x00000000de180000,0x00000000debfbbf0,0x00000000dec00000)
  to   space 31232K, 0% used [0x00000000e0c00000,0x00000000e0c00000,0x00000000e2a80000)
 ParOldGen       total 68096K, used 32343K [0x0000000082600000, 0x0000000086880000, 0x00000000d6200000)
  object space 68096K, 47% used [0x0000000082600000,0x0000000084595ee0,0x0000000086880000)
 Metaspace       used 35525K, capacity 36226K, committed 36528K, reserved 1081344K
  class space    used 4244K, capacity 4461K, committed 4528K, reserved 1048576K
}
Event: 11.336 GC heap before
{Heap before GC invocations=19 (full 5):
 PSYoungGen      total 141312K, used 22911K [0x00000000d6200000, 0x00000000e2a80000, 0x0000000100000000)
  eden space 130560K, 9% used [0x00000000d6200000,0x00000000d6de4308,0x00000000de180000)
  from space 10752K, 99% used [0x00000000de180000,0x00000000debfbbf0,0x00000000dec00000)
  to   space 31232K, 0% used [0x00000000e0c00000,0x00000000e0c00000,0x00000000e2a80000)
 ParOldGen       total 68096K, used 32343K [0x0000000082600000, 0x0000000086880000, 0x00000000d6200000)
  object space 68096K, 47% used [0x0000000082600000,0x0000000084595ee0,0x0000000086880000)
 Metaspace       used 35951K, capacity 36616K, committed 36784K, reserved 1085440K
  class space    used 4298K, capacity 4526K, committed 4528K, reserved 1048576K
Event: 11.342 GC heap after
Heap after GC invocations=19 (full 5):
 PSYoungGen      total 161792K, used 1013K [0x00000000d6200000, 0x00000000e2a80000, 0x0000000100000000)
  eden space 130560K, 0% used [0x00000000d6200000,0x00000000d6200000,0x00000000de180000)
  from space 31232K, 3% used [0x00000000e0c00000,0x00000000e0cfd430,0x00000000e2a80000)
  to   space 10752K, 0% used [0x00000000de180000,0x00000000de180000,0x00000000dec00000)
 ParOldGen       total 68096K, used 35695K [0x0000000082600000, 0x0000000086880000, 0x00000000d6200000)
  object space 68096K, 52% used [0x0000000082600000,0x00000000848dbce0,0x0000000086880000)
 Metaspace       used 35951K, capacity 36616K, committed 36784K, reserved 1085440K
  class space    used 4298K, capacity 4526K, committed 4528K, reserved 1048576K
}
Event: 11.342 GC heap before
{Heap before GC invocations=20 (full 6):
 PSYoungGen      total 161792K, used 1013K [0x00000000d6200000, 0x00000000e2a80000, 0x0000000100000000)
  eden space 130560K, 0% used [0x00000000d6200000,0x00000000d6200000,0x00000000de180000)
  from space 31232K, 3% used [0x00000000e0c00000,0x00000000e0cfd430,0x00000000e2a80000)
  to   space 10752K, 0% used [0x00000000de180000,0x00000000de180000,0x00000000dec00000)
 ParOldGen       total 68096K, used 35695K [0x0000000082600000, 0x0000000086880000, 0x00000000d6200000)
  object space 68096K, 52% used [0x0000000082600000,0x00000000848dbce0,0x0000000086880000)
 Metaspace       used 35951K, capacity 36616K, committed 36784K, reserved 1085440K
  class space    used 4298K, capacity 4526K, committed 4528K, reserved 1048576K

Deoptimization events (10 events):
Event: 10.542 Thread 0x000000001d8fc800 Uncommon trap: reason=bimorphic action=maybe_recompile pc=0x00000000039fc6c0 method=java.util.regex.Pattern$5.isSatisfiedBy(I)Z @ 5
Event: 10.542 Thread 0x000000001d8fc800 Uncommon trap: reason=bimorphic action=maybe_recompile pc=0x00000000039fc6c0 method=java.util.regex.Pattern$5.isSatisfiedBy(I)Z @ 5
Event: 10.542 Thread 0x000000001d8fc800 Uncommon trap: reason=bimorphic action=maybe_recompile pc=0x00000000039fc6c0 method=java.util.regex.Pattern$5.isSatisfiedBy(I)Z @ 5
Event: 10.739 Thread 0x000000001d8fc800 Uncommon trap: reason=unstable_if action=reinterpret pc=0x0000000004030400 method=java.util.HashMap.putMapEntries(Ljava/util/Map;Z)V @ 53
Event: 11.044 Thread 0x000000001c94b800 Uncommon trap: reason=bimorphic action=maybe_recompile pc=0x0000000003b01498 method=java.io.DataInputStream.readFully([BII)V @ 34
Event: 11.044 Thread 0x000000001c94b800 Uncommon trap: reason=bimorphic action=maybe_recompile pc=0x0000000003b01498 method=java.io.DataInputStream.readFully([BII)V @ 34
Event: 11.074 Thread 0x000000001d8fc800 Uncommon trap: reason=unstable_if action=reinterpret pc=0x0000000003d98edc method=java.util.regex.Pattern$Curly.match0(Ljava/util/regex/Matcher;IILjava/lang/CharSequence;)Z @ 66
Event: 11.074 Thread 0x000000001d8fc800 Uncommon trap: reason=unstable_if action=reinterpret pc=0x0000000003c6afd8 method=java.util.regex.Pattern$Curly.match0(Ljava/util/regex/Matcher;IILjava/lang/CharSequence;)Z @ 66
Event: 11.085 Thread 0x000000001c94b800 Uncommon trap: reason=bimorphic action=maybe_recompile pc=0x0000000003b01498 method=java.io.DataInputStream.readFully([BII)V @ 34
Event: 11.104 Thread 0x000000001c94b800 Uncommon trap: reason=bimorphic action=maybe_recompile pc=0x0000000003b01498 method=java.io.DataInputStream.readFully([BII)V @ 34

Internal exceptions (10 events):
Event: 10.701 Thread 0x000000001d8fc800 Exception <a 'java/lang/ClassNotFoundException': com/alibaba/dubbo/config/AbstractMethodConfigCustomizer> (0x00000000db6543a0) thrown at [C:\re\workspace\8-2-build-windows-amd64-cygwin\jdk8u144\9417\hotspot\src\share\vm\classfile\systemDictionary.cpp, lin
Event: 10.704 Thread 0x000000001d8fc800 Exception <a 'java/lang/ClassNotFoundException': com/alibaba/dubbo/config/AbstractInterfaceConfigCustomizer> (0x00000000db6a94b0) thrown at [C:\re\workspace\8-2-build-windows-amd64-cygwin\jdk8u144\9417\hotspot\src\share\vm\classfile\systemDictionary.cpp, 
Event: 10.707 Thread 0x000000001d8fc800 Exception <a 'java/lang/ClassNotFoundException': com/alibaba/dubbo/config/AbstractReferenceConfigCustomizer> (0x00000000db718cb0) thrown at [C:\re\workspace\8-2-build-windows-amd64-cygwin\jdk8u144\9417\hotspot\src\share\vm\classfile\systemDictionary.cpp, 
Event: 10.711 Thread 0x000000001d8fc800 Exception <a 'java/lang/ClassNotFoundException': com/alibaba/dubbo/config/ReferenceConfigCustomizer> (0x00000000db77c508) thrown at [C:\re\workspace\8-2-build-windows-amd64-cygwin\jdk8u144\9417\hotspot\src\share\vm\classfile\systemDictionary.cpp, line 210
Event: 10.715 Thread 0x000000001d8fc800 Exception <a 'java/lang/ClassNotFoundException': com/alibaba/dubbo/config/spring/ReferenceBeanCustomizer> (0x00000000db7dbb40) thrown at [C:\re\workspace\8-2-build-windows-amd64-cygwin\jdk8u144\9417\hotspot\src\share\vm\classfile\systemDictionary.cpp, lin
Event: 10.736 Thread 0x000000001d8fc800 Exception <a 'java/lang/ClassNotFoundException': com/alibaba/dubbo/config/ApplicationConfigBeanInfo> (0x00000000db91a248) thrown at [C:\re\workspace\8-2-build-windows-amd64-cygwin\jdk8u144\9417\hotspot\src\share\vm\classfile\systemDictionary.cpp, line 210
Event: 10.737 Thread 0x000000001d8fc800 Exception <a 'java/lang/ClassNotFoundException': com/alibaba/dubbo/config/ApplicationConfigCustomizer> (0x00000000db94f658) thrown at [C:\re\workspace\8-2-build-windows-amd64-cygwin\jdk8u144\9417\hotspot\src\share\vm\classfile\systemDictionary.cpp, line 2
Event: 10.744 Thread 0x000000001d8fc800 Exception <a 'java/lang/ClassNotFoundException': com/alibaba/dubbo/config/RegistryConfigBeanInfo> (0x00000000db9bd718) thrown at [C:\re\workspace\8-2-build-windows-amd64-cygwin\jdk8u144\9417\hotspot\src\share\vm\classfile\systemDictionary.cpp, line 210]
Event: 10.746 Thread 0x000000001d8fc800 Exception <a 'java/lang/ClassNotFoundException': com/alibaba/dubbo/config/RegistryConfigCustomizer> (0x00000000db9f1658) thrown at [C:\re\workspace\8-2-build-windows-amd64-cygwin\jdk8u144\9417\hotspot\src\share\vm\classfile\systemDictionary.cpp, line 210]
Event: 11.314 Thread 0x000000001d8fc800 Exception <a 'java/lang/NoClassDefFoundError': org/apache/thrift/TException> (0x00000000d6b02e78) thrown at [C:\re\workspace\8-2-build-windows-amd64-cygwin\jdk8u144\9417\hotspot\src\share\vm\classfile\systemDictionary.cpp, line 199]

Events (10 events):
Event: 11.333 loading class com/alibaba/dubbo/remoting/transport/netty/NettyCodecAdapter$InternalDecoder done
Event: 11.333 loading class org/jboss/netty/channel/SimpleChannelUpstreamHandler
Event: 11.333 loading class org/jboss/netty/channel/SimpleChannelUpstreamHandler done
Event: 11.334 loading class com/alibaba/dubbo/remoting/buffer/ChannelBuffers
Event: 11.334 loading class com/alibaba/dubbo/remoting/buffer/ChannelBuffers done
Event: 11.335 loading class com/alibaba/dubbo/remoting/buffer/HeapChannelBuffer
Event: 11.335 loading class com/alibaba/dubbo/remoting/buffer/HeapChannelBuffer done
Event: 11.335 loading class com/alibaba/dubbo/remoting/buffer/AbstractChannelBuffer
Event: 11.335 loading class com/alibaba/dubbo/remoting/buffer/AbstractChannelBuffer done
Event: 11.336 Executing VM operation: CollectForMetadataAllocation


Dynamic libraries:
0x00007ff7b9140000 - 0x00007ff7b9177000 	E:\JAVA\jdk1.8.0_144\bin\java.exe
0x00007ffb4eac0000 - 0x00007ffb4ecb0000 	C:\WINDOWS\SYSTEM32\ntdll.dll
0x00007ffb4de20000 - 0x00007ffb4ded2000 	C:\WINDOWS\System32\KERNEL32.DLL
0x00007ffb4c530000 - 0x00007ffb4c7d4000 	C:\WINDOWS\System32\KERNELBASE.dll
0x00007ffb4e630000 - 0x00007ffb4e6d3000 	C:\WINDOWS\System32\ADVAPI32.dll
0x00007ffb4e470000 - 0x00007ffb4e50e000 	C:\WINDOWS\System32\msvcrt.dll
0x00007ffb4cd90000 - 0x00007ffb4ce27000 	C:\WINDOWS\System32\sechost.dll
0x00007ffb4e510000 - 0x00007ffb4e630000 	C:\WINDOWS\System32\RPCRT4.dll
0x00007ffb4e8e0000 - 0x00007ffb4ea74000 	C:\WINDOWS\System32\USER32.dll
0x00007ffb4c2e0000 - 0x00007ffb4c301000 	C:\WINDOWS\System32\win32u.dll
0x00007ffb4d1f0000 - 0x00007ffb4d216000 	C:\WINDOWS\System32\GDI32.dll
0x00007ffb4c310000 - 0x00007ffb4c4a4000 	C:\WINDOWS\System32\gdi32full.dll
0x00007ffb4c1d0000 - 0x00007ffb4c26e000 	C:\WINDOWS\System32\msvcp_win.dll
0x00007ffb4c990000 - 0x00007ffb4ca8a000 	C:\WINDOWS\System32\ucrtbase.dll
0x00007ffb30960000 - 0x00007ffb30be4000 	C:\WINDOWS\WinSxS\amd64_microsoft.windows.common-controls_6595b64144ccf1df_6.0.18362.836_none_e6c4b943130f18ed\COMCTL32.dll
0x00007ffb4ce30000 - 0x00007ffb4d166000 	C:\WINDOWS\System32\combase.dll
0x00007ffb4c4b0000 - 0x00007ffb4c530000 	C:\WINDOWS\System32\bcryptPrimitives.dll
0x00007ffb4e210000 - 0x00007ffb4e23e000 	C:\WINDOWS\System32\IMM32.DLL
0x000000005dde0000 - 0x000000005deb2000 	E:\JAVA\jdk1.8.0_144\jre\bin\msvcr100.dll
0x000000005c670000 - 0x000000005cf0d000 	E:\JAVA\jdk1.8.0_144\jre\bin\server\jvm.dll
0x00007ffb4cd80000 - 0x00007ffb4cd88000 	C:\WINDOWS\System32\PSAPI.DLL
0x00007ffb43d50000 - 0x00007ffb43d59000 	C:\WINDOWS\SYSTEM32\WSOCK32.dll
0x00007ffb3f7c0000 - 0x00007ffb3f7ca000 	C:\WINDOWS\SYSTEM32\VERSION.dll
0x00007ffb3d710000 - 0x00007ffb3d734000 	C:\WINDOWS\SYSTEM32\WINMM.dll
0x00007ffb4dd90000 - 0x00007ffb4ddff000 	C:\WINDOWS\System32\WS2_32.dll
0x00007ffb3d6e0000 - 0x00007ffb3d70d000 	C:\WINDOWS\SYSTEM32\winmmbase.dll
0x00007ffb4c270000 - 0x00007ffb4c2ba000 	C:\WINDOWS\System32\cfgmgr32.dll
0x000000005ddb0000 - 0x000000005ddbf000 	E:\JAVA\jdk1.8.0_144\jre\bin\verify.dll
0x000000005c640000 - 0x000000005c669000 	E:\JAVA\jdk1.8.0_144\jre\bin\java.dll
0x000000005c610000 - 0x000000005c633000 	E:\JAVA\jdk1.8.0_144\jre\bin\instrument.dll
0x000000005c5f0000 - 0x000000005c606000 	E:\JAVA\jdk1.8.0_144\jre\bin\zip.dll
0x00007ffb4d6a0000 - 0x00007ffb4dd84000 	C:\WINDOWS\System32\SHELL32.dll
0x00007ffb4df50000 - 0x00007ffb4dff9000 	C:\WINDOWS\System32\shcore.dll
0x00007ffb4ba50000 - 0x00007ffb4c1ce000 	C:\WINDOWS\System32\windows.storage.dll
0x00007ffb4b9b0000 - 0x00007ffb4b9d3000 	C:\WINDOWS\System32\profapi.dll
0x00007ffb4b9e0000 - 0x00007ffb4ba2a000 	C:\WINDOWS\System32\powrprof.dll
0x00007ffb4b980000 - 0x00007ffb4b990000 	C:\WINDOWS\System32\UMPDC.dll
0x00007ffb4cb70000 - 0x00007ffb4cbc2000 	C:\WINDOWS\System32\shlwapi.dll
0x00007ffb4ba30000 - 0x00007ffb4ba41000 	C:\WINDOWS\System32\kernel.appcore.dll
0x00007ffb4c2c0000 - 0x00007ffb4c2d7000 	C:\WINDOWS\System32\cryptsp.dll
0x00007ffb3f8e0000 - 0x00007ffb3f8fa000 	C:\Program Files\JetBrains\IntelliJ IDEA 2017.2.4\bin\breakgen64.dll
0x000000005c5d0000 - 0x000000005c5ea000 	E:\JAVA\jdk1.8.0_144\jre\bin\net.dll
0x00007ffb4b1f0000 - 0x00007ffb4b257000 	C:\WINDOWS\system32\mswsock.dll
0x000000005c5b0000 - 0x000000005c5c1000 	E:\JAVA\jdk1.8.0_144\jre\bin\nio.dll
0x00007ffb4ad60000 - 0x00007ffb4ad93000 	C:\WINDOWS\system32\rsaenh.dll
0x00007ffb4ca90000 - 0x00007ffb4cab6000 	C:\WINDOWS\System32\bcrypt.dll
0x00007ffb4b8a0000 - 0x00007ffb4b8c5000 	C:\WINDOWS\SYSTEM32\USERENV.dll
0x00007ffb4b3c0000 - 0x00007ffb4b3cc000 	C:\WINDOWS\SYSTEM32\CRYPTBASE.dll
0x00007ffb4af00000 - 0x00007ffb4af3a000 	C:\WINDOWS\SYSTEM32\IPHLPAPI.DLL
0x00007ffb4df40000 - 0x00007ffb4df48000 	C:\WINDOWS\System32\NSI.dll
0x00007ffb40c40000 - 0x00007ffb40c56000 	C:\WINDOWS\SYSTEM32\dhcpcsvc6.DLL
0x00007ffb40c20000 - 0x00007ffb40c3c000 	C:\WINDOWS\SYSTEM32\dhcpcsvc.DLL
0x00007ffb4af40000 - 0x00007ffb4b00b000 	C:\WINDOWS\SYSTEM32\DNSAPI.dll
0x000000005dc90000 - 0x000000005dc9d000 	E:\JAVA\jdk1.8.0_144\jre\bin\management.dll
0x00007ffb31c00000 - 0x00007ffb31c16000 	C:\WINDOWS\system32\napinsp.dll
0x00007ffb31be0000 - 0x00007ffb31bfa000 	C:\WINDOWS\system32\pnrpnsp.dll
0x00007ffb32680000 - 0x00007ffb3268e000 	C:\WINDOWS\System32\winrnr.dll
0x00007ffb41450000 - 0x00007ffb4146c000 	C:\WINDOWS\system32\NLAapi.dll
0x00007ffb440a0000 - 0x00007ffb440b5000 	C:\WINDOWS\system32\wshbth.dll
0x00007ffb42c10000 - 0x00007ffb42c1a000 	C:\Windows\System32\rasadhlp.dll
0x00007ffb408d0000 - 0x00007ffb40947000 	C:\WINDOWS\System32\fwpuclnt.dll

VM Arguments:
jvm_args: -Dmaven.multiModuleProjectDirectory=E:\taotao\taotao-order-web -Dmaven.home=E:\tool\apache-maven-3.3.9 -Dclassworlds.conf=E:\tool\apache-maven-3.3.9\bin\m2.conf -javaagent:C:\Program Files\JetBrains\IntelliJ IDEA 2017.2.4\lib\idea_rt.jar=61353:C:\Program Files\JetBrains\IntelliJ IDEA 2017.2.4\bin -Dfile.encoding=UTF-8 
java_command: org.codehaus.classworlds.Launcher -Didea.version=2017.2.4 tomcat7:run
java_class_path (initial): E:\tool\apache-maven-3.3.9\boot\plexus-classworlds-2.5.2.jar;C:\Program Files\JetBrains\IntelliJ IDEA 2017.2.4\lib\idea_rt.jar
Launcher Type: SUN_STANDARD

Environment Variables:
JAVA_HOME=E:\JAVA\jdk1.8.0_144
PATH=C:\ProgramData\Oracle\Java\javapath;C:\WINDOWS\system32;C:\WINDOWS;C:\WINDOWS\System32\Wbem;C:\WINDOWS\System32\WindowsPowerShell\v1.0\;C:\WINDOWS\System32\OpenSSH\;E:\JAVA\jdk1.8.0_144\bin;E:\JAVA\jdk1.8.0_144\jre\bin;C:\Program Files\MySQL\MySQL Server 5.6\bin;E:\apache-tomcat-7.0.99\bin;E:\tool\apache-maven-3.3.9\bin\bin;C:\Program Files\Git\cmd;C:\Users\ThinkPad\AppData\Local\Microsoft\WindowsApps;
USERNAME=ThinkPad
OS=Windows_NT
PROCESSOR_IDENTIFIER=Intel64 Family 6 Model 142 Stepping 11, GenuineIntel



---------------  S Y S T E M  ---------------

OS: Windows 10.0 , 64 bit Build 18362 (10.0.18362.778)

CPU:total 8 (initial active 8) (4 cores per cpu, 2 threads per core) family 6 model 142 stepping 11, cmov, cx8, fxsr, mmx, sse, sse2, sse3, ssse3, sse4.1, sse4.2, popcnt, avx, avx2, aes, clmul, erms, 3dnowpref, lzcnt, ht, tsc, tscinvbit, bmi1, bmi2, adx

Memory: 4k page, physical 8227000k(1875568k free), swap 18302408k(5280k free)

vm_info: Java HotSpot(TM) 64-Bit Server VM (25.144-b01) for windows-amd64 JRE (1.8.0_144-b01), built on Jul 21 2017 21:57:33 by "java_re" with MS VC++ 10.0 (VS2010)

time: Thu May 21 15:28:21 2020
elapsed time: 11 seconds (0d 0h 0m 11s)

