#
# There is insufficient memory for the Java Runtime Environment to continue.
# Native memory allocation (malloc) failed to allocate 262160 bytes for Chunk::new
# Possible reasons:
#   The system is out of physical RAM or swap space
#   In 32 bit mode, the process size limit was hit
# Possible solutions:
#   Reduce memory load on the system
#   Increase physical memory or swap space
#   Check if swap backing store is full
#   Use 64 bit Java on a 64 bit OS
#   Decrease Java heap size (-Xmx/-Xms)
#   Decrease number of Java threads
#   Decrease Java thread stack sizes (-Xss)
#   Set larger code cache with -XX:ReservedCodeCacheSize=
# This output file may be truncated or incomplete.
#
#  Out of Memory Error (allocation.cpp:390), pid=4340, tid=0x000000000000626c
#
# JRE version: Java(TM) SE Runtime Environment (8.0_144-b01) (build 1.8.0_144-b01)
# Java VM: Java HotSpot(TM) 64-Bit Server VM (25.144-b01 mixed mode windows-amd64 compressed oops)
# Failed to write core dump. Minidumps are not enabled by default on client versions of Windows
#

---------------  T H R E A D  ---------------

Current thread (0x000000001a311800):  JavaThread "C2 CompilerThread0" daemon [_thread_in_native, id=25196, stack(0x000000001aab0000,0x000000001abb0000)]

Stack: [0x000000001aab0000,0x000000001abb0000]
[error occurred during error reporting (printing stack bounds), id 0xc0000005]

Native frames: (J=compiled Java code, j=interpreted, Vv=VM code, C=native code)


Current CompileTask:
C2:   7417 4070   !   4       org.apache.catalina.startup.ContextConfig::populateJavaClassCache (159 bytes)


---------------  P R O C E S S  ---------------

Java Threads: ( => current thread )
  0x000000001f5b0000 JavaThread "localhost-startStop-1" daemon [_thread_in_native, id=22540, stack(0x00000000204a0000,0x00000000205a0000)]
  0x000000001db06000 JavaThread "Tomcat-startStop-1" daemon [_thread_blocked, id=20904, stack(0x0000000020600000,0x0000000020700000)]
  0x000000001a3af800 JavaThread "Service Thread" daemon [_thread_blocked, id=8772, stack(0x000000001aeb0000,0x000000001afb0000)]
  0x000000001a320000 JavaThread "C1 CompilerThread3" daemon [_thread_blocked, id=11716, stack(0x000000001adb0000,0x000000001aeb0000)]
  0x000000001a31b000 JavaThread "C2 CompilerThread2" daemon [_thread_in_native, id=13016, stack(0x000000001acb0000,0x000000001adb0000)]
  0x000000001a317000 JavaThread "C2 CompilerThread1" daemon [_thread_in_native, id=10852, stack(0x000000001abb0000,0x000000001acb0000)]
=>0x000000001a311800 JavaThread "C2 CompilerThread0" daemon [_thread_in_native, id=25196, stack(0x000000001aab0000,0x000000001abb0000)]
  0x000000001a304800 JavaThread "Monitor Ctrl-Break" daemon [_thread_in_native, id=11092, stack(0x000000001a9b0000,0x000000001aab0000)]
  0x000000001a2db000 JavaThread "Attach Listener" daemon [_thread_blocked, id=12948, stack(0x000000001a8b0000,0x000000001a9b0000)]
  0x000000001a2da000 JavaThread "Signal Dispatcher" daemon [_thread_blocked, id=1752, stack(0x000000001a7b0000,0x000000001a8b0000)]
  0x000000001a270800 JavaThread "Finalizer" daemon [_thread_blocked, id=23256, stack(0x000000001a650000,0x000000001a750000)]
  0x0000000003468000 JavaThread "Reference Handler" daemon [_thread_blocked, id=23168, stack(0x000000001a150000,0x000000001a250000)]
  0x0000000002efd800 JavaThread "main" [_thread_blocked, id=2932, stack(0x0000000002db0000,0x0000000002eb0000)]

Other Threads:
  0x0000000018369800 VMThread [stack: 0x000000001a050000,0x000000001a150000] [id=10356]
  0x000000001a3df800 WatcherThread [stack: 0x000000001afb0000,0x000000001b0b0000] [id=8544]

VM state:not at safepoint (normal execution)

VM Mutex/Monitor currently owned by a thread: None

Heap:
 PSYoungGen      total 141824K, used 25227K [0x00000000d6200000, 0x00000000df700000, 0x0000000100000000)
  eden space 131072K, 11% used [0x00000000d6200000,0x00000000d7025a48,0x00000000de200000)
  from space 10752K, 99% used [0x00000000dec80000,0x00000000df6fd578,0x00000000df700000)
  to   space 10752K, 0% used [0x00000000de200000,0x00000000de200000,0x00000000dec80000)
 ParOldGen       total 71168K, used 39772K [0x0000000082600000, 0x0000000086b80000, 0x00000000d6200000)
  object space 71168K, 55% used [0x0000000082600000,0x0000000084cd73a8,0x0000000086b80000)
 Metaspace       used 23722K, capacity 24248K, committed 24496K, reserved 1071104K
  class space    used 2778K, capacity 2904K, committed 2992K, reserved 1048576K

Card table byte_map: [0x0000000012830000,0x0000000012c20000] byte_map_base: 0x000000001241d000

Marking Bits: (ParMarkBitMap*) 0x000000005ce8d850
 Begin Bits: [0x00000000136c0000, 0x0000000015628000)
 End Bits:   [0x0000000015628000, 0x0000000017590000)

Polling page: 0x0000000001080000

CodeCache: size=245760Kb used=12695Kb max_used=13797Kb free=233064Kb
 bounds [0x0000000003470000, 0x0000000004200000, 0x0000000012470000]
 total_blobs=3922 nmethods=3532 adapters=302
 compilation: enabled

Compilation events (10 events):
Event: 7.328 Thread 0x000000001a320000 4080   !   3       sun.misc.URLClassPath$JarLoader::getResource (353 bytes)
Event: 7.331 Thread 0x000000001a320000 nmethod 4080 0x0000000003ac0e50 code [0x0000000003ac1260, 0x0000000003ac30e8]
Event: 7.332 Thread 0x000000001a320000 4081       3       sun.misc.JarIndex::get (49 bytes)
Event: 7.332 Thread 0x000000001a320000 nmethod 4081 0x000000000361c4d0 code [0x000000000361c6a0, 0x000000000361cf18]
Event: 7.377 Thread 0x000000001a320000 4082       3       java.util.HashMap$Values::iterator (12 bytes)
Event: 7.377 Thread 0x000000001a320000 nmethod 4082 0x0000000003863950 code [0x0000000003863ac0, 0x0000000003863d28]
Event: 7.377 Thread 0x000000001a320000 4083       3       java.util.HashMap$ValueIterator::<init> (11 bytes)
Event: 7.377 Thread 0x000000001a320000 nmethod 4083 0x0000000003824310 code [0x0000000003824480, 0x0000000003824628]
Event: 7.406 Thread 0x000000001a320000 4085       3       org.codehaus.plexus.classworlds.realm.ClassRealm::isImportedFromParent (65 bytes)
Event: 7.407 Thread 0x000000001a320000 nmethod 4085 0x0000000003a5f390 code [0x0000000003a5f560, 0x0000000003a5fc88]

GC Heap History (10 events):
Event: 3.466 GC heap before
{Heap before GC invocations=5 (full 0):
 PSYoungGen      total 70656K, used 70632K [0x00000000d6200000, 0x00000000dac00000, 0x0000000100000000)
  eden space 65536K, 100% used [0x00000000d6200000,0x00000000da200000,0x00000000da200000)
  from space 5120K, 99% used [0x00000000da700000,0x00000000dabfa040,0x00000000dac00000)
  to   space 5120K, 0% used [0x00000000da200000,0x00000000da200000,0x00000000da700000)
 ParOldGen       total 86016K, used 6726K [0x0000000082600000, 0x0000000087a00000, 0x00000000d6200000)
  object space 86016K, 7% used [0x0000000082600000,0x0000000082c91950,0x0000000087a00000)
 Metaspace       used 17273K, capacity 17810K, committed 18048K, reserved 1064960K
  class space    used 2030K, capacity 2167K, committed 2176K, reserved 1048576K
Event: 3.477 GC heap after
Heap after GC invocations=5 (full 0):
 PSYoungGen      total 70656K, used 5096K [0x00000000d6200000, 0x00000000df700000, 0x0000000100000000)
  eden space 65536K, 0% used [0x00000000d6200000,0x00000000d6200000,0x00000000da200000)
  from space 5120K, 99% used [0x00000000da200000,0x00000000da6fa040,0x00000000da700000)
  to   space 10752K, 0% used [0x00000000dec80000,0x00000000dec80000,0x00000000df700000)
 ParOldGen       total 86016K, used 11233K [0x0000000082600000, 0x0000000087a00000, 0x00000000d6200000)
  object space 86016K, 13% used [0x0000000082600000,0x00000000830f8558,0x0000000087a00000)
 Metaspace       used 17273K, capacity 17810K, committed 18048K, reserved 1064960K
  class space    used 2030K, capacity 2167K, committed 2176K, reserved 1048576K
}
Event: 4.664 GC heap before
{Heap before GC invocations=6 (full 0):
 PSYoungGen      total 70656K, used 34196K [0x00000000d6200000, 0x00000000df700000, 0x0000000100000000)
  eden space 65536K, 44% used [0x00000000d6200000,0x00000000d7e6b100,0x00000000da200000)
  from space 5120K, 99% used [0x00000000da200000,0x00000000da6fa040,0x00000000da700000)
  to   space 10752K, 0% used [0x00000000dec80000,0x00000000dec80000,0x00000000df700000)
 ParOldGen       total 86016K, used 11233K [0x0000000082600000, 0x0000000087a00000, 0x00000000d6200000)
  object space 86016K, 13% used [0x0000000082600000,0x00000000830f8558,0x0000000087a00000)
 Metaspace       used 20733K, capacity 21194K, committed 21296K, reserved 1069056K
  class space    used 2459K, capacity 2591K, committed 2608K, reserved 1048576K
Event: 4.673 GC heap after
Heap after GC invocations=6 (full 0):
 PSYoungGen      total 141824K, used 8533K [0x00000000d6200000, 0x00000000df700000, 0x0000000100000000)
  eden space 131072K, 0% used [0x00000000d6200000,0x00000000d6200000,0x00000000de200000)
  from space 10752K, 79% used [0x00000000dec80000,0x00000000df4d5730,0x00000000df700000)
  to   space 10752K, 0% used [0x00000000de200000,0x00000000de200000,0x00000000dec80000)
 ParOldGen       total 86016K, used 11241K [0x0000000082600000, 0x0000000087a00000, 0x00000000d6200000)
  object space 86016K, 13% used [0x0000000082600000,0x00000000830fa558,0x0000000087a00000)
 Metaspace       used 20733K, capacity 21194K, committed 21296K, reserved 1069056K
  class space    used 2459K, capacity 2591K, committed 2608K, reserved 1048576K
}
Event: 4.673 GC heap before
{Heap before GC invocations=7 (full 1):
 PSYoungGen      total 141824K, used 8533K [0x00000000d6200000, 0x00000000df700000, 0x0000000100000000)
  eden space 131072K, 0% used [0x00000000d6200000,0x00000000d6200000,0x00000000de200000)
  from space 10752K, 79% used [0x00000000dec80000,0x00000000df4d5730,0x00000000df700000)
  to   space 10752K, 0% used [0x00000000de200000,0x00000000de200000,0x00000000dec80000)
 ParOldGen       total 86016K, used 11241K [0x0000000082600000, 0x0000000087a00000, 0x00000000d6200000)
  object space 86016K, 13% used [0x0000000082600000,0x00000000830fa558,0x0000000087a00000)
 Metaspace       used 20733K, capacity 21194K, committed 21296K, reserved 1069056K
  class space    used 2459K, capacity 2591K, committed 2608K, reserved 1048576K
Event: 4.744 GC heap after
Heap after GC invocations=7 (full 1):
 PSYoungGen      total 141824K, used 0K [0x00000000d6200000, 0x00000000df700000, 0x0000000100000000)
  eden space 131072K, 0% used [0x00000000d6200000,0x00000000d6200000,0x00000000de200000)
  from space 10752K, 0% used [0x00000000dec80000,0x00000000dec80000,0x00000000df700000)
  to   space 10752K, 0% used [0x00000000de200000,0x00000000de200000,0x00000000dec80000)
 ParOldGen       total 71168K, used 13387K [0x0000000082600000, 0x0000000086b80000, 0x00000000d6200000)
  object space 71168K, 18% used [0x0000000082600000,0x0000000083312eb0,0x0000000086b80000)
 Metaspace       used 20733K, capacity 21194K, committed 21296K, reserved 1069056K
  class space    used 2459K, capacity 2591K, committed 2608K, reserved 1048576K
}
Event: 6.484 GC heap before
{Heap before GC invocations=8 (full 1):
 PSYoungGen      total 141824K, used 131072K [0x00000000d6200000, 0x00000000df700000, 0x0000000100000000)
  eden space 131072K, 100% used [0x00000000d6200000,0x00000000de200000,0x00000000de200000)
  from space 10752K, 0% used [0x00000000dec80000,0x00000000dec80000,0x00000000df700000)
  to   space 10752K, 0% used [0x00000000de200000,0x00000000de200000,0x00000000dec80000)
 ParOldGen       total 71168K, used 13387K [0x0000000082600000, 0x0000000086b80000, 0x00000000d6200000)
  object space 71168K, 18% used [0x0000000082600000,0x0000000083312eb0,0x0000000086b80000)
 Metaspace       used 23717K, capacity 24248K, committed 24496K, reserved 1071104K
  class space    used 2778K, capacity 2904K, committed 2992K, reserved 1048576K
Event: 6.500 GC heap after
Heap after GC invocations=8 (full 1):
 PSYoungGen      total 141824K, used 10744K [0x00000000d6200000, 0x00000000df700000, 0x0000000100000000)
  eden space 131072K, 0% used [0x00000000d6200000,0x00000000d6200000,0x00000000de200000)
  from space 10752K, 99% used [0x00000000de200000,0x00000000dec7e140,0x00000000dec80000)
  to   space 10752K, 0% used [0x00000000dec80000,0x00000000dec80000,0x00000000df700000)
 ParOldGen       total 71168K, used 22426K [0x0000000082600000, 0x0000000086b80000, 0x00000000d6200000)
  object space 71168K, 31% used [0x0000000082600000,0x0000000083be69c0,0x0000000086b80000)
 Metaspace       used 23717K, capacity 24248K, committed 24496K, reserved 1071104K
  class space    used 2778K, capacity 2904K, committed 2992K, reserved 1048576K
}
Event: 7.334 GC heap before
{Heap before GC invocations=9 (full 1):
 PSYoungGen      total 141824K, used 141816K [0x00000000d6200000, 0x00000000df700000, 0x0000000100000000)
  eden space 131072K, 100% used [0x00000000d6200000,0x00000000de200000,0x00000000de200000)
  from space 10752K, 99% used [0x00000000de200000,0x00000000dec7e140,0x00000000dec80000)
  to   space 10752K, 0% used [0x00000000dec80000,0x00000000dec80000,0x00000000df700000)
 ParOldGen       total 71168K, used 22426K [0x0000000082600000, 0x0000000086b80000, 0x00000000d6200000)
  object space 71168K, 31% used [0x0000000082600000,0x0000000083be69c0,0x0000000086b80000)
 Metaspace       used 23721K, capacity 24248K, committed 24496K, reserved 1071104K
  class space    used 2778K, capacity 2904K, committed 2992K, reserved 1048576K
Event: 7.362 GC heap after
Heap after GC invocations=9 (full 1):
 PSYoungGen      total 141824K, used 10741K [0x00000000d6200000, 0x00000000df700000, 0x0000000100000000)
  eden space 131072K, 0% used [0x00000000d6200000,0x00000000d6200000,0x00000000de200000)
  from space 10752K, 99% used [0x00000000dec80000,0x00000000df6fd578,0x00000000df700000)
  to   space 10752K, 0% used [0x00000000de200000,0x00000000de200000,0x00000000dec80000)
 ParOldGen       total 71168K, used 39772K [0x0000000082600000, 0x0000000086b80000, 0x00000000d6200000)
  object space 71168K, 55% used [0x0000000082600000,0x0000000084cd73a8,0x0000000086b80000)
 Metaspace       used 23721K, capacity 24248K, committed 24496K, reserved 1071104K
  class space    used 2778K, capacity 2904K, committed 2992K, reserved 1048576K
}

Deoptimization events (10 events):
Event: 5.556 Thread 0x000000001f5b0000 Uncommon trap: reason=speculate_class_check action=maybe_recompile pc=0x0000000003dd427c method=java.nio.charset.CharsetDecoder.reset()Ljava/nio/charset/CharsetDecoder; @ 1
Event: 5.561 Thread 0x000000001f5b0000 Uncommon trap: reason=speculate_class_check action=maybe_recompile pc=0x0000000003dd427c method=java.nio.charset.CharsetDecoder.reset()Ljava/nio/charset/CharsetDecoder; @ 1
Event: 5.606 Thread 0x000000001f5b0000 Uncommon trap: reason=unstable_if action=reinterpret pc=0x0000000003a01640 method=java.io.BufferedReader.readLine(Z)Ljava/lang/String; @ 160
Event: 5.723 Thread 0x000000001f5b0000 Uncommon trap: reason=unloaded action=reinterpret pc=0x00000000037ce2ac method=org.apache.tomcat.util.bcel.classfile.Constant.readConstant(Ljava/io/DataInputStream;)Lorg/apache/tomcat/util/bcel/classfile/Constant; @ 164
Event: 5.815 Thread 0x000000001f5b0000 Uncommon trap: reason=unstable_if action=reinterpret pc=0x00000000035d1068 method=org.apache.tomcat.util.bcel.classfile.ConstantUtf8.getCachedInstance(Ljava/lang/String;)Lorg/apache/tomcat/util/bcel/classfile/ConstantUtf8; @ 7
Event: 5.860 Thread 0x000000001f5b0000 Uncommon trap: reason=unstable_if action=reinterpret pc=0x000000000407d328 method=org.codehaus.plexus.classworlds.realm.Entry.matches(Ljava/lang/String;)Z @ 209
Event: 5.863 Thread 0x000000001f5b0000 Uncommon trap: reason=unstable_if action=reinterpret pc=0x00000000039efbfc method=java.io.DataInputStream.readUTF(Ljava/io/DataInput;)Ljava/lang/String; @ 112
Event: 6.122 Thread 0x000000001f5b0000 Uncommon trap: reason=unstable_if action=reinterpret pc=0x00000000040900a8 method=java.util.HashMap.removeNode(ILjava/lang/Object;Ljava/lang/Object;ZZ)Ljava/util/HashMap$Node; @ 71
Event: 6.193 Thread 0x000000001f5b0000 Uncommon trap: reason=unloaded action=reinterpret pc=0x00000000041def8c method=org.apache.tomcat.util.bcel.classfile.Attribute.readAttribute(Ljava/io/DataInputStream;Lorg/apache/tomcat/util/bcel/classfile/ConstantPool;)Lorg/apache/tomcat/util/bcel/classfi
Event: 6.500 Thread 0x000000001a270800 Uncommon trap: reason=unstable_if action=reinterpret pc=0x00000000040aa860 method=java.util.WeakHashMap.eq(Ljava/lang/Object;Ljava/lang/Object;)Z @ 10

Internal exceptions (10 events):
Event: 1.275 Thread 0x0000000002efd800 Implicit null exception at 0x000000000363965b to 0x000000000363980d
Event: 1.681 Thread 0x0000000002efd800 Implicit null exception at 0x000000000380a515 to 0x000000000380a6ed
Event: 1.681 Thread 0x0000000002efd800 Implicit null exception at 0x00000000037e14ef to 0x00000000037e1559
Event: 1.683 Thread 0x0000000002efd800 Implicit null exception at 0x00000000038b10fb to 0x00000000038b1849
Event: 1.760 Thread 0x0000000002efd800 Implicit null exception at 0x0000000003a4e28a to 0x0000000003a4e531
Event: 2.844 Thread 0x0000000002efd800 Implicit null exception at 0x0000000003cb41a8 to 0x0000000003cb52b5
Event: 3.097 Thread 0x0000000002efd800 Implicit null exception at 0x0000000003e05a61 to 0x0000000003e06c82
Event: 3.654 Thread 0x0000000002efd800 Exception <a 'java/io/FileNotFoundException'> (0x00000000d7098158) thrown at [C:\re\workspace\8-2-build-windows-amd64-cygwin\jdk8u144\9417\hotspot\src\share\vm\prims\jni.cpp, line 709]
Event: 5.207 Thread 0x000000001f5b0000 Implicit null exception at 0x0000000003921c97 to 0x0000000003922081
Event: 5.207 Thread 0x000000001f5b0000 Implicit null exception at 0x0000000003683496 to 0x000000000368382d

Events (10 events):
Event: 7.331 Thread 0x000000001a320000 flushing nmethod 0x000000000400f290
Event: 7.334 Executing VM operation: ParallelGCFailedAllocation
Event: 7.362 Executing VM operation: ParallelGCFailedAllocation done
Event: 7.365 Executing VM operation: RevokeBias
Event: 7.365 Executing VM operation: RevokeBias done
Event: 7.377 Thread 0x000000001a320000 flushing nmethod 0x0000000003585e10
Event: 7.377 Thread 0x000000001a320000 flushing nmethod 0x00000000035de4d0
Event: 7.377 Thread 0x000000001a320000 flushing nmethod 0x00000000035e8c10
Event: 7.378 Thread 0x000000001a320000 flushing nmethod 0x00000000036332d0
Event: 7.378 Thread 0x000000001a320000 flushing nmethod 0x000000000363fd10


Dynamic libraries:
0x00007ff7b9140000 - 0x00007ff7b9177000 	E:\JAVA\jdk1.8.0_144\bin\java.exe
0x00007ffb4eac0000 - 0x00007ffb4ecb0000 	C:\WINDOWS\SYSTEM32\ntdll.dll
0x00007ffb4de20000 - 0x00007ffb4ded2000 	C:\WINDOWS\System32\KERNEL32.DLL
0x00007ffb4c530000 - 0x00007ffb4c7d4000 	C:\WINDOWS\System32\KERNELBASE.dll
0x00007ffb4e630000 - 0x00007ffb4e6d3000 	C:\WINDOWS\System32\ADVAPI32.dll
0x00007ffb4e470000 - 0x00007ffb4e50e000 	C:\WINDOWS\System32\msvcrt.dll
0x00007ffb4cd90000 - 0x00007ffb4ce27000 	C:\WINDOWS\System32\sechost.dll
0x00007ffb4e510000 - 0x00007ffb4e630000 	C:\WINDOWS\System32\RPCRT4.dll
0x00007ffb4e8e0000 - 0x00007ffb4ea74000 	C:\WINDOWS\System32\USER32.dll
0x00007ffb4c2e0000 - 0x00007ffb4c301000 	C:\WINDOWS\System32\win32u.dll
0x00007ffb4d1f0000 - 0x00007ffb4d216000 	C:\WINDOWS\System32\GDI32.dll
0x00007ffb4c310000 - 0x00007ffb4c4a4000 	C:\WINDOWS\System32\gdi32full.dll
0x00007ffb4c1d0000 - 0x00007ffb4c26e000 	C:\WINDOWS\System32\msvcp_win.dll
0x00007ffb4c990000 - 0x00007ffb4ca8a000 	C:\WINDOWS\System32\ucrtbase.dll
0x00007ffb30960000 - 0x00007ffb30be4000 	C:\WINDOWS\WinSxS\amd64_microsoft.windows.common-controls_6595b64144ccf1df_6.0.18362.836_none_e6c4b943130f18ed\COMCTL32.dll
0x00007ffb4ce30000 - 0x00007ffb4d166000 	C:\WINDOWS\System32\combase.dll
0x00007ffb4c4b0000 - 0x00007ffb4c530000 	C:\WINDOWS\System32\bcryptPrimitives.dll
0x00007ffb4e210000 - 0x00007ffb4e23e000 	C:\WINDOWS\System32\IMM32.DLL
0x000000005dde0000 - 0x000000005deb2000 	E:\JAVA\jdk1.8.0_144\jre\bin\msvcr100.dll
0x000000005c670000 - 0x000000005cf0d000 	E:\JAVA\jdk1.8.0_144\jre\bin\server\jvm.dll
0x00007ffb4cd80000 - 0x00007ffb4cd88000 	C:\WINDOWS\System32\PSAPI.DLL
0x00007ffb3d710000 - 0x00007ffb3d734000 	C:\WINDOWS\SYSTEM32\WINMM.dll
0x00007ffb3f7c0000 - 0x00007ffb3f7ca000 	C:\WINDOWS\SYSTEM32\VERSION.dll
0x00007ffb43d50000 - 0x00007ffb43d59000 	C:\WINDOWS\SYSTEM32\WSOCK32.dll
0x00007ffb4dd90000 - 0x00007ffb4ddff000 	C:\WINDOWS\System32\WS2_32.dll
0x00007ffb3d6e0000 - 0x00007ffb3d70d000 	C:\WINDOWS\SYSTEM32\winmmbase.dll
0x00007ffb4c270000 - 0x00007ffb4c2ba000 	C:\WINDOWS\System32\cfgmgr32.dll
0x000000005ddb0000 - 0x000000005ddbf000 	E:\JAVA\jdk1.8.0_144\jre\bin\verify.dll
0x000000005c640000 - 0x000000005c669000 	E:\JAVA\jdk1.8.0_144\jre\bin\java.dll
0x000000005c610000 - 0x000000005c633000 	E:\JAVA\jdk1.8.0_144\jre\bin\instrument.dll
0x000000005c5f0000 - 0x000000005c606000 	E:\JAVA\jdk1.8.0_144\jre\bin\zip.dll
0x00007ffb4d6a0000 - 0x00007ffb4dd84000 	C:\WINDOWS\System32\SHELL32.dll
0x00007ffb4df50000 - 0x00007ffb4dff9000 	C:\WINDOWS\System32\shcore.dll
0x00007ffb4ba50000 - 0x00007ffb4c1ce000 	C:\WINDOWS\System32\windows.storage.dll
0x00007ffb4b9b0000 - 0x00007ffb4b9d3000 	C:\WINDOWS\System32\profapi.dll
0x00007ffb4b9e0000 - 0x00007ffb4ba2a000 	C:\WINDOWS\System32\powrprof.dll
0x00007ffb4b980000 - 0x00007ffb4b990000 	C:\WINDOWS\System32\UMPDC.dll
0x00007ffb4cb70000 - 0x00007ffb4cbc2000 	C:\WINDOWS\System32\shlwapi.dll
0x00007ffb4ba30000 - 0x00007ffb4ba41000 	C:\WINDOWS\System32\kernel.appcore.dll
0x00007ffb4c2c0000 - 0x00007ffb4c2d7000 	C:\WINDOWS\System32\cryptsp.dll
0x00007ffb3f8e0000 - 0x00007ffb3f8fa000 	C:\Program Files\JetBrains\IntelliJ IDEA 2017.2.4\bin\breakgen64.dll
0x000000005c5d0000 - 0x000000005c5ea000 	E:\JAVA\jdk1.8.0_144\jre\bin\net.dll
0x00007ffb4b1f0000 - 0x00007ffb4b257000 	C:\WINDOWS\system32\mswsock.dll
0x000000005c5b0000 - 0x000000005c5c1000 	E:\JAVA\jdk1.8.0_144\jre\bin\nio.dll
0x00007ffb4ad60000 - 0x00007ffb4ad93000 	C:\WINDOWS\system32\rsaenh.dll
0x00007ffb4ca90000 - 0x00007ffb4cab6000 	C:\WINDOWS\System32\bcrypt.dll
0x00007ffb4b8a0000 - 0x00007ffb4b8c5000 	C:\WINDOWS\SYSTEM32\USERENV.dll
0x00007ffb4b3c0000 - 0x00007ffb4b3cc000 	C:\WINDOWS\SYSTEM32\CRYPTBASE.dll
0x00007ffb4af00000 - 0x00007ffb4af3a000 	C:\WINDOWS\SYSTEM32\IPHLPAPI.DLL
0x00007ffb4df40000 - 0x00007ffb4df48000 	C:\WINDOWS\System32\NSI.dll
0x00007ffb40c40000 - 0x00007ffb40c56000 	C:\WINDOWS\SYSTEM32\dhcpcsvc6.DLL
0x00007ffb40c20000 - 0x00007ffb40c3c000 	C:\WINDOWS\SYSTEM32\dhcpcsvc.DLL
0x00007ffb4af40000 - 0x00007ffb4b00b000 	C:\WINDOWS\SYSTEM32\DNSAPI.dll
0x000000005dc90000 - 0x000000005dc9d000 	E:\JAVA\jdk1.8.0_144\jre\bin\management.dll

VM Arguments:
jvm_args: -Dmaven.multiModuleProjectDirectory=E:\taotao\taotao-order-web -Dmaven.home=E:\tool\apache-maven-3.3.9 -Dclassworlds.conf=E:\tool\apache-maven-3.3.9\bin\m2.conf -javaagent:C:\Program Files\JetBrains\IntelliJ IDEA 2017.2.4\lib\idea_rt.jar=61348:C:\Program Files\JetBrains\IntelliJ IDEA 2017.2.4\bin -Dfile.encoding=UTF-8 
java_command: org.codehaus.classworlds.Launcher -Didea.version=2017.2.4 tomcat7:run
java_class_path (initial): E:\tool\apache-maven-3.3.9\boot\plexus-classworlds-2.5.2.jar;C:\Program Files\JetBrains\IntelliJ IDEA 2017.2.4\lib\idea_rt.jar
Launcher Type: SUN_STANDARD

Environment Variables:
JAVA_HOME=E:\JAVA\jdk1.8.0_144
PATH=C:\ProgramData\Oracle\Java\javapath;C:\WINDOWS\system32;C:\WINDOWS;C:\WINDOWS\System32\Wbem;C:\WINDOWS\System32\WindowsPowerShell\v1.0\;C:\WINDOWS\System32\OpenSSH\;E:\JAVA\jdk1.8.0_144\bin;E:\JAVA\jdk1.8.0_144\jre\bin;C:\Program Files\MySQL\MySQL Server 5.6\bin;E:\apache-tomcat-7.0.99\bin;E:\tool\apache-maven-3.3.9\bin\bin;C:\Program Files\Git\cmd;C:\Users\ThinkPad\AppData\Local\Microsoft\WindowsApps;
USERNAME=ThinkPad
OS=Windows_NT
PROCESSOR_IDENTIFIER=Intel64 Family 6 Model 142 Stepping 11, GenuineIntel



---------------  S Y S T E M  ---------------

OS: Windows 10.0 , 64 bit Build 18362 (10.0.18362.778)

CPU:total 8 (initial active 8) (4 cores per cpu, 2 threads per core) family 6 model 142 stepping 11, cmov, cx8, fxsr, mmx, sse, sse2, sse3, ssse3, sse4.1, sse4.2, popcnt, avx, avx2, aes, clmul, erms, 3dnowpref, lzcnt, ht, tsc, tscinvbit, bmi1, bmi2, adx

Memory: 4k page, physical 8227000k(2252488k free), swap 18302408k(4232k free)

vm_info: Java HotSpot(TM) 64-Bit Server VM (25.144-b01) for windows-amd64 JRE (1.8.0_144-b01), built on Jul 21 2017 21:57:33 by "java_re" with MS VC++ 10.0 (VS2010)

time: Thu May 21 15:27:56 2020
elapsed time: 7 seconds (0d 0h 0m 7s)

