#
# There is insufficient memory for the Java Runtime Environment to continue.
# Native memory allocation (malloc) failed to allocate 1126416 bytes for Chunk::new
# Possible reasons:
#   The system is out of physical RAM or swap space
#   In 32 bit mode, the process size limit was hit
# Possible solutions:
#   Reduce memory load on the system
#   Increase physical memory or swap space
#   Check if swap backing store is full
#   Use 64 bit Java on a 64 bit OS
#   Decrease Java heap size (-Xmx/-Xms)
#   Decrease number of Java threads
#   Decrease Java thread stack sizes (-Xss)
#   Set larger code cache with -XX:ReservedCodeCacheSize=
# This output file may be truncated or incomplete.
#
#  Out of Memory Error (allocation.cpp:390), pid=19460, tid=0x00000000000038d8
#
# JRE version: Java(TM) SE Runtime Environment (8.0_144-b01) (build 1.8.0_144-b01)
# Java VM: Java HotSpot(TM) 64-Bit Server VM (25.144-b01 mixed mode windows-amd64 compressed oops)
# Failed to write core dump. Minidumps are not enabled by default on client versions of Windows
#

---------------  T H R E A D  ---------------

Current thread (0x000000001a10a000):  JavaThread "C2 CompilerThread2" daemon [_thread_in_native, id=14552, stack(0x000000001aaa0000,0x000000001aba0000)]

Stack: [0x000000001aaa0000,0x000000001aba0000]
[error occurred during error reporting (printing stack bounds), id 0xc0000005]

Native frames: (J=compiled Java code, j=interpreted, Vv=VM code, C=native code)


Current CompileTask:
C2:   9182 4167   !   4       org.apache.catalina.startup.ContextConfig::checkHandlesTypes (453 bytes)


---------------  P R O C E S S  ---------------

Java Threads: ( => current thread )
  0x000000001fc1b800 JavaThread "localhost-startStop-1" daemon [_thread_in_Java, id=23892, stack(0x0000000021450000,0x0000000021550000)]
  0x00000000205d3800 JavaThread "Tomcat-startStop-1" daemon [_thread_blocked, id=16460, stack(0x0000000020310000,0x0000000020410000)]
  0x000000001a12e000 JavaThread "Service Thread" daemon [_thread_blocked, id=24220, stack(0x000000001aca0000,0x000000001ada0000)]
  0x000000001a10e800 JavaThread "C1 CompilerThread3" daemon [_thread_blocked, id=23168, stack(0x000000001aba0000,0x000000001aca0000)]
=>0x000000001a10a000 JavaThread "C2 CompilerThread2" daemon [_thread_in_native, id=14552, stack(0x000000001aaa0000,0x000000001aba0000)]
  0x000000001a106000 JavaThread "C2 CompilerThread1" daemon [_thread_blocked, id=14276, stack(0x000000001a9a0000,0x000000001aaa0000)]
  0x000000001a104000 JavaThread "C2 CompilerThread0" daemon [_thread_in_native, id=9264, stack(0x000000001a8a0000,0x000000001a9a0000)]
  0x000000001a0dd000 JavaThread "Monitor Ctrl-Break" daemon [_thread_in_native, id=24688, stack(0x000000001a7a0000,0x000000001a8a0000)]
  0x000000001a0cb800 JavaThread "Attach Listener" daemon [_thread_blocked, id=18352, stack(0x000000001a6a0000,0x000000001a7a0000)]
  0x000000001a078800 JavaThread "Signal Dispatcher" daemon [_thread_blocked, id=23276, stack(0x000000001a5a0000,0x000000001a6a0000)]
  0x0000000003278800 JavaThread "Finalizer" daemon [_thread_blocked, id=25172, stack(0x000000001a440000,0x000000001a540000)]
  0x000000001817d800 JavaThread "Reference Handler" daemon [_thread_blocked, id=25040, stack(0x0000000019f40000,0x000000001a040000)]
  0x0000000002b3d800 JavaThread "main" [_thread_blocked, id=24860, stack(0x0000000002b40000,0x0000000002c40000)]

Other Threads:
  0x0000000018179800 VMThread [stack: 0x0000000019e40000,0x0000000019f40000] [id=2644]
  0x000000001a1e0800 WatcherThread [stack: 0x000000001ada0000,0x000000001aea0000] [id=1752]

VM state:not at safepoint (normal execution)

VM Mutex/Monitor currently owned by a thread: None

Heap:
 PSYoungGen      total 216576K, used 171037K [0x00000000d6200000, 0x00000000ea400000, 0x0000000100000000)
  eden space 193536K, 76% used [0x00000000d6200000,0x00000000df28c238,0x00000000e1f00000)
  from space 23040K, 99% used [0x00000000e1f00000,0x00000000e357b400,0x00000000e3580000)
  to   space 32256K, 0% used [0x00000000e8480000,0x00000000e8480000,0x00000000ea400000)
 ParOldGen       total 69120K, used 45327K [0x0000000082600000, 0x0000000086980000, 0x00000000d6200000)
  object space 69120K, 65% used [0x0000000082600000,0x0000000085243cb0,0x0000000086980000)
 Metaspace       used 23764K, capacity 24280K, committed 24496K, reserved 1071104K
  class space    used 2783K, capacity 2936K, committed 2992K, reserved 1048576K

Card table byte_map: [0x0000000012640000,0x0000000012a30000] byte_map_base: 0x000000001222d000

Marking Bits: (ParMarkBitMap*) 0x000000005ce8d850
 Begin Bits: [0x00000000134d0000, 0x0000000015438000)
 End Bits:   [0x0000000015438000, 0x00000000173a0000)

Polling page: 0x0000000002b10000

CodeCache: size=245760Kb used=12954Kb max_used=13578Kb free=232805Kb
 bounds [0x0000000003280000, 0x0000000004050000, 0x0000000012280000]
 total_blobs=3911 nmethods=3521 adapters=302
 compilation: enabled

Compilation events (10 events):
Event: 8.971 Thread 0x000000001a10a000 4165       4       java.lang.String::toUpperCase (439 bytes)
Event: 8.983 Thread 0x000000001a106000 nmethod 4159 0x0000000003b9bcd0 code [0x0000000003b9bf20, 0x0000000003b9e028]
Event: 8.983 Thread 0x000000001a106000 4163       4       org.apache.tomcat.util.bcel.classfile.ConstantUtf8$1::removeEldestEntry (16 bytes)
Event: 8.983 Thread 0x000000001a106000 nmethod 4163 0x0000000003894350 code [0x0000000003894480, 0x00000000038944f8]
Event: 8.983 Thread 0x000000001a106000 4160  s    4       sun.net.www.protocol.file.Handler::openConnection (7 bytes)
Event: 8.989 Thread 0x000000001a10a000 nmethod 4165 0x0000000003ed71d0 code [0x0000000003ed7380, 0x0000000003ed7c18]
Event: 9.039 Thread 0x000000001a106000 nmethod 4160 0x000000000344f9d0 code [0x000000000344fbe0, 0x00000000034516e8]
Event: 9.052 Thread 0x000000001a10e800 4166       3       org.apache.catalina.deploy.WebXml::mergeMap (162 bytes)
Event: 9.053 Thread 0x000000001a10e800 nmethod 4166 0x0000000003ee49d0 code [0x0000000003ee4ca0, 0x0000000003ee6228]
Event: 9.070 Thread 0x000000001a10a000 4167   !   4       org.apache.catalina.startup.ContextConfig::checkHandlesTypes (453 bytes)

GC Heap History (10 events):
Event: 5.014 GC heap before
{Heap before GC invocations=6 (full 0):
 PSYoungGen      total 70656K, used 32461K [0x00000000d6200000, 0x00000000df700000, 0x0000000100000000)
  eden space 65536K, 41% used [0x00000000d6200000,0x00000000d7cb53f8,0x00000000da200000)
  from space 5120K, 99% used [0x00000000da200000,0x00000000da6fe030,0x00000000da700000)
  to   space 10752K, 0% used [0x00000000dec80000,0x00000000dec80000,0x00000000df700000)
 ParOldGen       total 86016K, used 11250K [0x0000000082600000, 0x0000000087a00000, 0x00000000d6200000)
  object space 86016K, 13% used [0x0000000082600000,0x00000000830fca38,0x0000000087a00000)
 Metaspace       used 20765K, capacity 21194K, committed 21296K, reserved 1069056K
  class space    used 2459K, capacity 2591K, committed 2608K, reserved 1048576K
Event: 5.025 GC heap after
Heap after GC invocations=6 (full 0):
 PSYoungGen      total 141824K, used 8353K [0x00000000d6200000, 0x00000000df700000, 0x0000000100000000)
  eden space 131072K, 0% used [0x00000000d6200000,0x00000000d6200000,0x00000000de200000)
  from space 10752K, 77% used [0x00000000dec80000,0x00000000df4a8548,0x00000000df700000)
  to   space 10752K, 0% used [0x00000000de200000,0x00000000de200000,0x00000000dec80000)
 ParOldGen       total 86016K, used 11258K [0x0000000082600000, 0x0000000087a00000, 0x00000000d6200000)
  object space 86016K, 13% used [0x0000000082600000,0x00000000830fea38,0x0000000087a00000)
 Metaspace       used 20765K, capacity 21194K, committed 21296K, reserved 1069056K
  class space    used 2459K, capacity 2591K, committed 2608K, reserved 1048576K
}
Event: 5.025 GC heap before
{Heap before GC invocations=7 (full 1):
 PSYoungGen      total 141824K, used 8353K [0x00000000d6200000, 0x00000000df700000, 0x0000000100000000)
  eden space 131072K, 0% used [0x00000000d6200000,0x00000000d6200000,0x00000000de200000)
  from space 10752K, 77% used [0x00000000dec80000,0x00000000df4a8548,0x00000000df700000)
  to   space 10752K, 0% used [0x00000000de200000,0x00000000de200000,0x00000000dec80000)
 ParOldGen       total 86016K, used 11258K [0x0000000082600000, 0x0000000087a00000, 0x00000000d6200000)
  object space 86016K, 13% used [0x0000000082600000,0x00000000830fea38,0x0000000087a00000)
 Metaspace       used 20765K, capacity 21194K, committed 21296K, reserved 1069056K
  class space    used 2459K, capacity 2591K, committed 2608K, reserved 1048576K
Event: 5.097 GC heap after
Heap after GC invocations=7 (full 1):
 PSYoungGen      total 141824K, used 0K [0x00000000d6200000, 0x00000000df700000, 0x0000000100000000)
  eden space 131072K, 0% used [0x00000000d6200000,0x00000000d6200000,0x00000000de200000)
  from space 10752K, 0% used [0x00000000dec80000,0x00000000dec80000,0x00000000df700000)
  to   space 10752K, 0% used [0x00000000de200000,0x00000000de200000,0x00000000dec80000)
 ParOldGen       total 69120K, used 13156K [0x0000000082600000, 0x0000000086980000, 0x00000000d6200000)
  object space 69120K, 19% used [0x0000000082600000,0x00000000832d90c0,0x0000000086980000)
 Metaspace       used 20765K, capacity 21194K, committed 21296K, reserved 1069056K
  class space    used 2459K, capacity 2591K, committed 2608K, reserved 1048576K
}
Event: 6.547 GC heap before
{Heap before GC invocations=8 (full 1):
 PSYoungGen      total 141824K, used 131072K [0x00000000d6200000, 0x00000000df700000, 0x0000000100000000)
  eden space 131072K, 100% used [0x00000000d6200000,0x00000000de200000,0x00000000de200000)
  from space 10752K, 0% used [0x00000000dec80000,0x00000000dec80000,0x00000000df700000)
  to   space 10752K, 0% used [0x00000000de200000,0x00000000de200000,0x00000000dec80000)
 ParOldGen       total 69120K, used 13156K [0x0000000082600000, 0x0000000086980000, 0x00000000d6200000)
  object space 69120K, 19% used [0x0000000082600000,0x00000000832d90c0,0x0000000086980000)
 Metaspace       used 23671K, capacity 24174K, committed 24496K, reserved 1071104K
  class space    used 2778K, capacity 2902K, committed 2992K, reserved 1048576K
Event: 6.585 GC heap after
Heap after GC invocations=8 (full 1):
 PSYoungGen      total 141824K, used 10743K [0x00000000d6200000, 0x00000000e4680000, 0x0000000100000000)
  eden space 131072K, 0% used [0x00000000d6200000,0x00000000d6200000,0x00000000de200000)
  from space 10752K, 99% used [0x00000000de200000,0x00000000dec7de30,0x00000000dec80000)
  to   space 17408K, 0% used [0x00000000e3580000,0x00000000e3580000,0x00000000e4680000)
 ParOldGen       total 69120K, used 24553K [0x0000000082600000, 0x0000000086980000, 0x00000000d6200000)
  object space 69120K, 35% used [0x0000000082600000,0x0000000083dfa6d8,0x0000000086980000)
 Metaspace       used 23671K, capacity 24174K, committed 24496K, reserved 1071104K
  class space    used 2778K, capacity 2902K, committed 2992K, reserved 1048576K
}
Event: 7.597 GC heap before
{Heap before GC invocations=9 (full 1):
 PSYoungGen      total 141824K, used 141815K [0x00000000d6200000, 0x00000000e4680000, 0x0000000100000000)
  eden space 131072K, 100% used [0x00000000d6200000,0x00000000de200000,0x00000000de200000)
  from space 10752K, 99% used [0x00000000de200000,0x00000000dec7de30,0x00000000dec80000)
  to   space 17408K, 0% used [0x00000000e3580000,0x00000000e3580000,0x00000000e4680000)
 ParOldGen       total 69120K, used 24553K [0x0000000082600000, 0x0000000086980000, 0x00000000d6200000)
  object space 69120K, 35% used [0x0000000082600000,0x0000000083dfa6d8,0x0000000086980000)
 Metaspace       used 23730K, capacity 24238K, committed 24496K, reserved 1071104K
  class space    used 2778K, capacity 2902K, committed 2992K, reserved 1048576K
Event: 7.632 GC heap after
Heap after GC invocations=9 (full 1):
 PSYoungGen      total 210944K, used 17391K [0x00000000d6200000, 0x00000000e5980000, 0x0000000100000000)
  eden space 193536K, 0% used [0x00000000d6200000,0x00000000d6200000,0x00000000e1f00000)
  from space 17408K, 99% used [0x00000000e3580000,0x00000000e467bfc0,0x00000000e4680000)
  to   space 23040K, 0% used [0x00000000e1f00000,0x00000000e1f00000,0x00000000e3580000)
 ParOldGen       total 69120K, used 31855K [0x0000000082600000, 0x0000000086980000, 0x00000000d6200000)
  object space 69120K, 46% used [0x0000000082600000,0x000000008451bc60,0x0000000086980000)
 Metaspace       used 23730K, capacity 24238K, committed 24496K, reserved 1071104K
  class space    used 2778K, capacity 2902K, committed 2992K, reserved 1048576K
}
Event: 8.582 GC heap before
{Heap before GC invocations=10 (full 1):
 PSYoungGen      total 210944K, used 210927K [0x00000000d6200000, 0x00000000e5980000, 0x0000000100000000)
  eden space 193536K, 100% used [0x00000000d6200000,0x00000000e1f00000,0x00000000e1f00000)
  from space 17408K, 99% used [0x00000000e3580000,0x00000000e467bfc0,0x00000000e4680000)
  to   space 23040K, 0% used [0x00000000e1f00000,0x00000000e1f00000,0x00000000e3580000)
 ParOldGen       total 69120K, used 31855K [0x0000000082600000, 0x0000000086980000, 0x00000000d6200000)
  object space 69120K, 46% used [0x0000000082600000,0x000000008451bc60,0x0000000086980000)
 Metaspace       used 23762K, capacity 24280K, committed 24496K, reserved 1071104K
  class space    used 2783K, capacity 2936K, committed 2992K, reserved 1048576K
Event: 8.614 GC heap after
Heap after GC invocations=10 (full 1):
 PSYoungGen      total 216576K, used 23021K [0x00000000d6200000, 0x00000000ea400000, 0x0000000100000000)
  eden space 193536K, 0% used [0x00000000d6200000,0x00000000d6200000,0x00000000e1f00000)
  from space 23040K, 99% used [0x00000000e1f00000,0x00000000e357b400,0x00000000e3580000)
  to   space 32256K, 0% used [0x00000000e8480000,0x00000000e8480000,0x00000000ea400000)
 ParOldGen       total 69120K, used 45327K [0x0000000082600000, 0x0000000086980000, 0x00000000d6200000)
  object space 69120K, 65% used [0x0000000082600000,0x0000000085243cb0,0x0000000086980000)
 Metaspace       used 23762K, capacity 24280K, committed 24496K, reserved 1071104K
  class space    used 2783K, capacity 2936K, committed 2992K, reserved 1048576K
}

Deoptimization events (10 events):
Event: 7.440 Thread 0x000000001fc1b800 Uncommon trap: reason=class_check action=maybe_recompile pc=0x0000000003ccf61c method=org.apache.tomcat.util.bcel.classfile.JavaClass.getAnnotationEntries()[Lorg/apache/tomcat/util/bcel/classfile/AnnotationEntry; @ 43
Event: 7.441 Thread 0x000000001fc1b800 Uncommon trap: reason=class_check action=maybe_recompile pc=0x0000000003ccf61c method=org.apache.tomcat.util.bcel.classfile.JavaClass.getAnnotationEntries()[Lorg/apache/tomcat/util/bcel/classfile/AnnotationEntry; @ 43
Event: 7.978 Thread 0x000000001fc1b800 Uncommon trap: reason=unstable_if action=reinterpret pc=0x00000000038edd4c method=org.apache.catalina.startup.ContextConfig.getSCIsForClass(Ljava/lang/String;)Ljava/util/Set; @ 62
Event: 8.048 Thread 0x000000001fc1b800 Uncommon trap: reason=unloaded action=reinterpret pc=0x00000000037a5f3c method=org.apache.tomcat.util.bcel.classfile.Constant.readConstant(Ljava/io/DataInputStream;)Lorg/apache/tomcat/util/bcel/classfile/Constant; @ 214
Event: 8.117 Thread 0x000000001fc1b800 Uncommon trap: reason=unloaded action=reinterpret pc=0x0000000003413350 method=org.apache.tomcat.util.bcel.classfile.ElementValue.readElementValue(Ljava/io/DataInputStream;Lorg/apache/tomcat/util/bcel/classfile/ConstantPool;)Lorg/apache/tomcat/util/bcel/c
Event: 8.128 Thread 0x000000001fc1b800 Uncommon trap: reason=unloaded action=reinterpret pc=0x00000000037f2970 method=org.apache.tomcat.util.bcel.classfile.Attribute.readAttribute(Ljava/io/DataInputStream;Lorg/apache/tomcat/util/bcel/classfile/ConstantPool;)Lorg/apache/tomcat/util/bcel/classfi
Event: 8.438 Thread 0x000000001fc1b800 Uncommon trap: reason=class_check action=maybe_recompile pc=0x00000000040372a0 method=org.apache.tomcat.util.bcel.classfile.JavaClass.getAnnotationEntries()[Lorg/apache/tomcat/util/bcel/classfile/AnnotationEntry; @ 43
Event: 8.699 Thread 0x000000001fc1b800 Uncommon trap: reason=null_check action=make_not_entrant pc=0x0000000003e87c6c method=org.apache.catalina.startup.ContextConfig.populateSCIsForCacheEntry(Lorg/apache/catalina/startup/ContextConfig$JavaClassCacheEntry;)V @ 131
Event: 8.892 Thread 0x000000001fc1b800 Uncommon trap: reason=unstable_if action=reinterpret pc=0x0000000003af3240 method=org.apache.catalina.startup.ContextConfig.processAnnotationsStream(Ljava/io/InputStream;Lorg/apache/catalina/deploy/WebXml;Z)V @ 25
Event: 8.907 Thread 0x000000001fc1b800 Uncommon trap: reason=unstable_if action=reinterpret pc=0x0000000003acc428 method=java.util.LinkedHashMap.afterNodeAccess(Ljava/util/HashMap$Node;)V @ 41

Internal exceptions (10 events):
Event: 1.690 Thread 0x0000000002b3d800 Implicit null exception at 0x0000000003608b55 to 0x0000000003608d2d
Event: 1.693 Thread 0x0000000002b3d800 Implicit null exception at 0x00000000036d6b3b to 0x00000000036d7285
Event: 2.810 Thread 0x0000000002b3d800 Implicit null exception at 0x0000000003aca728 to 0x0000000003acb831
Event: 3.122 Thread 0x0000000002b3d800 Implicit null exception at 0x0000000003bf8b61 to 0x0000000003bf9d81
Event: 3.817 Thread 0x0000000002b3d800 Exception <a 'java/io/FileNotFoundException'> (0x00000000d6eefcb8) thrown at [C:\re\workspace\8-2-build-windows-amd64-cygwin\jdk8u144\9417\hotspot\src\share\vm\prims\jni.cpp, line 709]
Event: 5.470 Thread 0x000000001fc1b800 Implicit null exception at 0x0000000003588816 to 0x0000000003588bb1
Event: 5.470 Thread 0x000000001fc1b800 Implicit null exception at 0x0000000003494a56 to 0x0000000003494ded
Event: 5.642 Thread 0x000000001fc1b800 Implicit null exception at 0x0000000003cf173c to 0x0000000003cf1c6d
Event: 8.699 Thread 0x000000001fc1b800 Implicit null exception at 0x0000000003e7fccc to 0x0000000003e87c41
Event: 8.906 Thread 0x000000001fc1b800 Implicit null exception at 0x0000000003acb401 to 0x0000000003acc401

Events (10 events):
Event: 8.808 Thread 0x000000001a10e800 flushing nmethod 0x0000000003f60e50
Event: 8.808 Thread 0x000000001a10e800 flushing nmethod 0x0000000003fba4d0
Event: 8.892 Thread 0x000000001fc1b800 Uncommon trap: trap_request=0xffffff65 fr.pc=0x0000000003af3240
Event: 8.892 Thread 0x000000001fc1b800 DEOPT PACKING pc=0x0000000003af3240 sp=0x000000002154ec00
Event: 8.892 Thread 0x000000001fc1b800 DEOPT UNPACKING pc=0x00000000032c582a sp=0x000000002154ebf0 mode 2
Event: 8.906 Thread 0x000000001fc1b800 Uncommon trap: trap_request=0xffffff65 fr.pc=0x0000000003acc428
Event: 8.906 Executing VM operation: RevokeBias
Event: 8.907 Executing VM operation: RevokeBias done
Event: 8.907 Thread 0x000000001fc1b800 DEOPT PACKING pc=0x0000000003acc428 sp=0x000000002154ea90
Event: 8.907 Thread 0x000000001fc1b800 DEOPT UNPACKING pc=0x00000000032c582a sp=0x000000002154e9a0 mode 2


Dynamic libraries:
0x00007ff7b9140000 - 0x00007ff7b9177000 	E:\JAVA\jdk1.8.0_144\bin\java.exe
0x00007ffb4eac0000 - 0x00007ffb4ecb0000 	C:\WINDOWS\SYSTEM32\ntdll.dll
0x00007ffb4de20000 - 0x00007ffb4ded2000 	C:\WINDOWS\System32\KERNEL32.DLL
0x00007ffb4c530000 - 0x00007ffb4c7d4000 	C:\WINDOWS\System32\KERNELBASE.dll
0x00007ffb4e630000 - 0x00007ffb4e6d3000 	C:\WINDOWS\System32\ADVAPI32.dll
0x00007ffb4e470000 - 0x00007ffb4e50e000 	C:\WINDOWS\System32\msvcrt.dll
0x00007ffb4cd90000 - 0x00007ffb4ce27000 	C:\WINDOWS\System32\sechost.dll
0x00007ffb4e510000 - 0x00007ffb4e630000 	C:\WINDOWS\System32\RPCRT4.dll
0x00007ffb4e8e0000 - 0x00007ffb4ea74000 	C:\WINDOWS\System32\USER32.dll
0x00007ffb4c2e0000 - 0x00007ffb4c301000 	C:\WINDOWS\System32\win32u.dll
0x00007ffb4d1f0000 - 0x00007ffb4d216000 	C:\WINDOWS\System32\GDI32.dll
0x00007ffb4c310000 - 0x00007ffb4c4a4000 	C:\WINDOWS\System32\gdi32full.dll
0x00007ffb4c1d0000 - 0x00007ffb4c26e000 	C:\WINDOWS\System32\msvcp_win.dll
0x00007ffb4c990000 - 0x00007ffb4ca8a000 	C:\WINDOWS\System32\ucrtbase.dll
0x00007ffb30960000 - 0x00007ffb30be4000 	C:\WINDOWS\WinSxS\amd64_microsoft.windows.common-controls_6595b64144ccf1df_6.0.18362.836_none_e6c4b943130f18ed\COMCTL32.dll
0x00007ffb4ce30000 - 0x00007ffb4d166000 	C:\WINDOWS\System32\combase.dll
0x00007ffb4c4b0000 - 0x00007ffb4c530000 	C:\WINDOWS\System32\bcryptPrimitives.dll
0x00007ffb4e210000 - 0x00007ffb4e23e000 	C:\WINDOWS\System32\IMM32.DLL
0x000000005dde0000 - 0x000000005deb2000 	E:\JAVA\jdk1.8.0_144\jre\bin\msvcr100.dll
0x000000005c670000 - 0x000000005cf0d000 	E:\JAVA\jdk1.8.0_144\jre\bin\server\jvm.dll
0x00007ffb4cd80000 - 0x00007ffb4cd88000 	C:\WINDOWS\System32\PSAPI.DLL
0x00007ffb43d50000 - 0x00007ffb43d59000 	C:\WINDOWS\SYSTEM32\WSOCK32.dll
0x00007ffb3f7c0000 - 0x00007ffb3f7ca000 	C:\WINDOWS\SYSTEM32\VERSION.dll
0x00007ffb3d710000 - 0x00007ffb3d734000 	C:\WINDOWS\SYSTEM32\WINMM.dll
0x00007ffb4dd90000 - 0x00007ffb4ddff000 	C:\WINDOWS\System32\WS2_32.dll
0x00007ffb3d6e0000 - 0x00007ffb3d70d000 	C:\WINDOWS\SYSTEM32\winmmbase.dll
0x00007ffb4c270000 - 0x00007ffb4c2ba000 	C:\WINDOWS\System32\cfgmgr32.dll
0x000000005ddb0000 - 0x000000005ddbf000 	E:\JAVA\jdk1.8.0_144\jre\bin\verify.dll
0x000000005c640000 - 0x000000005c669000 	E:\JAVA\jdk1.8.0_144\jre\bin\java.dll
0x000000005c610000 - 0x000000005c633000 	E:\JAVA\jdk1.8.0_144\jre\bin\instrument.dll
0x000000005c5f0000 - 0x000000005c606000 	E:\JAVA\jdk1.8.0_144\jre\bin\zip.dll
0x00007ffb4d6a0000 - 0x00007ffb4dd84000 	C:\WINDOWS\System32\SHELL32.dll
0x00007ffb4df50000 - 0x00007ffb4dff9000 	C:\WINDOWS\System32\shcore.dll
0x00007ffb4ba50000 - 0x00007ffb4c1ce000 	C:\WINDOWS\System32\windows.storage.dll
0x00007ffb4b9b0000 - 0x00007ffb4b9d3000 	C:\WINDOWS\System32\profapi.dll
0x00007ffb4b9e0000 - 0x00007ffb4ba2a000 	C:\WINDOWS\System32\powrprof.dll
0x00007ffb4b980000 - 0x00007ffb4b990000 	C:\WINDOWS\System32\UMPDC.dll
0x00007ffb4cb70000 - 0x00007ffb4cbc2000 	C:\WINDOWS\System32\shlwapi.dll
0x00007ffb4ba30000 - 0x00007ffb4ba41000 	C:\WINDOWS\System32\kernel.appcore.dll
0x00007ffb4c2c0000 - 0x00007ffb4c2d7000 	C:\WINDOWS\System32\cryptsp.dll
0x00007ffb43940000 - 0x00007ffb4395a000 	C:\Program Files\JetBrains\IntelliJ IDEA 2017.2.4\bin\breakgen64.dll
0x000000005c5d0000 - 0x000000005c5ea000 	E:\JAVA\jdk1.8.0_144\jre\bin\net.dll
0x00007ffb4b1f0000 - 0x00007ffb4b257000 	C:\WINDOWS\system32\mswsock.dll
0x000000005c5b0000 - 0x000000005c5c1000 	E:\JAVA\jdk1.8.0_144\jre\bin\nio.dll
0x00007ffb4ad60000 - 0x00007ffb4ad93000 	C:\WINDOWS\system32\rsaenh.dll
0x00007ffb4ca90000 - 0x00007ffb4cab6000 	C:\WINDOWS\System32\bcrypt.dll
0x00007ffb4b8a0000 - 0x00007ffb4b8c5000 	C:\WINDOWS\SYSTEM32\USERENV.dll
0x00007ffb4b3c0000 - 0x00007ffb4b3cc000 	C:\WINDOWS\SYSTEM32\CRYPTBASE.dll
0x00007ffb4af00000 - 0x00007ffb4af3a000 	C:\WINDOWS\SYSTEM32\IPHLPAPI.DLL
0x00007ffb4df40000 - 0x00007ffb4df48000 	C:\WINDOWS\System32\NSI.dll
0x00007ffb40c40000 - 0x00007ffb40c56000 	C:\WINDOWS\SYSTEM32\dhcpcsvc6.DLL
0x00007ffb40c20000 - 0x00007ffb40c3c000 	C:\WINDOWS\SYSTEM32\dhcpcsvc.DLL
0x00007ffb4af40000 - 0x00007ffb4b00b000 	C:\WINDOWS\SYSTEM32\DNSAPI.dll
0x000000005dc90000 - 0x000000005dc9d000 	E:\JAVA\jdk1.8.0_144\jre\bin\management.dll

VM Arguments:
jvm_args: -Dmaven.multiModuleProjectDirectory=E:\taotao\taotao-order-web -Dmaven.home=E:\tool\apache-maven-3.3.9 -Dclassworlds.conf=E:\tool\apache-maven-3.3.9\bin\m2.conf -javaagent:C:\Program Files\JetBrains\IntelliJ IDEA 2017.2.4\lib\idea_rt.jar=60671:C:\Program Files\JetBrains\IntelliJ IDEA 2017.2.4\bin -Dfile.encoding=UTF-8 
java_command: org.codehaus.classworlds.Launcher -Didea.version=2017.2.4 tomcat7:run
java_class_path (initial): E:\tool\apache-maven-3.3.9\boot\plexus-classworlds-2.5.2.jar;C:\Program Files\JetBrains\IntelliJ IDEA 2017.2.4\lib\idea_rt.jar
Launcher Type: SUN_STANDARD

Environment Variables:
JAVA_HOME=E:\JAVA\jdk1.8.0_144
PATH=C:\ProgramData\Oracle\Java\javapath;C:\WINDOWS\system32;C:\WINDOWS;C:\WINDOWS\System32\Wbem;C:\WINDOWS\System32\WindowsPowerShell\v1.0\;C:\WINDOWS\System32\OpenSSH\;E:\JAVA\jdk1.8.0_144\bin;E:\JAVA\jdk1.8.0_144\jre\bin;C:\Program Files\MySQL\MySQL Server 5.6\bin;E:\apache-tomcat-7.0.99\bin;E:\tool\apache-maven-3.3.9\bin\bin;C:\Program Files\Git\cmd;C:\Users\ThinkPad\AppData\Local\Microsoft\WindowsApps;
USERNAME=ThinkPad
OS=Windows_NT
PROCESSOR_IDENTIFIER=Intel64 Family 6 Model 142 Stepping 11, GenuineIntel



---------------  S Y S T E M  ---------------

OS: Windows 10.0 , 64 bit Build 18362 (10.0.18362.778)

CPU:total 8 (initial active 8) (4 cores per cpu, 2 threads per core) family 6 model 142 stepping 11, cmov, cx8, fxsr, mmx, sse, sse2, sse3, ssse3, sse4.1, sse4.2, popcnt, avx, avx2, aes, clmul, erms, 3dnowpref, lzcnt, ht, tsc, tscinvbit, bmi1, bmi2, adx

Memory: 4k page, physical 8227000k(449000k free), swap 18302408k(5280k free)

vm_info: Java HotSpot(TM) 64-Bit Server VM (25.144-b01) for windows-amd64 JRE (1.8.0_144-b01), built on Jul 21 2017 21:57:33 by "java_re" with MS VC++ 10.0 (VS2010)

time: Thu May 21 14:56:55 2020
elapsed time: 9 seconds (0d 0h 0m 9s)

