#
# There is insufficient memory for the Java Runtime Environment to continue.
# Native memory allocation (malloc) failed to allocate 50576 bytes for Chunk::new
# Possible reasons:
#   The system is out of physical RAM or swap space
#   In 32 bit mode, the process size limit was hit
# Possible solutions:
#   Reduce memory load on the system
#   Increase physical memory or swap space
#   Check if swap backing store is full
#   Use 64 bit Java on a 64 bit OS
#   Decrease Java heap size (-Xmx/-Xms)
#   Decrease number of Java threads
#   Decrease Java thread stack sizes (-Xss)
#   Set larger code cache with -XX:ReservedCodeCacheSize=
# This output file may be truncated or incomplete.
#
#  Out of Memory Error (allocation.cpp:390), pid=17384, tid=0x0000000000004710
#
# JRE version: Java(TM) SE Runtime Environment (8.0_144-b01) (build 1.8.0_144-b01)
# Java VM: Java HotSpot(TM) 64-Bit Server VM (25.144-b01 mixed mode windows-amd64 compressed oops)
# Failed to write core dump. Minidumps are not enabled by default on client versions of Windows
#

---------------  T H R E A D  ---------------

Current thread (0x0000000019f39800):  JavaThread "C2 CompilerThread2" daemon [_thread_in_native, id=18192, stack(0x000000001a870000,0x000000001a970000)]

Stack: [0x000000001a870000,0x000000001a970000]
[error occurred during error reporting (printing stack bounds), id 0xc0000005]

Native frames: (J=compiled Java code, j=interpreted, Vv=VM code, C=native code)


Current CompileTask:
C2:   6266 4036   !   4       java.util.zip.ZipFile::getInflater (56 bytes)


---------------  P R O C E S S  ---------------

Java Threads: ( => current thread )
  0x000000001cb10800 JavaThread "localhost-startStop-1" daemon [_thread_in_native, id=24636, stack(0x000000001eda0000,0x000000001eea0000)]
  0x000000001cf9b800 JavaThread "Tomcat-startStop-1" daemon [_thread_blocked, id=544, stack(0x000000001dcc0000,0x000000001ddc0000)]
  0x0000000019fc9800 JavaThread "Service Thread" daemon [_thread_blocked, id=24452, stack(0x000000001aa70000,0x000000001ab70000)]
  0x0000000019f3e000 JavaThread "C1 CompilerThread3" daemon [_thread_blocked, id=23252, stack(0x000000001a970000,0x000000001aa70000)]
=>0x0000000019f39800 JavaThread "C2 CompilerThread2" daemon [_thread_in_native, id=18192, stack(0x000000001a870000,0x000000001a970000)]
  0x0000000019f33800 JavaThread "C2 CompilerThread1" daemon [_thread_in_native, id=21664, stack(0x000000001a770000,0x000000001a870000)]
  0x0000000019f30000 JavaThread "C2 CompilerThread0" daemon [_thread_in_native, id=25304, stack(0x000000001a670000,0x000000001a770000)]
  0x0000000019f24000 JavaThread "Monitor Ctrl-Break" daemon [_thread_in_native, id=17204, stack(0x000000001a570000,0x000000001a670000)]
  0x0000000019eff000 JavaThread "Attach Listener" daemon [_thread_blocked, id=16712, stack(0x000000001a470000,0x000000001a570000)]
  0x0000000019ead000 JavaThread "Signal Dispatcher" daemon [_thread_blocked, id=25572, stack(0x000000001a370000,0x000000001a470000)]
  0x0000000019e90800 JavaThread "Finalizer" daemon [_thread_blocked, id=6172, stack(0x000000001a270000,0x000000001a370000)]
  0x0000000017f9d800 JavaThread "Reference Handler" daemon [_thread_blocked, id=20724, stack(0x0000000019d70000,0x0000000019e70000)]
  0x0000000002f9d800 JavaThread "main" [_thread_blocked, id=17968, stack(0x0000000002950000,0x0000000002a50000)]

Other Threads:
  0x0000000017f99800 VMThread [stack: 0x0000000019c70000,0x0000000019d70000] [id=16816]
  0x000000001a044800 WatcherThread [stack: 0x000000001ab70000,0x000000001ac70000] [id=22624]

VM state:not at safepoint (normal execution)

VM Mutex/Monitor currently owned by a thread: None

Heap:
 PSYoungGen      total 70656K, used 55694K [0x00000000d6200000, 0x00000000dac00000, 0x0000000100000000)
  eden space 65536K, 77% used [0x00000000d6200000,0x00000000d9364d28,0x00000000da200000)
  from space 5120K, 99% used [0x00000000da700000,0x00000000dabfeb50,0x00000000dac00000)
  to   space 5120K, 0% used [0x00000000da200000,0x00000000da200000,0x00000000da700000)
 ParOldGen       total 72192K, used 20098K [0x0000000082600000, 0x0000000086c80000, 0x00000000d6200000)
  object space 72192K, 27% used [0x0000000082600000,0x00000000839a0ab0,0x0000000086c80000)
 Metaspace       used 23691K, capacity 24270K, committed 24496K, reserved 1071104K
  class space    used 2779K, capacity 2934K, committed 2992K, reserved 1048576K

Card table byte_map: [0x0000000012460000,0x0000000012850000] byte_map_base: 0x000000001204d000

Marking Bits: (ParMarkBitMap*) 0x000000005ce8d850
 Begin Bits: [0x00000000132f0000, 0x0000000015258000)
 End Bits:   [0x0000000015258000, 0x00000000171c0000)

Polling page: 0x0000000000c50000

CodeCache: size=245760Kb used=12348Kb max_used=13344Kb free=233411Kb
 bounds [0x00000000030a0000, 0x0000000003dc0000, 0x00000000120a0000]
 total_blobs=3929 nmethods=3539 adapters=302
 compilation: enabled

Compilation events (10 events):
Event: 6.182 Thread 0x0000000019f3e000 4032   !   3       org.apache.catalina.loader.WebappClassLoader::openJARs (98 bytes)
Event: 6.183 Thread 0x0000000019f30000 nmethod 4030 0x0000000003681c90 code [0x0000000003681e20, 0x0000000003682278]
Event: 6.184 Thread 0x0000000019f3e000 nmethod 4032 0x0000000003609510 code [0x0000000003609720, 0x000000000360a278]
Event: 6.188 Thread 0x0000000019f3e000 4033       3       org.apache.catalina.loader.WebappClassLoader$1::removeEldestEntry (16 bytes)
Event: 6.188 Thread 0x0000000019f3e000 nmethod 4033 0x000000000349e550 code [0x000000000349e6a0, 0x000000000349e8f0]
Event: 6.190 Thread 0x0000000019f39800 nmethod 4031 0x00000000032b49d0 code [0x00000000032b4c00, 0x00000000032b53a8]
Event: 6.202 Thread 0x0000000019f30000 4034   !   4       java.util.zip.ZipFile::getInputStream (304 bytes)
Event: 6.223 Thread 0x0000000019f39800 4035       4       java.util.zip.InflaterInputStream::<init> (79 bytes)
Event: 6.228 Thread 0x0000000019f39800 nmethod 4035 0x00000000032fadd0 code [0x00000000032faf20, 0x00000000032fb258]
Event: 6.228 Thread 0x0000000019f39800 4036   !   4       java.util.zip.ZipFile::getInflater (56 bytes)

GC Heap History (10 events):
Event: 2.510 GC heap before
{Heap before GC invocations=3 (full 0):
 PSYoungGen      total 70656K, used 70645K [0x00000000d6200000, 0x00000000dac00000, 0x0000000100000000)
  eden space 65536K, 100% used [0x00000000d6200000,0x00000000da200000,0x00000000da200000)
  from space 5120K, 99% used [0x00000000da700000,0x00000000dabfd7c0,0x00000000dac00000)
  to   space 5120K, 0% used [0x00000000da200000,0x00000000da200000,0x00000000da700000)
 ParOldGen       total 86016K, used 2000K [0x0000000082600000, 0x0000000087a00000, 0x00000000d6200000)
  object space 86016K, 2% used [0x0000000082600000,0x00000000827f4040,0x0000000087a00000)
 Metaspace       used 15651K, capacity 15974K, committed 16128K, reserved 1062912K
  class space    used 1892K, capacity 1979K, committed 2048K, reserved 1048576K
Event: 2.524 GC heap after
Heap after GC invocations=3 (full 0):
 PSYoungGen      total 70656K, used 5096K [0x00000000d6200000, 0x00000000dac00000, 0x0000000100000000)
  eden space 65536K, 0% used [0x00000000d6200000,0x00000000d6200000,0x00000000da200000)
  from space 5120K, 99% used [0x00000000da200000,0x00000000da6fa040,0x00000000da700000)
  to   space 5120K, 0% used [0x00000000da700000,0x00000000da700000,0x00000000dac00000)
 ParOldGen       total 86016K, used 6717K [0x0000000082600000, 0x0000000087a00000, 0x00000000d6200000)
  object space 86016K, 7% used [0x0000000082600000,0x0000000082c8f628,0x0000000087a00000)
 Metaspace       used 15651K, capacity 15974K, committed 16128K, reserved 1062912K
  class space    used 1892K, capacity 1979K, committed 2048K, reserved 1048576K
}
Event: 3.639 GC heap before
{Heap before GC invocations=4 (full 0):
 PSYoungGen      total 70656K, used 70632K [0x00000000d6200000, 0x00000000dac00000, 0x0000000100000000)
  eden space 65536K, 100% used [0x00000000d6200000,0x00000000da200000,0x00000000da200000)
  from space 5120K, 99% used [0x00000000da200000,0x00000000da6fa040,0x00000000da700000)
  to   space 5120K, 0% used [0x00000000da700000,0x00000000da700000,0x00000000dac00000)
 ParOldGen       total 86016K, used 6717K [0x0000000082600000, 0x0000000087a00000, 0x00000000d6200000)
  object space 86016K, 7% used [0x0000000082600000,0x0000000082c8f628,0x0000000087a00000)
 Metaspace       used 17135K, capacity 17574K, committed 17792K, reserved 1064960K
  class space    used 2011K, capacity 2127K, committed 2176K, reserved 1048576K
Event: 3.649 GC heap after
Heap after GC invocations=4 (full 0):
 PSYoungGen      total 70656K, used 5096K [0x00000000d6200000, 0x00000000dac00000, 0x0000000100000000)
  eden space 65536K, 0% used [0x00000000d6200000,0x00000000d6200000,0x00000000da200000)
  from space 5120K, 99% used [0x00000000da700000,0x00000000dabfa040,0x00000000dac00000)
  to   space 5120K, 0% used [0x00000000da200000,0x00000000da200000,0x00000000da700000)
 ParOldGen       total 86016K, used 10896K [0x0000000082600000, 0x0000000087a00000, 0x00000000d6200000)
  object space 86016K, 12% used [0x0000000082600000,0x00000000830a40c8,0x0000000087a00000)
 Metaspace       used 17135K, capacity 17574K, committed 17792K, reserved 1064960K
  class space    used 2011K, capacity 2127K, committed 2176K, reserved 1048576K
}
Event: 4.788 GC heap before
{Heap before GC invocations=5 (full 0):
 PSYoungGen      total 70656K, used 37560K [0x00000000d6200000, 0x00000000dac00000, 0x0000000100000000)
  eden space 65536K, 49% used [0x00000000d6200000,0x00000000d81b3fd8,0x00000000da200000)
  from space 5120K, 99% used [0x00000000da700000,0x00000000dabfa040,0x00000000dac00000)
  to   space 5120K, 0% used [0x00000000da200000,0x00000000da200000,0x00000000da700000)
 ParOldGen       total 86016K, used 10896K [0x0000000082600000, 0x0000000087a00000, 0x00000000d6200000)
  object space 86016K, 12% used [0x0000000082600000,0x00000000830a40c8,0x0000000087a00000)
 Metaspace       used 20749K, capacity 21258K, committed 21296K, reserved 1069056K
  class space    used 2464K, capacity 2591K, committed 2608K, reserved 1048576K
Event: 4.796 GC heap after
Heap after GC invocations=5 (full 0):
 PSYoungGen      total 70656K, used 5108K [0x00000000d6200000, 0x00000000dac00000, 0x0000000100000000)
  eden space 65536K, 0% used [0x00000000d6200000,0x00000000d6200000,0x00000000da200000)
  from space 5120K, 99% used [0x00000000da200000,0x00000000da6fd030,0x00000000da700000)
  to   space 5120K, 0% used [0x00000000da700000,0x00000000da700000,0x00000000dac00000)
 ParOldGen       total 86016K, used 14720K [0x0000000082600000, 0x0000000087a00000, 0x00000000d6200000)
  object space 86016K, 17% used [0x0000000082600000,0x00000000834601d0,0x0000000087a00000)
 Metaspace       used 20749K, capacity 21258K, committed 21296K, reserved 1069056K
  class space    used 2464K, capacity 2591K, committed 2608K, reserved 1048576K
}
Event: 4.796 GC heap before
{Heap before GC invocations=6 (full 1):
 PSYoungGen      total 70656K, used 5108K [0x00000000d6200000, 0x00000000dac00000, 0x0000000100000000)
  eden space 65536K, 0% used [0x00000000d6200000,0x00000000d6200000,0x00000000da200000)
  from space 5120K, 99% used [0x00000000da200000,0x00000000da6fd030,0x00000000da700000)
  to   space 5120K, 0% used [0x00000000da700000,0x00000000da700000,0x00000000dac00000)
 ParOldGen       total 86016K, used 14720K [0x0000000082600000, 0x0000000087a00000, 0x00000000d6200000)
  object space 86016K, 17% used [0x0000000082600000,0x00000000834601d0,0x0000000087a00000)
 Metaspace       used 20749K, capacity 21258K, committed 21296K, reserved 1069056K
  class space    used 2464K, capacity 2591K, committed 2608K, reserved 1048576K
Event: 4.863 GC heap after
Heap after GC invocations=6 (full 1):
 PSYoungGen      total 70656K, used 0K [0x00000000d6200000, 0x00000000dac00000, 0x0000000100000000)
  eden space 65536K, 0% used [0x00000000d6200000,0x00000000d6200000,0x00000000da200000)
  from space 5120K, 0% used [0x00000000da200000,0x00000000da200000,0x00000000da700000)
  to   space 5120K, 0% used [0x00000000da700000,0x00000000da700000,0x00000000dac00000)
 ParOldGen       total 72192K, used 13780K [0x0000000082600000, 0x0000000086c80000, 0x00000000d6200000)
  object space 72192K, 19% used [0x0000000082600000,0x00000000833752e0,0x0000000086c80000)
 Metaspace       used 20749K, capacity 21258K, committed 21296K, reserved 1069056K
  class space    used 2464K, capacity 2591K, committed 2608K, reserved 1048576K
}
Event: 5.839 GC heap before
{Heap before GC invocations=7 (full 1):
 PSYoungGen      total 70656K, used 65536K [0x00000000d6200000, 0x00000000dac00000, 0x0000000100000000)
  eden space 65536K, 100% used [0x00000000d6200000,0x00000000da200000,0x00000000da200000)
  from space 5120K, 0% used [0x00000000da200000,0x00000000da200000,0x00000000da700000)
  to   space 5120K, 0% used [0x00000000da700000,0x00000000da700000,0x00000000dac00000)
 ParOldGen       total 72192K, used 13780K [0x0000000082600000, 0x0000000086c80000, 0x00000000d6200000)
  object space 72192K, 19% used [0x0000000082600000,0x00000000833752e0,0x0000000086c80000)
 Metaspace       used 23646K, capacity 24174K, committed 24496K, reserved 1071104K
  class space    used 2777K, capacity 2902K, committed 2992K, reserved 1048576K
Event: 5.857 GC heap after
Heap after GC invocations=7 (full 1):
 PSYoungGen      total 70656K, used 5114K [0x00000000d6200000, 0x00000000dac00000, 0x0000000100000000)
  eden space 65536K, 0% used [0x00000000d6200000,0x00000000d6200000,0x00000000da200000)
  from space 5120K, 99% used [0x00000000da700000,0x00000000dabfeb50,0x00000000dac00000)
  to   space 5120K, 0% used [0x00000000da200000,0x00000000da200000,0x00000000da700000)
 ParOldGen       total 72192K, used 20098K [0x0000000082600000, 0x0000000086c80000, 0x00000000d6200000)
  object space 72192K, 27% used [0x0000000082600000,0x00000000839a0ab0,0x0000000086c80000)
 Metaspace       used 23646K, capacity 24174K, committed 24496K, reserved 1071104K
  class space    used 2777K, capacity 2902K, committed 2992K, reserved 1048576K
}

Deoptimization events (10 events):
Event: 5.341 Thread 0x000000001cb10800 Uncommon trap: reason=speculate_class_check action=maybe_recompile pc=0x00000000038b8d5c method=java.nio.charset.CharsetDecoder.reset()Ljava/nio/charset/CharsetDecoder; @ 1
Event: 5.345 Thread 0x000000001cb10800 Uncommon trap: reason=speculate_class_check action=maybe_recompile pc=0x00000000038b8d5c method=java.nio.charset.CharsetDecoder.reset()Ljava/nio/charset/CharsetDecoder; @ 1
Event: 5.368 Thread 0x000000001cb10800 Uncommon trap: reason=unstable_if action=reinterpret pc=0x0000000003aa5360 method=java.util.concurrent.ConcurrentHashMap.replaceNode(Ljava/lang/Object;Ljava/lang/Object;Ljava/lang/Object;)Ljava/lang/Object; @ 47
Event: 5.387 Thread 0x000000001cb10800 Uncommon trap: reason=unstable_if action=reinterpret pc=0x000000000363e840 method=java.io.BufferedReader.readLine(Z)Ljava/lang/String; @ 160
Event: 5.539 Thread 0x000000001cb10800 Uncommon trap: reason=unloaded action=reinterpret pc=0x00000000031dadf8 method=org.apache.tomcat.util.bcel.classfile.Constant.readConstant(Ljava/io/DataInputStream;)Lorg/apache/tomcat/util/bcel/classfile/Constant; @ 187
Event: 5.733 Thread 0x000000001cb10800 Uncommon trap: reason=unloaded action=reinterpret pc=0x0000000003619eb8 method=org.apache.tomcat.util.bcel.classfile.Constant.readConstant(Ljava/io/DataInputStream;)Lorg/apache/tomcat/util/bcel/classfile/Constant; @ 146
Event: 5.858 Thread 0x0000000019e90800 Uncommon trap: reason=unstable_if action=reinterpret pc=0x0000000003cbf318 method=java.util.WeakHashMap.eq(Ljava/lang/Object;Ljava/lang/Object;)Z @ 10
Event: 5.901 Thread 0x000000001cb10800 Uncommon trap: reason=unloaded action=reinterpret pc=0x00000000035a90c0 method=org.apache.tomcat.util.bcel.classfile.Attribute.readAttribute(Ljava/io/DataInputStream;Lorg/apache/tomcat/util/bcel/classfile/ConstantPool;)Lorg/apache/tomcat/util/bcel/classfi
Event: 5.928 Thread 0x000000001cb10800 Uncommon trap: reason=unstable_if action=reinterpret pc=0x000000000358e294 method=org.apache.tomcat.util.bcel.classfile.ConstantUtf8$1.removeEldestEntry(Ljava/util/Map$Entry;)Z @ 7
Event: 5.969 Thread 0x000000001cb10800 Uncommon trap: reason=unstable_if action=reinterpret pc=0x0000000003cb1fec method=java.util.HashMap.removeNode(ILjava/lang/Object;Ljava/lang/Object;ZZ)Ljava/util/HashMap$Node; @ 71

Internal exceptions (10 events):
Event: 1.703 Thread 0x0000000002f9d800 Implicit null exception at 0x00000000036702ca to 0x0000000003670571
Event: 1.742 Thread 0x0000000002f9d800 Implicit null exception at 0x000000000344e255 to 0x000000000344e42d
Event: 1.742 Thread 0x0000000002f9d800 Implicit null exception at 0x00000000034333af to 0x0000000003433419
Event: 1.744 Thread 0x0000000002f9d800 Implicit null exception at 0x00000000034ece3b to 0x00000000034ed57d
Event: 3.299 Thread 0x0000000002f9d800 Implicit null exception at 0x0000000003a86993 to 0x0000000003a87ca5
Event: 3.300 Thread 0x0000000002f9d800 Implicit null exception at 0x0000000003a4cd4b to 0x0000000003a4df45
Event: 3.861 Thread 0x0000000002f9d800 Exception <a 'java/io/FileNotFoundException'> (0x00000000d7371ba8) thrown at [C:\re\workspace\8-2-build-windows-amd64-cygwin\jdk8u144\9417\hotspot\src\share\vm\prims\jni.cpp, line 709]
Event: 5.196 Thread 0x000000001cb10800 Implicit null exception at 0x00000000033aec96 to 0x00000000033af031
Event: 5.196 Thread 0x000000001cb10800 Implicit null exception at 0x00000000032b8159 to 0x00000000032b851d
Event: 5.368 Thread 0x000000001cb10800 Implicit null exception at 0x0000000003aa4dfc to 0x0000000003aa532d

Events (10 events):
Event: 5.929 Thread 0x0000000019f3e000 flushing nmethod 0x0000000003b6e590
Event: 5.932 Thread 0x0000000019f3e000 flushing nmethod 0x0000000003c06250
Event: 5.932 Thread 0x0000000019f3e000 flushing nmethod 0x0000000003c1c8d0
Event: 5.969 Thread 0x000000001cb10800 Uncommon trap: trap_request=0xffffff65 fr.pc=0x0000000003cb1fec
Event: 5.969 Thread 0x000000001cb10800 DEOPT PACKING pc=0x0000000003cb1fec sp=0x000000001ee9e830
Event: 5.969 Thread 0x000000001cb10800 DEOPT UNPACKING pc=0x00000000030e582a sp=0x000000001ee9e718 mode 2
Event: 5.973 loading class org/apache/tomcat/util/bcel/classfile/ParameterAnnotationEntry
Event: 5.973 loading class org/apache/tomcat/util/bcel/classfile/ParameterAnnotationEntry done
Event: 5.973 loading class org/apache/tomcat/util/bcel/classfile/ParameterAnnotationEntry
Event: 5.973 loading class org/apache/tomcat/util/bcel/classfile/ParameterAnnotationEntry done


Dynamic libraries:
0x00007ff7b9140000 - 0x00007ff7b9177000 	E:\JAVA\jdk1.8.0_144\bin\java.exe
0x00007ffb4eac0000 - 0x00007ffb4ecb0000 	C:\WINDOWS\SYSTEM32\ntdll.dll
0x00007ffb4de20000 - 0x00007ffb4ded2000 	C:\WINDOWS\System32\KERNEL32.DLL
0x00007ffb4c530000 - 0x00007ffb4c7d4000 	C:\WINDOWS\System32\KERNELBASE.dll
0x00007ffb4e630000 - 0x00007ffb4e6d3000 	C:\WINDOWS\System32\ADVAPI32.dll
0x00007ffb4e470000 - 0x00007ffb4e50e000 	C:\WINDOWS\System32\msvcrt.dll
0x00007ffb4cd90000 - 0x00007ffb4ce27000 	C:\WINDOWS\System32\sechost.dll
0x00007ffb4e510000 - 0x00007ffb4e630000 	C:\WINDOWS\System32\RPCRT4.dll
0x00007ffb4e8e0000 - 0x00007ffb4ea74000 	C:\WINDOWS\System32\USER32.dll
0x00007ffb4c2e0000 - 0x00007ffb4c301000 	C:\WINDOWS\System32\win32u.dll
0x00007ffb4d1f0000 - 0x00007ffb4d216000 	C:\WINDOWS\System32\GDI32.dll
0x00007ffb4c310000 - 0x00007ffb4c4a4000 	C:\WINDOWS\System32\gdi32full.dll
0x00007ffb4c1d0000 - 0x00007ffb4c26e000 	C:\WINDOWS\System32\msvcp_win.dll
0x00007ffb4c990000 - 0x00007ffb4ca8a000 	C:\WINDOWS\System32\ucrtbase.dll
0x00007ffb30960000 - 0x00007ffb30be4000 	C:\WINDOWS\WinSxS\amd64_microsoft.windows.common-controls_6595b64144ccf1df_6.0.18362.836_none_e6c4b943130f18ed\COMCTL32.dll
0x00007ffb4ce30000 - 0x00007ffb4d166000 	C:\WINDOWS\System32\combase.dll
0x00007ffb4c4b0000 - 0x00007ffb4c530000 	C:\WINDOWS\System32\bcryptPrimitives.dll
0x00007ffb4e210000 - 0x00007ffb4e23e000 	C:\WINDOWS\System32\IMM32.DLL
0x000000005dde0000 - 0x000000005deb2000 	E:\JAVA\jdk1.8.0_144\jre\bin\msvcr100.dll
0x000000005c670000 - 0x000000005cf0d000 	E:\JAVA\jdk1.8.0_144\jre\bin\server\jvm.dll
0x00007ffb4cd80000 - 0x00007ffb4cd88000 	C:\WINDOWS\System32\PSAPI.DLL
0x00007ffb43d50000 - 0x00007ffb43d59000 	C:\WINDOWS\SYSTEM32\WSOCK32.dll
0x00007ffb3d710000 - 0x00007ffb3d734000 	C:\WINDOWS\SYSTEM32\WINMM.dll
0x00007ffb3f7c0000 - 0x00007ffb3f7ca000 	C:\WINDOWS\SYSTEM32\VERSION.dll
0x00007ffb4dd90000 - 0x00007ffb4ddff000 	C:\WINDOWS\System32\WS2_32.dll
0x00007ffb3d6e0000 - 0x00007ffb3d70d000 	C:\WINDOWS\SYSTEM32\WINMMBASE.dll
0x00007ffb4c270000 - 0x00007ffb4c2ba000 	C:\WINDOWS\System32\cfgmgr32.dll
0x000000005ddb0000 - 0x000000005ddbf000 	E:\JAVA\jdk1.8.0_144\jre\bin\verify.dll
0x000000005c640000 - 0x000000005c669000 	E:\JAVA\jdk1.8.0_144\jre\bin\java.dll
0x000000005c610000 - 0x000000005c633000 	E:\JAVA\jdk1.8.0_144\jre\bin\instrument.dll
0x000000005c5f0000 - 0x000000005c606000 	E:\JAVA\jdk1.8.0_144\jre\bin\zip.dll
0x00007ffb4d6a0000 - 0x00007ffb4dd84000 	C:\WINDOWS\System32\SHELL32.dll
0x00007ffb4df50000 - 0x00007ffb4dff9000 	C:\WINDOWS\System32\shcore.dll
0x00007ffb4ba50000 - 0x00007ffb4c1ce000 	C:\WINDOWS\System32\windows.storage.dll
0x00007ffb4b9b0000 - 0x00007ffb4b9d3000 	C:\WINDOWS\System32\profapi.dll
0x00007ffb4b9e0000 - 0x00007ffb4ba2a000 	C:\WINDOWS\System32\powrprof.dll
0x00007ffb4b980000 - 0x00007ffb4b990000 	C:\WINDOWS\System32\UMPDC.dll
0x00007ffb4cb70000 - 0x00007ffb4cbc2000 	C:\WINDOWS\System32\shlwapi.dll
0x00007ffb4ba30000 - 0x00007ffb4ba41000 	C:\WINDOWS\System32\kernel.appcore.dll
0x00007ffb4c2c0000 - 0x00007ffb4c2d7000 	C:\WINDOWS\System32\cryptsp.dll
0x00007ffb43930000 - 0x00007ffb4394a000 	C:\Program Files\JetBrains\IntelliJ IDEA 2017.2.4\bin\breakgen64.dll
0x000000005c5d0000 - 0x000000005c5ea000 	E:\JAVA\jdk1.8.0_144\jre\bin\net.dll
0x00007ffb4b1f0000 - 0x00007ffb4b257000 	C:\WINDOWS\system32\mswsock.dll
0x000000005c5b0000 - 0x000000005c5c1000 	E:\JAVA\jdk1.8.0_144\jre\bin\nio.dll
0x00007ffb4ad60000 - 0x00007ffb4ad93000 	C:\WINDOWS\system32\rsaenh.dll
0x00007ffb4ca90000 - 0x00007ffb4cab6000 	C:\WINDOWS\System32\bcrypt.dll
0x00007ffb4b8a0000 - 0x00007ffb4b8c5000 	C:\WINDOWS\SYSTEM32\USERENV.dll
0x00007ffb4b3c0000 - 0x00007ffb4b3cc000 	C:\WINDOWS\SYSTEM32\CRYPTBASE.dll
0x00007ffb4af00000 - 0x00007ffb4af3a000 	C:\WINDOWS\SYSTEM32\IPHLPAPI.DLL
0x00007ffb4df40000 - 0x00007ffb4df48000 	C:\WINDOWS\System32\NSI.dll
0x00007ffb40c40000 - 0x00007ffb40c56000 	C:\WINDOWS\SYSTEM32\dhcpcsvc6.DLL
0x00007ffb40c20000 - 0x00007ffb40c3c000 	C:\WINDOWS\SYSTEM32\dhcpcsvc.DLL
0x00007ffb4af40000 - 0x00007ffb4b00b000 	C:\WINDOWS\SYSTEM32\DNSAPI.dll
0x000000005dc90000 - 0x000000005dc9d000 	E:\JAVA\jdk1.8.0_144\jre\bin\management.dll

VM Arguments:
jvm_args: -Dmaven.multiModuleProjectDirectory=E:\taotao\taotao_portal-web -Dmaven.home=E:\tool\apache-maven-3.3.9 -Dclassworlds.conf=E:\tool\apache-maven-3.3.9\bin\m2.conf -javaagent:C:\Program Files\JetBrains\IntelliJ IDEA 2017.2.4\lib\idea_rt.jar=59214:C:\Program Files\JetBrains\IntelliJ IDEA 2017.2.4\bin -Dfile.encoding=UTF-8 
java_command: org.codehaus.classworlds.Launcher -Didea.version=2017.2.4 tomcat7:run
java_class_path (initial): E:\tool\apache-maven-3.3.9\boot\plexus-classworlds-2.5.2.jar;C:\Program Files\JetBrains\IntelliJ IDEA 2017.2.4\lib\idea_rt.jar
Launcher Type: SUN_STANDARD

Environment Variables:
JAVA_HOME=E:\JAVA\jdk1.8.0_144
PATH=C:\ProgramData\Oracle\Java\javapath;C:\WINDOWS\system32;C:\WINDOWS;C:\WINDOWS\System32\Wbem;C:\WINDOWS\System32\WindowsPowerShell\v1.0\;C:\WINDOWS\System32\OpenSSH\;E:\JAVA\jdk1.8.0_144\bin;E:\JAVA\jdk1.8.0_144\jre\bin;C:\Program Files\MySQL\MySQL Server 5.6\bin;E:\apache-tomcat-7.0.99\bin;E:\tool\apache-maven-3.3.9\bin\bin;C:\Program Files\Git\cmd;C:\Users\ThinkPad\AppData\Local\Microsoft\WindowsApps;
USERNAME=ThinkPad
OS=Windows_NT
PROCESSOR_IDENTIFIER=Intel64 Family 6 Model 142 Stepping 11, GenuineIntel



---------------  S Y S T E M  ---------------

OS: Windows 10.0 , 64 bit Build 18362 (10.0.18362.778)

CPU:total 8 (initial active 8) (4 cores per cpu, 2 threads per core) family 6 model 142 stepping 11, cmov, cx8, fxsr, mmx, sse, sse2, sse3, ssse3, sse4.1, sse4.2, popcnt, avx, avx2, aes, clmul, erms, 3dnowpref, lzcnt, ht, tsc, tscinvbit, bmi1, bmi2, adx

Memory: 4k page, physical 8227000k(544144k free), swap 18302408k(1060k free)

vm_info: Java HotSpot(TM) 64-Bit Server VM (25.144-b01) for windows-amd64 JRE (1.8.0_144-b01), built on Jul 21 2017 21:57:33 by "java_re" with MS VC++ 10.0 (VS2010)

time: Thu May 21 14:33:33 2020
elapsed time: 6 seconds (0d 0h 0m 6s)

