#
# There is insufficient memory for the Java Runtime Environment to continue.
# Native memory allocation (malloc) failed to allocate 32744 bytes for ChunkPool::allocate
# Possible reasons:
#   The system is out of physical RAM or swap space
#   In 32 bit mode, the process size limit was hit
# Possible solutions:
#   Reduce memory load on the system
#   Increase physical memory or swap space
#   Check if swap backing store is full
#   Use 64 bit Java on a 64 bit OS
#   Decrease Java heap size (-Xmx/-Xms)
#   Decrease number of Java threads
#   Decrease Java thread stack sizes (-Xss)
#   Set larger code cache with -XX:ReservedCodeCacheSize=
# This output file may be truncated or incomplete.
#
#  Out of Memory Error (allocation.cpp:273), pid=18252, tid=0x0000000000005028
#
# JRE version: Java(TM) SE Runtime Environment (8.0_144-b01) (build 1.8.0_144-b01)
# Java VM: Java HotSpot(TM) 64-Bit Server VM (25.144-b01 mixed mode windows-amd64 compressed oops)
# Failed to write core dump. Minidumps are not enabled by default on client versions of Windows
#

---------------  T H R E A D  ---------------

Current thread (0x000000001a22b800):  JavaThread "C2 CompilerThread2" daemon [_thread_in_native, id=20520, stack(0x000000001ab60000,0x000000001ac60000)]

Stack: [0x000000001ab60000,0x000000001ac60000]
[error occurred during error reporting (printing stack bounds), id 0xc0000005]

Native frames: (J=compiled Java code, j=interpreted, Vv=VM code, C=native code)


Current CompileTask:
C2:  65427 5456       4       java.net.URLClassLoader$1::run (5 bytes)


---------------  P R O C E S S  ---------------

Java Threads: ( => current thread )
  0x000000001c036000 JavaThread "dubbo-remoting-client-heartbeat-thread-2" daemon [_thread_blocked, id=4624, stack(0x0000000028b60000,0x0000000028c60000)]
  0x000000001c039000 JavaThread "DubboClientHandler-192.168.67.1:20881-thread-1" daemon [_thread_blocked, id=2588, stack(0x0000000028a60000,0x0000000028b60000)]
  0x000000001c035800 JavaThread "dubbo-remoting-client-heartbeat-thread-1" daemon [_thread_blocked, id=15668, stack(0x0000000001220000,0x0000000001320000)]
  0x000000001c02b800 JavaThread "DubboClientReconnectTimer-thread-2" daemon [_thread_blocked, id=18040, stack(0x0000000001120000,0x0000000001220000)]
  0x000000001c032800 JavaThread "DubboClientHandler-192.168.67.1:20880-thread-1" daemon [_thread_blocked, id=1900, stack(0x0000000001020000,0x0000000001120000)]
  0x000000001c031800 JavaThread "Hashed wheel timer #1" [_thread_blocked, id=20060, stack(0x0000000028760000,0x0000000028860000)]
  0x000000001c02c800 JavaThread "DubboClientReconnectTimer-thread-1" daemon [_thread_blocked, id=8608, stack(0x0000000028660000,0x0000000028760000)]
  0x000000001c030000 JavaThread "New I/O boss #10" daemon [_thread_in_native, id=10888, stack(0x0000000028560000,0x0000000028660000)]
  0x000000001c031000 JavaThread "New I/O worker #9" daemon [_thread_in_native, id=18932, stack(0x0000000028460000,0x0000000028560000)]
  0x000000001c02f800 JavaThread "New I/O worker #8" daemon [_thread_in_native, id=13292, stack(0x0000000028360000,0x0000000028460000)]
  0x000000001c02d000 JavaThread "New I/O worker #7" daemon [_thread_in_native, id=20568, stack(0x0000000028260000,0x0000000028360000)]
  0x000000001c02e800 JavaThread "New I/O worker #6" daemon [_thread_in_native, id=17700, stack(0x0000000028160000,0x0000000028260000)]
  0x000000001c02e000 JavaThread "New I/O worker #5" daemon [_thread_in_native, id=11520, stack(0x0000000028060000,0x0000000028160000)]
  0x000000001bbb1000 JavaThread "New I/O worker #4" daemon [_thread_in_native, id=20308, stack(0x0000000027f60000,0x0000000028060000)]
  0x000000001bbb5000 JavaThread "New I/O worker #3" daemon [_thread_in_native, id=5900, stack(0x0000000027e60000,0x0000000027f60000)]
  0x000000002368b800 JavaThread "New I/O worker #2" daemon [_thread_in_native, id=18620, stack(0x0000000027d60000,0x0000000027e60000)]
  0x0000000023838800 JavaThread "New I/O worker #1" daemon [_thread_in_native, id=14872, stack(0x0000000027c60000,0x0000000027d60000)]
  0x000000002439c800 JavaThread "DubboSaveRegistryCache-thread-1" daemon [_thread_blocked, id=9628, stack(0x0000000027b60000,0x0000000027c60000)]
  0x00000000263f2800 JavaThread "localhost-startStop-1-EventThread" daemon [_thread_blocked, id=528, stack(0x0000000027960000,0x0000000027a60000)]
  0x0000000021a18800 JavaThread "localhost-startStop-1-SendThread(192.168.67.131:2181)" daemon [_thread_in_native, id=4240, stack(0x0000000027860000,0x0000000027960000)]
  0x000000001f1d2000 JavaThread "ZkClient-EventThread-19-192.168.67.131:2181" daemon [_thread_blocked, id=5788, stack(0x0000000027660000,0x0000000027760000)]
  0x0000000024e2e800 JavaThread "DubboRegistryFailedRetryTimer-thread-1" daemon [_thread_blocked, id=20008, stack(0x0000000027560000,0x0000000027660000)]
  0x0000000024a10800 JavaThread "Thread-2" daemon [_thread_in_native, id=9940, stack(0x0000000026e60000,0x0000000026f60000)]
  0x000000001b003800 JavaThread "localhost-startStop-1" daemon [_thread_in_vm, id=11396, stack(0x0000000020500000,0x0000000020600000)]
  0x000000001ce04000 JavaThread "Tomcat-startStop-1" daemon [_thread_blocked, id=15980, stack(0x000000001ef80000,0x000000001f080000)]
  0x000000001a2c2000 JavaThread "Service Thread" daemon [_thread_blocked, id=15448, stack(0x000000001ad60000,0x000000001ae60000)]
  0x000000001a236800 JavaThread "C1 CompilerThread3" daemon [_thread_blocked, id=17536, stack(0x000000001ac60000,0x000000001ad60000)]
=>0x000000001a22b800 JavaThread "C2 CompilerThread2" daemon [_thread_in_native, id=20520, stack(0x000000001ab60000,0x000000001ac60000)]
  0x000000001a223800 JavaThread "C2 CompilerThread1" daemon [_thread_blocked, id=16476, stack(0x000000001aa60000,0x000000001ab60000)]
  0x000000001a21f800 JavaThread "C2 CompilerThread0" daemon [_thread_blocked, id=20164, stack(0x000000001a960000,0x000000001aa60000)]
  0x000000001a206000 JavaThread "Monitor Ctrl-Break" daemon [_thread_in_native, id=8028, stack(0x000000001a860000,0x000000001a960000)]
  0x000000001a1ea800 JavaThread "Attach Listener" daemon [_thread_blocked, id=21432, stack(0x000000001a760000,0x000000001a860000)]
  0x000000001a198000 JavaThread "Signal Dispatcher" daemon [_thread_blocked, id=18512, stack(0x000000001a660000,0x000000001a760000)]
  0x000000000336e000 JavaThread "Finalizer" daemon [_thread_blocked, id=20040, stack(0x000000001a560000,0x000000001a660000)]
  0x000000001826d800 JavaThread "Reference Handler" daemon [_thread_blocked, id=12784, stack(0x000000001a060000,0x000000001a160000)]
  0x000000000304d800 JavaThread "main" [_thread_blocked, id=9772, stack(0x0000000003050000,0x0000000003150000)]

Other Threads:
  0x0000000018269800 VMThread [stack: 0x0000000019f60000,0x000000001a060000] [id=17372]
  0x000000001a2e9800 WatcherThread [stack: 0x000000001ae60000,0x000000001af60000] [id=20124]

VM state:not at safepoint (normal execution)

VM Mutex/Monitor currently owned by a thread: None

Heap:
 PSYoungGen      total 299008K, used 88230K [0x00000000d6200000, 0x00000000eab00000, 0x0000000100000000)
  eden space 267264K, 33% used [0x00000000d6200000,0x00000000db829b40,0x00000000e6700000)
  from space 31744K, 0% used [0x00000000e8c00000,0x00000000e8c00000,0x00000000eab00000)
  to   space 34816K, 0% used [0x00000000e6700000,0x00000000e6700000,0x00000000e8900000)
 ParOldGen       total 96256K, used 23319K [0x0000000082600000, 0x0000000088400000, 0x00000000d6200000)
  object space 96256K, 24% used [0x0000000082600000,0x0000000083cc5f00,0x0000000088400000)
 Metaspace       used 40301K, capacity 41056K, committed 41384K, reserved 1085440K
  class space    used 4828K, capacity 5022K, committed 5040K, reserved 1048576K

Card table byte_map: [0x0000000012730000,0x0000000012b20000] byte_map_base: 0x000000001231d000

Marking Bits: (ParMarkBitMap*) 0x000000005ce8d850
 Begin Bits: [0x00000000135c0000, 0x0000000015528000)
 End Bits:   [0x0000000015528000, 0x0000000017490000)

Polling page: 0x0000000000f10000

CodeCache: size=245760Kb used=15840Kb max_used=16075Kb free=229919Kb
 bounds [0x0000000003370000, 0x0000000004340000, 0x0000000012370000]
 total_blobs=5001 nmethods=4546 adapters=367
 compilation: enabled

Compilation events (10 events):
Event: 64.795 Thread 0x000000001a236800 nmethod 5451 0x00000000034d5090 code [0x00000000034d5200, 0x00000000034d5428]
Event: 64.796 Thread 0x000000001a236800 5452       3       sun.misc.URLClassPath$2::hasMoreElements (5 bytes)
Event: 64.796 Thread 0x000000001a236800 nmethod 5452 0x000000000350a650 code [0x000000000350a7c0, 0x000000000350a948]
Event: 64.878 Thread 0x000000001a236800 5453       3       org.apache.commons.logging.impl.WeakHashtable$Referenced::getValue (8 bytes)
Event: 64.879 Thread 0x000000001a236800 nmethod 5453 0x00000000036824d0 code [0x0000000003682620, 0x0000000003682810]
Event: 64.879 Thread 0x000000001a236800 5454   !   3       sun.nio.cs.AbstractCharsetProvider::lookup (136 bytes)
Event: 64.882 Thread 0x000000001a236800 nmethod 5454 0x0000000003525d50 code [0x0000000003526080, 0x0000000003527f08]
Event: 64.883 Thread 0x000000001a236800 5455       3       sun.nio.cs.AbstractCharsetProvider$1::hasNext (10 bytes)
Event: 64.883 Thread 0x000000001a236800 nmethod 5455 0x0000000003588b50 code [0x0000000003588cc0, 0x0000000003588ee8]
Event: 65.267 Thread 0x000000001a22b800 5456       4       java.net.URLClassLoader$1::run (5 bytes)

GC Heap History (10 events):
Event: 25.447 GC heap before
{Heap before GC invocations=10 (full 1):
 PSYoungGen      total 144896K, used 144874K [0x00000000d6200000, 0x00000000e6a00000, 0x0000000100000000)
  eden space 127488K, 100% used [0x00000000d6200000,0x00000000dde80000,0x00000000dde80000)
  from space 17408K, 99% used [0x00000000df500000,0x00000000e05fa8a0,0x00000000e0600000)
  to   space 23040K, 0% used [0x00000000dde80000,0x00000000dde80000,0x00000000df500000)
 ParOldGen       total 73216K, used 25728K [0x0000000082600000, 0x0000000086d80000, 0x00000000d6200000)
  object space 73216K, 35% used [0x0000000082600000,0x0000000083f20078,0x0000000086d80000)
 Metaspace       used 23768K, capacity 24334K, committed 24496K, reserved 1071104K
  class space    used 2781K, capacity 2934K, committed 2992K, reserved 1048576K
Event: 26.598 GC heap after
Heap after GC invocations=10 (full 1):
 PSYoungGen      total 150528K, used 23029K [0x00000000d6200000, 0x00000000e5200000, 0x0000000100000000)
  eden space 127488K, 0% used [0x00000000d6200000,0x00000000d6200000,0x00000000dde80000)
  from space 23040K, 99% used [0x00000000dde80000,0x00000000df4fd6f8,0x00000000df500000)
  to   space 28160K, 0% used [0x00000000e3680000,0x00000000e3680000,0x00000000e5200000)
 ParOldGen       total 73216K, used 30313K [0x0000000082600000, 0x0000000086d80000, 0x00000000d6200000)
  object space 73216K, 41% used [0x0000000082600000,0x000000008439a448,0x0000000086d80000)
 Metaspace       used 23768K, capacity 24334K, committed 24496K, reserved 1071104K
  class space    used 2781K, capacity 2934K, committed 2992K, reserved 1048576K
}
Event: 30.326 GC heap before
{Heap before GC invocations=11 (full 1):
 PSYoungGen      total 150528K, used 150517K [0x00000000d6200000, 0x00000000e5200000, 0x0000000100000000)
  eden space 127488K, 100% used [0x00000000d6200000,0x00000000dde80000,0x00000000dde80000)
  from space 23040K, 99% used [0x00000000dde80000,0x00000000df4fd6f8,0x00000000df500000)
  to   space 28160K, 0% used [0x00000000e3680000,0x00000000e3680000,0x00000000e5200000)
 ParOldGen       total 73216K, used 30313K [0x0000000082600000, 0x0000000086d80000, 0x00000000d6200000)
  object space 73216K, 41% used [0x0000000082600000,0x000000008439a448,0x0000000086d80000)
 Metaspace       used 23768K, capacity 24334K, committed 24496K, reserved 1071104K
  class space    used 2781K, capacity 2934K, committed 2992K, reserved 1048576K
Event: 30.752 GC heap after
Heap after GC invocations=11 (full 1):
 PSYoungGen      total 212480K, used 28154K [0x00000000d6200000, 0x00000000e5c00000, 0x0000000100000000)
  eden space 184320K, 0% used [0x00000000d6200000,0x00000000d6200000,0x00000000e1600000)
  from space 28160K, 99% used [0x00000000e3680000,0x00000000e51fe870,0x00000000e5200000)
  to   space 33280K, 0% used [0x00000000e1600000,0x00000000e1600000,0x00000000e3680000)
 ParOldGen       total 73216K, used 33565K [0x0000000082600000, 0x0000000086d80000, 0x00000000d6200000)
  object space 73216K, 45% used [0x0000000082600000,0x00000000846c7730,0x0000000086d80000)
 Metaspace       used 23768K, capacity 24334K, committed 24496K, reserved 1071104K
  class space    used 2781K, capacity 2934K, committed 2992K, reserved 1048576K
}
Event: 45.274 GC heap before
{Heap before GC invocations=12 (full 1):
 PSYoungGen      total 212480K, used 212474K [0x00000000d6200000, 0x00000000e5c00000, 0x0000000100000000)
  eden space 184320K, 100% used [0x00000000d6200000,0x00000000e1600000,0x00000000e1600000)
  from space 28160K, 99% used [0x00000000e3680000,0x00000000e51fe870,0x00000000e5200000)
  to   space 33280K, 0% used [0x00000000e1600000,0x00000000e1600000,0x00000000e3680000)
 ParOldGen       total 73216K, used 33565K [0x0000000082600000, 0x0000000086d80000, 0x00000000d6200000)
  object space 73216K, 45% used [0x0000000082600000,0x00000000846c7730,0x0000000086d80000)
 Metaspace       used 33871K, capacity 34616K, committed 34992K, reserved 1079296K
  class space    used 3999K, capacity 4202K, committed 4272K, reserved 1048576K
Event: 45.726 GC heap after
Heap after GC invocations=12 (full 1):
 PSYoungGen      total 217600K, used 25039K [0x00000000d6200000, 0x00000000eae80000, 0x0000000100000000)
  eden space 184320K, 0% used [0x00000000d6200000,0x00000000d6200000,0x00000000e1600000)
  from space 33280K, 75% used [0x00000000e1600000,0x00000000e2e73fd8,0x00000000e3680000)
  to   space 35328K, 0% used [0x00000000e8c00000,0x00000000e8c00000,0x00000000eae80000)
 ParOldGen       total 73216K, used 34881K [0x0000000082600000, 0x0000000086d80000, 0x00000000d6200000)
  object space 73216K, 47% used [0x0000000082600000,0x0000000084810428,0x0000000086d80000)
 Metaspace       used 33871K, capacity 34616K, committed 34992K, reserved 1079296K
  class space    used 3999K, capacity 4202K, committed 4272K, reserved 1048576K
}
Event: 47.267 GC heap before
{Heap before GC invocations=13 (full 1):
 PSYoungGen      total 217600K, used 46100K [0x00000000d6200000, 0x00000000eae80000, 0x0000000100000000)
  eden space 184320K, 11% used [0x00000000d6200000,0x00000000d7691278,0x00000000e1600000)
  from space 33280K, 75% used [0x00000000e1600000,0x00000000e2e73fd8,0x00000000e3680000)
  to   space 35328K, 0% used [0x00000000e8c00000,0x00000000e8c00000,0x00000000eae80000)
 ParOldGen       total 73216K, used 34881K [0x0000000082600000, 0x0000000086d80000, 0x00000000d6200000)
  object space 73216K, 47% used [0x0000000082600000,0x0000000084810428,0x0000000086d80000)
 Metaspace       used 34577K, capacity 35320K, committed 35496K, reserved 1081344K
  class space    used 4077K, capacity 4266K, committed 4272K, reserved 1048576K
Event: 47.351 GC heap after
Heap after GC invocations=13 (full 1):
 PSYoungGen      total 299008K, used 8303K [0x00000000d6200000, 0x00000000eab00000, 0x0000000100000000)
  eden space 267264K, 0% used [0x00000000d6200000,0x00000000d6200000,0x00000000e6700000)
  from space 31744K, 26% used [0x00000000e8c00000,0x00000000e941bc18,0x00000000eab00000)
  to   space 34816K, 0% used [0x00000000e6700000,0x00000000e6700000,0x00000000e8900000)
 ParOldGen       total 73216K, used 35684K [0x0000000082600000, 0x0000000086d80000, 0x00000000d6200000)
  object space 73216K, 48% used [0x0000000082600000,0x00000000848d90c0,0x0000000086d80000)
 Metaspace       used 34577K, capacity 35320K, committed 35496K, reserved 1081344K
  class space    used 4077K, capacity 4266K, committed 4272K, reserved 1048576K
}
Event: 47.351 GC heap before
{Heap before GC invocations=14 (full 2):
 PSYoungGen      total 299008K, used 8303K [0x00000000d6200000, 0x00000000eab00000, 0x0000000100000000)
  eden space 267264K, 0% used [0x00000000d6200000,0x00000000d6200000,0x00000000e6700000)
  from space 31744K, 26% used [0x00000000e8c00000,0x00000000e941bc18,0x00000000eab00000)
  to   space 34816K, 0% used [0x00000000e6700000,0x00000000e6700000,0x00000000e8900000)
 ParOldGen       total 73216K, used 35684K [0x0000000082600000, 0x0000000086d80000, 0x00000000d6200000)
  object space 73216K, 48% used [0x0000000082600000,0x00000000848d90c0,0x0000000086d80000)
 Metaspace       used 34577K, capacity 35320K, committed 35496K, reserved 1081344K
  class space    used 4077K, capacity 4266K, committed 4272K, reserved 1048576K
Event: 47.900 GC heap after
Heap after GC invocations=14 (full 2):
 PSYoungGen      total 299008K, used 0K [0x00000000d6200000, 0x00000000eab00000, 0x0000000100000000)
  eden space 267264K, 0% used [0x00000000d6200000,0x00000000d6200000,0x00000000e6700000)
  from space 31744K, 0% used [0x00000000e8c00000,0x00000000e8c00000,0x00000000eab00000)
  to   space 34816K, 0% used [0x00000000e6700000,0x00000000e6700000,0x00000000e8900000)
 ParOldGen       total 96256K, used 23319K [0x0000000082600000, 0x0000000088400000, 0x00000000d6200000)
  object space 96256K, 24% used [0x0000000082600000,0x0000000083cc5f00,0x0000000088400000)
 Metaspace       used 34577K, capacity 35320K, committed 35496K, reserved 1081344K
  class space    used 4077K, capacity 4266K, committed 4272K, reserved 1048576K
}

Deoptimization events (10 events):
Event: 63.994 Thread 0x000000001b003800 Uncommon trap: reason=class_check action=maybe_recompile pc=0x0000000003b4962c method=java.util.Collections$UnmodifiableMap$UnmodifiableEntrySet$1.next()Ljava/util/Map$Entry; @ 8
Event: 63.994 Thread 0x000000001b003800 Uncommon trap: reason=class_check action=maybe_recompile pc=0x0000000003b4ba80 method=java.util.Collections$UnmodifiableMap$UnmodifiableEntrySet$UnmodifiableEntry.getKey()Ljava/lang/Object; @ 4
Event: 63.994 Thread 0x000000001b003800 Uncommon trap: reason=class_check action=maybe_recompile pc=0x0000000003b4bd00 method=java.util.Collections$UnmodifiableMap$UnmodifiableEntrySet$UnmodifiableEntry.getValue()Ljava/lang/Object; @ 4
Event: 64.000 Thread 0x000000001b003800 Uncommon trap: reason=class_check action=maybe_recompile pc=0x0000000003b4962c method=java.util.Collections$UnmodifiableMap$UnmodifiableEntrySet$1.next()Ljava/util/Map$Entry; @ 8
Event: 64.000 Thread 0x000000001b003800 Uncommon trap: reason=class_check action=maybe_recompile pc=0x0000000003b4ba80 method=java.util.Collections$UnmodifiableMap$UnmodifiableEntrySet$UnmodifiableEntry.getKey()Ljava/lang/Object; @ 4
Event: 64.000 Thread 0x000000001b003800 Uncommon trap: reason=class_check action=maybe_recompile pc=0x0000000003b4bd00 method=java.util.Collections$UnmodifiableMap$UnmodifiableEntrySet$UnmodifiableEntry.getValue()Ljava/lang/Object; @ 4
Event: 64.356 Thread 0x000000001b003800 Uncommon trap: reason=class_check action=maybe_recompile pc=0x00000000038b133c method=java.util.concurrent.ConcurrentHashMap.putVal(Ljava/lang/Object;Ljava/lang/Object;Z)Ljava/lang/Object; @ 192
Event: 64.356 Thread 0x000000001b003800 Uncommon trap: reason=class_check action=maybe_recompile pc=0x00000000038b133c method=java.util.concurrent.ConcurrentHashMap.putVal(Ljava/lang/Object;Ljava/lang/Object;Z)Ljava/lang/Object; @ 192
Event: 64.356 Thread 0x000000001b003800 Uncommon trap: reason=class_check action=maybe_recompile pc=0x00000000038b133c method=java.util.concurrent.ConcurrentHashMap.putVal(Ljava/lang/Object;Ljava/lang/Object;Z)Ljava/lang/Object; @ 192
Event: 64.357 Thread 0x000000001b003800 Uncommon trap: reason=unstable_if action=reinterpret pc=0x0000000003e79f04 method=java.util.concurrent.ConcurrentHashMap.get(Ljava/lang/Object;)Ljava/lang/Object; @ 76

Internal exceptions (10 events):
Event: 63.941 Thread 0x000000001b003800 Exception <a 'java/lang/ClassNotFoundException': java/util/HashMapCustomizer> (0x00000000d9d5dfd8) thrown at [C:\re\workspace\8-2-build-windows-amd64-cygwin\jdk8u144\9417\hotspot\src\share\vm\classfile\systemDictionary.cpp, line 210]
Event: 63.953 Thread 0x000000001b003800 Exception <a 'java/lang/ClassNotFoundException': java/util/LinkedHashMapCustomizer> (0x00000000d9d8b1c0) thrown at [C:\re\workspace\8-2-build-windows-amd64-cygwin\jdk8u144\9417\hotspot\src\share\vm\classfile\systemDictionary.cpp, line 210]
Event: 64.010 Thread 0x000000001b003800 Exception <a 'java/lang/ClassNotFoundException': org/springframework/format/support/FormattingConversionServiceFactoryBeanBeanInfo> (0x00000000d9e0c430) thrown at [C:\re\workspace\8-2-build-windows-amd64-cygwin\jdk8u144\9417\hotspot\src\share\vm\classfile
Event: 64.013 Thread 0x000000001b003800 Exception <a 'java/lang/ClassNotFoundException': org/springframework/format/support/FormattingConversionServiceFactoryBeanCustomizer> (0x00000000d9e3b048) thrown at [C:\re\workspace\8-2-build-windows-amd64-cygwin\jdk8u144\9417\hotspot\src\share\vm\classfi
Event: 64.330 Thread 0x000000001b003800 Exception <a 'java/lang/ClassNotFoundException': org/springframework/web/servlet/handler/ConversionServiceExposingInterceptorBeanInfo> (0x00000000da42f200) thrown at [C:\re\workspace\8-2-build-windows-amd64-cygwin\jdk8u144\9417\hotspot\src\share\vm\classf
Event: 64.332 Thread 0x000000001b003800 Exception <a 'java/lang/ClassNotFoundException': org/springframework/web/servlet/handler/HandlerInterceptorAdapterBeanInfo> (0x00000000da459e78) thrown at [C:\re\workspace\8-2-build-windows-amd64-cygwin\jdk8u144\9417\hotspot\src\share\vm\classfile\systemD
Event: 64.352 Thread 0x000000001b003800 Exception <a 'java/lang/ClassNotFoundException': org/springframework/web/servlet/handler/HandlerInterceptorAdapterCustomizer> (0x00000000da485eb0) thrown at [C:\re\workspace\8-2-build-windows-amd64-cygwin\jdk8u144\9417\hotspot\src\share\vm\classfile\syste
Event: 64.354 Thread 0x000000001b003800 Exception <a 'java/lang/ClassNotFoundException': org/springframework/web/servlet/handler/ConversionServiceExposingInterceptorCustomizer> (0x00000000da4b9648) thrown at [C:\re\workspace\8-2-build-windows-amd64-cygwin\jdk8u144\9417\hotspot\src\share\vm\clas
Event: 64.363 Thread 0x000000001b003800 Exception <a 'java/lang/ClassNotFoundException': org/springframework/web/servlet/handler/MappedInterceptorBeanInfo> (0x00000000da528a88) thrown at [C:\re\workspace\8-2-build-windows-amd64-cygwin\jdk8u144\9417\hotspot\src\share\vm\classfile\systemDictionar
Event: 64.365 Thread 0x000000001b003800 Exception <a 'java/lang/ClassNotFoundException': org/springframework/web/servlet/handler/MappedInterceptorCustomizer> (0x00000000da551410) thrown at [C:\re\workspace\8-2-build-windows-amd64-cygwin\jdk8u144\9417\hotspot\src\share\vm\classfile\systemDiction

Events (10 events):
Event: 65.342 loading class com/fasterxml/jackson/databind/deser/std/ContainerDeserializerBase
Event: 65.342 loading class com/fasterxml/jackson/databind/deser/std/ContainerDeserializerBase done
Event: 65.343 loading class com/fasterxml/jackson/databind/deser/std/UntypedObjectDeserializer
Event: 65.343 loading class com/fasterxml/jackson/databind/deser/std/UntypedObjectDeserializer done
Event: 65.345 loading class com/fasterxml/jackson/databind/deser/std/StringDeserializer
Event: 65.345 loading class com/fasterxml/jackson/databind/deser/std/StringDeserializer done
Event: 65.346 loading class com/fasterxml/jackson/databind/deser/std/StdScalarDeserializer
Event: 65.346 loading class com/fasterxml/jackson/databind/deser/std/StdScalarDeserializer done
Event: 65.398 loading class com/fasterxml/jackson/databind/deser/std/TokenBufferDeserializer
Event: 65.398 loading class com/fasterxml/jackson/databind/deser/std/TokenBufferDeserializer done


Dynamic libraries:
0x00007ff6d99b0000 - 0x00007ff6d99e7000 	E:\JAVA\jdk1.8.0_144\bin\java.exe
0x00007ffb4eac0000 - 0x00007ffb4ecb0000 	C:\WINDOWS\SYSTEM32\ntdll.dll
0x00007ffb4de20000 - 0x00007ffb4ded2000 	C:\WINDOWS\System32\KERNEL32.DLL
0x00007ffb4c530000 - 0x00007ffb4c7d4000 	C:\WINDOWS\System32\KERNELBASE.dll
0x00007ffb4e630000 - 0x00007ffb4e6d3000 	C:\WINDOWS\System32\ADVAPI32.dll
0x00007ffb4e470000 - 0x00007ffb4e50e000 	C:\WINDOWS\System32\msvcrt.dll
0x00007ffb4cd90000 - 0x00007ffb4ce27000 	C:\WINDOWS\System32\sechost.dll
0x00007ffb4e510000 - 0x00007ffb4e630000 	C:\WINDOWS\System32\RPCRT4.dll
0x00007ffb4e8e0000 - 0x00007ffb4ea74000 	C:\WINDOWS\System32\USER32.dll
0x00007ffb4c2e0000 - 0x00007ffb4c301000 	C:\WINDOWS\System32\win32u.dll
0x00007ffb4d1f0000 - 0x00007ffb4d216000 	C:\WINDOWS\System32\GDI32.dll
0x00007ffb4c310000 - 0x00007ffb4c4a4000 	C:\WINDOWS\System32\gdi32full.dll
0x00007ffb4c1d0000 - 0x00007ffb4c26e000 	C:\WINDOWS\System32\msvcp_win.dll
0x00007ffb4c990000 - 0x00007ffb4ca8a000 	C:\WINDOWS\System32\ucrtbase.dll
0x00007ffb30960000 - 0x00007ffb30be4000 	C:\WINDOWS\WinSxS\amd64_microsoft.windows.common-controls_6595b64144ccf1df_6.0.18362.836_none_e6c4b943130f18ed\COMCTL32.dll
0x00007ffb4ce30000 - 0x00007ffb4d166000 	C:\WINDOWS\System32\combase.dll
0x00007ffb4c4b0000 - 0x00007ffb4c530000 	C:\WINDOWS\System32\bcryptPrimitives.dll
0x00007ffb4e210000 - 0x00007ffb4e23e000 	C:\WINDOWS\System32\IMM32.DLL
0x000000005cf10000 - 0x000000005cfe2000 	E:\JAVA\jdk1.8.0_144\jre\bin\msvcr100.dll
0x000000005c670000 - 0x000000005cf0d000 	E:\JAVA\jdk1.8.0_144\jre\bin\server\jvm.dll
0x00007ffb4cd80000 - 0x00007ffb4cd88000 	C:\WINDOWS\System32\PSAPI.DLL
0x00007ffb3f7c0000 - 0x00007ffb3f7ca000 	C:\WINDOWS\SYSTEM32\VERSION.dll
0x00007ffb3f3e0000 - 0x00007ffb3f3e9000 	C:\WINDOWS\SYSTEM32\WSOCK32.dll
0x00007ffb3d710000 - 0x00007ffb3d734000 	C:\WINDOWS\SYSTEM32\WINMM.dll
0x00007ffb4dd90000 - 0x00007ffb4ddff000 	C:\WINDOWS\System32\WS2_32.dll
0x00007ffb3d6e0000 - 0x00007ffb3d70d000 	C:\WINDOWS\SYSTEM32\WINMMBASE.dll
0x00007ffb4c270000 - 0x00007ffb4c2ba000 	C:\WINDOWS\System32\cfgmgr32.dll
0x000000005ddd0000 - 0x000000005dddf000 	E:\JAVA\jdk1.8.0_144\jre\bin\verify.dll
0x000000005dcb0000 - 0x000000005dcd9000 	E:\JAVA\jdk1.8.0_144\jre\bin\java.dll
0x000000005c640000 - 0x000000005c663000 	E:\JAVA\jdk1.8.0_144\jre\bin\instrument.dll
0x000000005ddb0000 - 0x000000005ddc6000 	E:\JAVA\jdk1.8.0_144\jre\bin\zip.dll
0x00007ffb4d6a0000 - 0x00007ffb4dd84000 	C:\WINDOWS\System32\SHELL32.dll
0x00007ffb4df50000 - 0x00007ffb4dff9000 	C:\WINDOWS\System32\shcore.dll
0x00007ffb4ba50000 - 0x00007ffb4c1ce000 	C:\WINDOWS\System32\windows.storage.dll
0x00007ffb4b9b0000 - 0x00007ffb4b9d3000 	C:\WINDOWS\System32\profapi.dll
0x00007ffb4b9e0000 - 0x00007ffb4ba2a000 	C:\WINDOWS\System32\powrprof.dll
0x00007ffb4b980000 - 0x00007ffb4b990000 	C:\WINDOWS\System32\UMPDC.dll
0x00007ffb4cb70000 - 0x00007ffb4cbc2000 	C:\WINDOWS\System32\shlwapi.dll
0x00007ffb4ba30000 - 0x00007ffb4ba41000 	C:\WINDOWS\System32\kernel.appcore.dll
0x00007ffb4c2c0000 - 0x00007ffb4c2d7000 	C:\WINDOWS\System32\cryptsp.dll
0x00007ffb3e2f0000 - 0x00007ffb3e30a000 	C:\Program Files\JetBrains\IntelliJ IDEA 2017.2.4\bin\breakgen64.dll
0x000000005dc90000 - 0x000000005dcaa000 	E:\JAVA\jdk1.8.0_144\jre\bin\net.dll
0x00007ffb4b1f0000 - 0x00007ffb4b257000 	C:\WINDOWS\system32\mswsock.dll
0x000000005c620000 - 0x000000005c631000 	E:\JAVA\jdk1.8.0_144\jre\bin\nio.dll
0x00007ffb4ad60000 - 0x00007ffb4ad93000 	C:\WINDOWS\system32\rsaenh.dll
0x00007ffb4ca90000 - 0x00007ffb4cab6000 	C:\WINDOWS\System32\bcrypt.dll
0x00007ffb4b8a0000 - 0x00007ffb4b8c5000 	C:\WINDOWS\SYSTEM32\USERENV.dll
0x00007ffb4b3c0000 - 0x00007ffb4b3cc000 	C:\WINDOWS\SYSTEM32\CRYPTBASE.dll
0x00007ffb4af00000 - 0x00007ffb4af3a000 	C:\WINDOWS\SYSTEM32\IPHLPAPI.DLL
0x00007ffb4df40000 - 0x00007ffb4df48000 	C:\WINDOWS\System32\NSI.dll
0x00007ffb40c40000 - 0x00007ffb40c56000 	C:\WINDOWS\SYSTEM32\dhcpcsvc6.DLL
0x00007ffb40c20000 - 0x00007ffb40c3c000 	C:\WINDOWS\SYSTEM32\dhcpcsvc.DLL
0x00007ffb4af40000 - 0x00007ffb4b00b000 	C:\WINDOWS\SYSTEM32\DNSAPI.dll
0x000000005c610000 - 0x000000005c61d000 	E:\JAVA\jdk1.8.0_144\jre\bin\management.dll
0x00007ffb31c00000 - 0x00007ffb31c16000 	C:\WINDOWS\system32\napinsp.dll
0x00007ffb31be0000 - 0x00007ffb31bfa000 	C:\WINDOWS\system32\pnrpnsp.dll
0x00007ffb32680000 - 0x00007ffb3268e000 	C:\WINDOWS\System32\winrnr.dll
0x00007ffb41450000 - 0x00007ffb4146c000 	C:\WINDOWS\system32\NLAapi.dll
0x00007ffb440a0000 - 0x00007ffb440b5000 	C:\WINDOWS\system32\wshbth.dll
0x00007ffb42c10000 - 0x00007ffb42c1a000 	C:\Windows\System32\rasadhlp.dll
0x00007ffb408d0000 - 0x00007ffb40947000 	C:\WINDOWS\System32\fwpuclnt.dll

VM Arguments:
jvm_args: -Dmaven.multiModuleProjectDirectory=E:\taotao\taotao_portal-web -Dmaven.home=E:\tool\apache-maven-3.3.9 -Dclassworlds.conf=E:\tool\apache-maven-3.3.9\bin\m2.conf -javaagent:C:\Program Files\JetBrains\IntelliJ IDEA 2017.2.4\lib\idea_rt.jar=58176:C:\Program Files\JetBrains\IntelliJ IDEA 2017.2.4\bin -Dfile.encoding=UTF-8 
java_command: org.codehaus.classworlds.Launcher -Didea.version=2017.2.4 tomcat7:run
java_class_path (initial): E:\tool\apache-maven-3.3.9\boot\plexus-classworlds-2.5.2.jar;C:\Program Files\JetBrains\IntelliJ IDEA 2017.2.4\lib\idea_rt.jar
Launcher Type: SUN_STANDARD

Environment Variables:
JAVA_HOME=E:\JAVA\jdk1.8.0_144
PATH=C:\ProgramData\Oracle\Java\javapath;C:\WINDOWS\system32;C:\WINDOWS;C:\WINDOWS\System32\Wbem;C:\WINDOWS\System32\WindowsPowerShell\v1.0\;C:\WINDOWS\System32\OpenSSH\;E:\JAVA\jdk1.8.0_144\bin;E:\JAVA\jdk1.8.0_144\jre\bin;C:\Program Files\MySQL\MySQL Server 5.6\bin;E:\apache-tomcat-7.0.99\bin;E:\tool\apache-maven-3.3.9\bin\bin;C:\Program Files\Git\cmd;C:\Users\ThinkPad\AppData\Local\Microsoft\WindowsApps;
USERNAME=ThinkPad
OS=Windows_NT
PROCESSOR_IDENTIFIER=Intel64 Family 6 Model 142 Stepping 11, GenuineIntel



---------------  S Y S T E M  ---------------

OS: Windows 10.0 , 64 bit Build 18362 (10.0.18362.778)

CPU:total 8 (initial active 8) (4 cores per cpu, 2 threads per core) family 6 model 142 stepping 11, cmov, cx8, fxsr, mmx, sse, sse2, sse3, ssse3, sse4.1, sse4.2, popcnt, avx, avx2, aes, clmul, erms, 3dnowpref, lzcnt, ht, tsc, tscinvbit, bmi1, bmi2, adx

Memory: 4k page, physical 8227000k(899064k free), swap 18302408k(1104k free)

vm_info: Java HotSpot(TM) 64-Bit Server VM (25.144-b01) for windows-amd64 JRE (1.8.0_144-b01), built on Jul 21 2017 21:57:33 by "java_re" with MS VC++ 10.0 (VS2010)

time: Tue May 19 14:27:32 2020
elapsed time: 65 seconds (0d 0h 1m 5s)

